Log file open, 02/24/22 19:05:26
LogWindows: Failed to load 'aqProf.dll' (GetLastError=126)
LogWindows: File 'aqProf.dll' does not exist
LogWindows: Failed to load 'VtuneApi.dll' (GetLastError=126)
LogWindows: File 'VtuneApi.dll' does not exist
LogWindows: Failed to load 'VtuneApi32e.dll' (GetLastError=126)
LogWindows: File 'VtuneApi32e.dll' does not exist
LogConsoleResponse: Display: Failed to find resolution value strings in scalability ini. Falling back to default.
LogConsoleResponse: Display: Failed to find resolution value strings in scalability ini. Falling back to default.
LogInit: Display: Running engine for game: InClass20220217
LogPlatformFile: Not using cached read wrapper
LogTaskGraph: Started task graph with 5 named threads and 47 total threads with 3 sets of task threads.
LogStats: Stats thread started at 0.284309
LogICUInternationalization: ICU TimeZone Detection - Raw Offset: -5:00, Platform Override: ''
LogInit: Display: Loading text-based GConfig....
LogPluginManager: Mounting plugin MeshPainting
LogPluginManager: Mounting plugin XGEController
LogPluginManager: Mounting plugin AISupport
LogPluginManager: Mounting plugin Paper2D
LogPluginManager: Mounting plugin EnvironmentQueryEditor
LogPluginManager: Mounting plugin LightPropagationVolume
LogPluginManager: Mounting plugin LiveLink
LogPluginManager: Mounting plugin OodleNetwork
LogPluginManager: Mounting plugin GameplayCameras
LogPluginManager: Mounting plugin OodleData
LogPluginManager: Mounting plugin CameraShakePreviewer
LogPluginManager: Mounting plugin AnimationSharing
LogPluginManager: Mounting plugin CLionSourceCodeAccess
LogPluginManager: Mounting plugin KDevelopSourceCodeAccess
LogPluginManager: Mounting plugin CodeLiteSourceCodeAccess
LogPluginManager: Mounting plugin NullSourceCodeAccess
LogPluginManager: Mounting plugin PerforceSourceControl
LogPluginManager: Mounting plugin GitSourceControl
LogPluginManager: Mounting plugin PluginUtils
LogPluginManager: Mounting plugin PixWinPlugin
LogPluginManager: Mounting plugin PlasticSourceControl
LogPluginManager: Mounting plugin RiderSourceCodeAccess
LogPluginManager: Mounting plugin SubversionSourceControl
LogPluginManager: Mounting plugin UObjectPlugin
LogPluginManager: Mounting plugin DatasmithContent
LogPluginManager: Mounting plugin XCodeSourceCodeAccess
LogPluginManager: Mounting plugin VisualStudioSourceCodeAccess
LogPluginManager: Mounting plugin TextureFormatOodle
LogPluginManager: Mounting plugin VisualStudioCodeSourceCodeAccess
LogPluginManager: Mounting plugin PropertyAccessNode
LogPluginManager: Mounting plugin VariantManagerContent
LogPluginManager: Mounting plugin Niagara
LogPluginManager: Mounting plugin LuminPlatformFeatures
LogPluginManager: Mounting plugin MagicLeap
LogPluginManager: Mounting plugin MagicLeapLightEstimation
LogPluginManager: Mounting plugin MagicLeapMedia
LogPluginManager: Mounting plugin MagicLeapPassableWorld
LogPluginManager: Mounting plugin MLSDK
LogPluginManager: Mounting plugin TcpMessaging
LogPluginManager: Mounting plugin UdpMessaging
LogPluginManager: Mounting plugin ActorSequence
LogPluginManager: Mounting plugin LevelSequenceEditor
LogPluginManager: Mounting plugin MatineeToLevelSequence
LogPluginManager: Mounting plugin TemplateSequence
LogPluginManager: Mounting plugin AndroidMedia
LogPluginManager: Mounting plugin AvfMedia
LogPluginManager: Mounting plugin ImgMedia
LogPluginManager: Mounting plugin MediaCompositing
LogPluginManager: Mounting plugin MediaPlayerEditor
LogPluginManager: Mounting plugin WebMMedia
LogPluginManager: Mounting plugin WmfMedia
LogPluginManager: Mounting plugin OnlineSubsystem
LogPluginManager: Mounting plugin OnlineSubsystemNull
LogPluginManager: Mounting plugin OnlineSubsystemUtils
LogPluginManager: Mounting plugin ActorLayerUtilities
LogPluginManager: Mounting plugin AndroidDeviceProfileSelector
LogPluginManager: Mounting plugin AndroidPermission
LogPluginManager: Mounting plugin AndroidMoviePlayer
LogPluginManager: Mounting plugin AppleImageUtils
LogPluginManager: Mounting plugin AssetTags
LogPluginManager: Mounting plugin ArchVisCharacter
LogPluginManager: Mounting plugin AppleMoviePlayer
LogPluginManager: Mounting plugin AudioCapture
LogPluginManager: Mounting plugin AudioSynesthesia
LogPluginManager: Mounting plugin CableComponent
LogPluginManager: Mounting plugin ChunkDownloader
LogPluginManager: Mounting plugin CustomMeshComponent
LogPluginManager: Mounting plugin ExampleDeviceProfileSelector
LogPluginManager: Mounting plugin GoogleCloudMessaging
LogPluginManager: Mounting plugin EditableMesh
LogPluginManager: Mounting plugin GooglePAD
LogPluginManager: Mounting plugin ScreenshotTools
LogPluginManager: Mounting plugin IOSDeviceProfileSelector
LogPluginManager: Mounting plugin LinuxDeviceProfileSelector
LogPluginManager: Mounting plugin LocationServicesBPLibrary
LogPluginManager: Mounting plugin LauncherChunkInstaller
LogPluginManager: Mounting plugin MobilePatchingUtils
LogPluginManager: Mounting plugin OpenXR
LogPluginManager: Mounting plugin OpenXREyeTracker
LogPluginManager: Mounting plugin OpenXRHandTracking
LogPluginManager: Mounting plugin PhysXVehicles
LogPluginManager: Mounting plugin Takes
LogPluginManager: Mounting plugin ProceduralMeshComponent
LogPluginManager: Mounting plugin PropertyAccessEditor
LogPluginManager: Mounting plugin SignificanceManager
LogPluginManager: Mounting plugin RuntimePhysXCooking
LogPluginManager: Mounting plugin PostSplashScreen
LogPluginManager: Mounting plugin SoundFields
LogPluginManager: Mounting plugin Synthesis
LogPluginManager: Mounting plugin WindowsMoviePlayer
LogPluginManager: Mounting plugin AssetManagerEditor
LogPluginManager: Mounting plugin WebMMoviePlayer
LogPluginManager: Mounting plugin CryptoKeys
LogPluginManager: Mounting plugin CurveEditorTools
LogPluginManager: Mounting plugin DataValidation
LogPluginManager: Mounting plugin FacialAnimation
LogPluginManager: Mounting plugin MacGraphicsSwitching
LogPluginManager: Mounting plugin GameplayTagsEditor
LogPluginManager: Mounting plugin GeometryMode
LogPluginManager: Mounting plugin MobileLauncherProfileWizard
LogPluginManager: Mounting plugin MaterialAnalyzer
LogPluginManager: Mounting plugin SpeedTreeImporter
LogPluginManager: Mounting plugin PluginBrowser
LogPluginManager: Mounting plugin AlembicImporter
LogPluginManager: Mounting plugin AutomationUtils
LogPluginManager: Mounting plugin BackChannel
LogPluginManager: Mounting plugin ChaosNiagara
LogPluginManager: Mounting plugin ChaosCloth
LogPluginManager: Mounting plugin ChaosClothEditor
LogPluginManager: Mounting plugin CharacterAI
LogPluginManager: Mounting plugin ChaosEditor
LogPluginManager: Mounting plugin ChaosSolverPlugin
LogPluginManager: Mounting plugin GeometryCache
LogPluginManager: Mounting plugin GeometryCollectionPlugin
LogPluginManager: Mounting plugin GeometryProcessing
LogPluginManager: Mounting plugin MotoSynth
LogPluginManager: Mounting plugin OpenImageDenoise
LogPluginManager: Mounting plugin PlanarCut
LogPluginManager: Mounting plugin PlatformCrypto
LogPluginManager: Mounting plugin ProxyLODPlugin
LogPluginManager: Mounting plugin PythonScriptPlugin
LogPluginManager: Mounting plugin SkeletalReduction
LogPluginManager: Mounting plugin OnlineSubsystemGooglePlay
LogPluginManager: Mounting plugin OnlineSubsystemIOS
LogPluginManager: Mounting plugin OculusVR
LogPluginManager: Mounting plugin SteamVR
LogPluginManager: Mounting plugin ContentBrowserClassDataSource
LogPluginManager: Mounting plugin ContentBrowserFileDataSource
LogPluginManager: Mounting plugin ContentBrowserAssetDataSource
PixWinPlugin: PIX capture plugin failed to initialize! Check that the process is launched from PIX.
LogInit: Using libcurl 7.55.1-DEV
LogInit:  - built for x86_64-pc-win32
LogInit:  - supports SSL with OpenSSL/1.1.1
LogInit:  - supports HTTP deflate (compression) using libz 1.2.8
LogInit:  - other features:
LogInit:      CURL_VERSION_SSL
LogInit:      CURL_VERSION_LIBZ
LogInit:      CURL_VERSION_IPV6
LogInit:      CURL_VERSION_ASYNCHDNS
LogInit:      CURL_VERSION_LARGEFILE
LogInit:      CURL_VERSION_IDN
LogInit:  CurlRequestOptions (configurable via config and command line):
LogInit:  - bVerifyPeer = true  - Libcurl will verify peer certificate
LogInit:  - bUseHttpProxy = false  - Libcurl will NOT use HTTP proxy
LogInit:  - bDontReuseConnections = false  - Libcurl will reuse connections
LogInit:  - MaxHostConnections = 16  - Libcurl will limit the number of connections to a host
LogInit:  - LocalHostAddr = Default
LogInit:  - BufferSize = 65536
LogOnline: OSS: Creating online subsystem instance for: NULL
LogInit: WinSock: version 1.1 (2.2), MaxSocks=32767, MaxUdp=65467
LogOnline: OSS: TryLoadSubsystemAndSetDefault: Loaded subsystem for module [NULL]
LogOculusPluginWrapper: OculusPlugin initialized successfully
LogHMD: Failed initializing OVRPlugin 1.59.0
LogInit: Build: ++UE4+Release-4.27-CL-18319896
LogInit: Engine Version: 4.27.2-18319896+++UE4+Release-4.27
LogInit: Compatible Engine Version: 4.27.0-17155196+++UE4+Release-4.27
LogInit: Net CL: 17155196
LogInit: OS: Windows 10 (Release 2009) (), CPU: Intel(R) Xeon(R) W-2145 CPU @ 3.70GHz, GPU: NVIDIA GeForce GTX 1080
LogInit: Compiled (64-bit): Nov 30 2021 07:12:08
LogInit: Compiled with Visual C++: 19.24.28315.00
LogInit: Build Configuration: Development
LogInit: Branch Name: ++UE4+Release-4.27
LogInit: Command Line:  -EpicPortal -epicusername=Chiyo729 -epicuserid=c231739d22b448e0bcc413e3a53cdf31 -epiclocale=en
LogInit: Base Directory: C:/Program Files/Epic Games/UE_4.27/Engine/Binaries/Win64/
LogInit: Allocator: TBB
LogInit: Installed Engine Build: 1
LogDevObjectVersion: Number of dev versions registered: 29
LogDevObjectVersion:   Dev-Blueprints (B0D832E4-1F89-4F0D-ACCF-7EB736FD4AA2): 10
LogDevObjectVersion:   Dev-Build (E1C64328-A22C-4D53-A36C-8E866417BD8C): 0
LogDevObjectVersion:   Dev-Core (375EC13C-06E4-48FB-B500-84F0262A717E): 4
LogDevObjectVersion:   Dev-Editor (E4B068ED-F494-42E9-A231-DA0B2E46BB41): 40
LogDevObjectVersion:   Dev-Framework (CFFC743F-43B0-4480-9391-14DF171D2073): 37
LogDevObjectVersion:   Dev-Mobile (B02B49B5-BB20-44E9-A304-32B752E40360): 3
LogDevObjectVersion:   Dev-Networking (A4E4105C-59A1-49B5-A7C5-40C4547EDFEE): 0
LogDevObjectVersion:   Dev-Online (39C831C9-5AE6-47DC-9A44-9C173E1C8E7C): 0
LogDevObjectVersion:   Dev-Physics (78F01B33-EBEA-4F98-B9B4-84EACCB95AA2): 14
LogDevObjectVersion:   Dev-Platform (6631380F-2D4D-43E0-8009-CF276956A95A): 0
LogDevObjectVersion:   Dev-Rendering (12F88B9F-8875-4AFC-A67C-D90C383ABD29): 45
LogDevObjectVersion:   Dev-Sequencer (7B5AE74C-D270-4C10-A958-57980B212A5A): 13
LogDevObjectVersion:   Dev-VR (D7296918-1DD6-4BDD-9DE2-64A83CC13884): 3
LogDevObjectVersion:   Dev-LoadTimes (C2A15278-BFE7-4AFE-6C17-90FF531DF755): 1
LogDevObjectVersion:   Private-Geometry (6EACA3D4-40EC-4CC1-B786-8BED09428FC5): 3
LogDevObjectVersion:   Dev-AnimPhys (29E575DD-E0A3-4627-9D10-D276232CDCEA): 17
LogDevObjectVersion:   Dev-Anim (AF43A65D-7FD3-4947-9873-3E8ED9C1BB05): 15
LogDevObjectVersion:   Dev-ReflectionCapture (6B266CEC-1EC7-4B8F-A30B-E4D90942FC07): 1
LogDevObjectVersion:   Dev-Automation (0DF73D61-A23F-47EA-B727-89E90C41499A): 1
LogDevObjectVersion:   FortniteMain (601D1886-AC64-4F84-AA16-D3DE0DEAC7D6): 47
LogDevObjectVersion:   FortniteRelease (E7086368-6B23-4C58-8439-1B7016265E91): 1
LogDevObjectVersion:   Dev-Enterprise (9DFFBCD6-494F-0158-E221-12823C92A888): 10
LogDevObjectVersion:   Dev-Niagara (F2AED0AC-9AFE-416F-8664-AA7FFA26D6FC): 1
LogDevObjectVersion:   Dev-Destruction (174F1F0B-B4C6-45A5-B13F-2EE8D0FB917D): 10
LogDevObjectVersion:   Dev-Physics-Ext (35F94A83-E258-406C-A318-09F59610247C): 41
LogDevObjectVersion:   Dev-PhysicsMaterial-Chaos (B68FC16E-8B1B-42E2-B453-215C058844FE): 1
LogDevObjectVersion:   Dev-CineCamera (B2E18506-4273-CFC2-A54E-F4BB758BBA07): 1
LogDevObjectVersion:   Dev-VirtualProduction (64F58936-FD1B-42BA-BA96-7289D5D0FA4E): 1
LogDevObjectVersion:   Dev-MediaFramework (6F0ED827-A609-4895-9C91-998D90180EA4): 2
LogInit: Presizing for max 25165824 objects, including 0 objects not considered by GC, pre-allocating 0 bytes for permanent pool.
LogConfig: Applying CVar settings from Section [/Script/Engine.StreamingSettings] File [Z:/IGMProfile/Documents/GitHub/IGME797/InClass20220217/Saved/Config/Windows/Engine.ini]
LogConfig: Setting CVar [[s.MinBulkDataSizeForAsyncLoading:131072]]
LogConfig: Setting CVar [[s.AsyncLoadingThreadEnabled:0]]
LogConfig: Setting CVar [[s.EventDrivenLoaderEnabled:1]]
LogConfig: Setting CVar [[s.WarnIfTimeLimitExceeded:0]]
LogConfig: Setting CVar [[s.TimeLimitExceededMultiplier:1.5]]
LogConfig: Setting CVar [[s.TimeLimitExceededMinTime:0.005]]
LogConfig: Setting CVar [[s.UseBackgroundLevelStreaming:1]]
LogConfig: Setting CVar [[s.PriorityAsyncLoadingExtraTime:15.0]]
LogConfig: Setting CVar [[s.LevelStreamingActorsUpdateTimeLimit:5.0]]
LogConfig: Setting CVar [[s.PriorityLevelStreamingActorsUpdateExtraTime:5.0]]
LogConfig: Setting CVar [[s.LevelStreamingComponentsRegistrationGranularity:10]]
LogConfig: Setting CVar [[s.UnregisterComponentsTimeLimit:1.0]]
LogConfig: Setting CVar [[s.LevelStreamingComponentsUnregistrationGranularity:5]]
LogConfig: Setting CVar [[s.FlushStreamingOnExit:1]]
LogInit: Object subsystem initialized
LogConfig: Setting CVar [[con.DebugEarlyDefault:1]]
LogConfig: Setting CVar [[r.setres:1280x720]]
[2022.02.25-00.05.28:645][  0]LogConfig: Setting CVar [[r.VSync:0]]
[2022.02.25-00.05.28:645][  0]LogConfig: Setting CVar [[r.RHICmdBypass:0]]
[2022.02.25-00.05.28:645][  0]LogConfig: Applying CVar settings from Section [/Script/Engine.RendererSettings] File [Z:/IGMProfile/Documents/GitHub/IGME797/InClass20220217/Saved/Config/Windows/Engine.ini]
[2022.02.25-00.05.28:645][  0]LogConfig: Setting CVar [[r.GPUCrashDebugging:0]]
[2022.02.25-00.05.28:645][  0]LogConfig: Applying CVar settings from Section [/Script/Engine.RendererOverrideSettings] File [Z:/IGMProfile/Documents/GitHub/IGME797/InClass20220217/Saved/Config/Windows/Engine.ini]
[2022.02.25-00.05.28:645][  0]LogConfig: Applying CVar settings from Section [/Script/Engine.StreamingSettings] File [Z:/IGMProfile/Documents/GitHub/IGME797/InClass20220217/Saved/Config/Windows/Engine.ini]
[2022.02.25-00.05.28:645][  0]LogConfig: Setting CVar [[s.MinBulkDataSizeForAsyncLoading:131072]]
[2022.02.25-00.05.28:645][  0]LogConfig: Setting CVar [[s.AsyncLoadingThreadEnabled:0]]
[2022.02.25-00.05.28:645][  0]LogConfig: Setting CVar [[s.EventDrivenLoaderEnabled:1]]
[2022.02.25-00.05.28:645][  0]LogConfig: Setting CVar [[s.WarnIfTimeLimitExceeded:0]]
[2022.02.25-00.05.28:645][  0]LogConfig: Setting CVar [[s.TimeLimitExceededMultiplier:1.5]]
[2022.02.25-00.05.28:645][  0]LogConfig: Setting CVar [[s.TimeLimitExceededMinTime:0.005]]
[2022.02.25-00.05.28:645][  0]LogConfig: Setting CVar [[s.UseBackgroundLevelStreaming:1]]
[2022.02.25-00.05.28:645][  0]LogConfig: Setting CVar [[s.PriorityAsyncLoadingExtraTime:15.0]]
[2022.02.25-00.05.28:645][  0]LogConfig: Setting CVar [[s.LevelStreamingActorsUpdateTimeLimit:5.0]]
[2022.02.25-00.05.28:645][  0]LogConfig: Setting CVar [[s.PriorityLevelStreamingActorsUpdateExtraTime:5.0]]
[2022.02.25-00.05.28:645][  0]LogConfig: Setting CVar [[s.LevelStreamingComponentsRegistrationGranularity:10]]
[2022.02.25-00.05.28:645][  0]LogConfig: Setting CVar [[s.UnregisterComponentsTimeLimit:1.0]]
[2022.02.25-00.05.28:645][  0]LogConfig: Setting CVar [[s.LevelStreamingComponentsUnregistrationGranularity:5]]
[2022.02.25-00.05.28:645][  0]LogConfig: Setting CVar [[s.FlushStreamingOnExit:1]]
[2022.02.25-00.05.28:645][  0]LogConfig: Applying CVar settings from Section [/Script/Engine.GarbageCollectionSettings] File [Z:/IGMProfile/Documents/GitHub/IGME797/InClass20220217/Saved/Config/Windows/Engine.ini]
[2022.02.25-00.05.28:645][  0]LogConfig: Setting CVar [[gc.MaxObjectsNotConsideredByGC:1]]
[2022.02.25-00.05.28:645][  0]LogConfig: Setting CVar [[gc.SizeOfPermanentObjectPool:0]]
[2022.02.25-00.05.28:645][  0]LogConfig: Setting CVar [[gc.FlushStreamingOnGC:0]]
[2022.02.25-00.05.28:645][  0]LogConfig: Setting CVar [[gc.NumRetriesBeforeForcingGC:10]]
[2022.02.25-00.05.28:645][  0]LogConfig: Setting CVar [[gc.AllowParallelGC:1]]
[2022.02.25-00.05.28:645][  0]LogConfig: Setting CVar [[gc.TimeBetweenPurgingPendingKillObjects:61.1]]
[2022.02.25-00.05.28:645][  0]LogConfig: Setting CVar [[gc.MaxObjectsInEditor:25165824]]
[2022.02.25-00.05.28:645][  0]LogConfig: Setting CVar [[gc.IncrementalBeginDestroyEnabled:1]]
[2022.02.25-00.05.28:645][  0]LogConfig: Setting CVar [[gc.CreateGCClusters:1]]
[2022.02.25-00.05.28:645][  0]LogConfig: Setting CVar [[gc.MinGCClusterSize:5]]
[2022.02.25-00.05.28:645][  0]LogConfig: Setting CVar [[gc.ActorClusteringEnabled:0]]
[2022.02.25-00.05.28:645][  0]LogConfig: Setting CVar [[gc.BlueprintClusteringEnabled:0]]
[2022.02.25-00.05.28:645][  0]LogConfig: Setting CVar [[gc.UseDisregardForGCOnDedicatedServers:0]]
[2022.02.25-00.05.28:645][  0]LogConfig: Setting CVar [[gc.MultithreadedDestructionEnabled:1]]
[2022.02.25-00.05.28:645][  0]LogConfig: Applying CVar settings from Section [/Script/Engine.NetworkSettings] File [Z:/IGMProfile/Documents/GitHub/IGME797/InClass20220217/Saved/Config/Windows/Engine.ini]
[2022.02.25-00.05.28:645][  0]LogConfig: Applying CVar settings from Section [/Script/UnrealEd.CookerSettings] File [Z:/IGMProfile/Documents/GitHub/IGME797/InClass20220217/Saved/Config/Windows/Engine.ini]
[2022.02.25-00.05.28:674][  0]LogConfig: Applying CVar settings from Section [ViewDistanceQuality@3] File [Z:/IGMProfile/Documents/GitHub/IGME797/InClass20220217/Saved/Config/Windows/Scalability.ini]
[2022.02.25-00.05.28:674][  0]LogConfig: Setting CVar [[r.SkeletalMeshLODBias:0]]
[2022.02.25-00.05.28:674][  0]LogConfig: Setting CVar [[r.ViewDistanceScale:1.0]]
[2022.02.25-00.05.28:674][  0]LogConfig: Applying CVar settings from Section [AntiAliasingQuality@3] File [Z:/IGMProfile/Documents/GitHub/IGME797/InClass20220217/Saved/Config/Windows/Scalability.ini]
[2022.02.25-00.05.28:674][  0]LogConfig: Setting CVar [[r.PostProcessAAQuality:4]]
[2022.02.25-00.05.28:674][  0]LogConfig: Applying CVar settings from Section [ShadowQuality@3] File [Z:/IGMProfile/Documents/GitHub/IGME797/InClass20220217/Saved/Config/Windows/Scalability.ini]
[2022.02.25-00.05.28:674][  0]LogConfig: Setting CVar [[r.LightFunctionQuality:1]]
[2022.02.25-00.05.28:674][  0]LogConfig: Setting CVar [[r.ShadowQuality:5]]
[2022.02.25-00.05.28:674][  0]LogConfig: Setting CVar [[r.Shadow.CSM.MaxCascades:10]]
[2022.02.25-00.05.28:674][  0]LogConfig: Setting CVar [[r.Shadow.MaxResolution:2048]]
[2022.02.25-00.05.28:674][  0]LogConfig: Setting CVar [[r.Shadow.MaxCSMResolution:2048]]
[2022.02.25-00.05.28:674][  0]LogConfig: Setting CVar [[r.Shadow.RadiusThreshold:0.01]]
[2022.02.25-00.05.28:674][  0]LogConfig: Setting CVar [[r.Shadow.DistanceScale:1.0]]
[2022.02.25-00.05.28:675][  0]LogConfig: Setting CVar [[r.Shadow.CSM.TransitionScale:1.0]]
[2022.02.25-00.05.28:675][  0]LogConfig: Setting CVar [[r.Shadow.PreShadowResolutionFactor:1.0]]
[2022.02.25-00.05.28:675][  0]LogConfig: Setting CVar [[r.DistanceFieldShadowing:1]]
[2022.02.25-00.05.28:675][  0]LogConfig: Setting CVar [[r.DistanceFieldAO:1]]
[2022.02.25-00.05.28:675][  0]LogConfig: Setting CVar [[r.AOQuality:2]]
[2022.02.25-00.05.28:675][  0]LogConfig: Setting CVar [[r.VolumetricFog:1]]
[2022.02.25-00.05.28:675][  0]LogConfig: Setting CVar [[r.VolumetricFog.GridPixelSize:8]]
[2022.02.25-00.05.28:675][  0]LogConfig: Setting CVar [[r.VolumetricFog.GridSizeZ:128]]
[2022.02.25-00.05.28:675][  0]LogConfig: Setting CVar [[r.VolumetricFog.HistoryMissSupersampleCount:4]]
[2022.02.25-00.05.28:675][  0]LogConfig: Setting CVar [[r.LightMaxDrawDistanceScale:1]]
[2022.02.25-00.05.28:675][  0]LogConfig: Setting CVar [[r.CapsuleShadows:1]]
[2022.02.25-00.05.28:675][  0]LogConfig: Applying CVar settings from Section [PostProcessQuality@3] File [Z:/IGMProfile/Documents/GitHub/IGME797/InClass20220217/Saved/Config/Windows/Scalability.ini]
[2022.02.25-00.05.28:675][  0]LogConfig: Setting CVar [[r.MotionBlurQuality:4]]
[2022.02.25-00.05.28:675][  0]LogConfig: Setting CVar [[r.AmbientOcclusionMipLevelFactor:0.4]]
[2022.02.25-00.05.28:675][  0]LogConfig: Setting CVar [[r.AmbientOcclusionMaxQuality:100]]
[2022.02.25-00.05.28:675][  0]LogConfig: Setting CVar [[r.AmbientOcclusionLevels:-1]]
[2022.02.25-00.05.28:675][  0]LogConfig: Setting CVar [[r.AmbientOcclusionRadiusScale:1.0]]
[2022.02.25-00.05.28:675][  0]LogConfig: Setting CVar [[r.DepthOfFieldQuality:2]]
[2022.02.25-00.05.28:675][  0]LogConfig: Setting CVar [[r.RenderTargetPoolMin:400]]
[2022.02.25-00.05.28:675][  0]LogConfig: Setting CVar [[r.LensFlareQuality:2]]
[2022.02.25-00.05.28:675][  0]LogConfig: Setting CVar [[r.SceneColorFringeQuality:1]]
[2022.02.25-00.05.28:675][  0]LogConfig: Setting CVar [[r.EyeAdaptationQuality:2]]
[2022.02.25-00.05.28:675][  0]LogConfig: Setting CVar [[r.BloomQuality:5]]
[2022.02.25-00.05.28:675][  0]LogConfig: Setting CVar [[r.FastBlurThreshold:100]]
[2022.02.25-00.05.28:675][  0]LogConfig: Setting CVar [[r.Upscale.Quality:3]]
[2022.02.25-00.05.28:675][  0]LogConfig: Setting CVar [[r.Tonemapper.GrainQuantization:1]]
[2022.02.25-00.05.28:675][  0]LogConfig: Setting CVar [[r.LightShaftQuality:1]]
[2022.02.25-00.05.28:675][  0]LogConfig: Setting CVar [[r.Filter.SizeScale:1]]
[2022.02.25-00.05.28:675][  0]LogConfig: Setting CVar [[r.Tonemapper.Quality:5]]
[2022.02.25-00.05.28:675][  0]LogConfig: Setting CVar [[r.DOF.Gather.AccumulatorQuality:1        ; higher gathering accumulator quality]]
[2022.02.25-00.05.28:675][  0]LogConfig: Setting CVar [[r.DOF.Gather.PostfilterMethod:1          ; Median3x3 postfilering method]]
[2022.02.25-00.05.28:675][  0]LogConfig: Setting CVar [[r.DOF.Gather.EnableBokehSettings:0       ; no bokeh simulation when gathering]]
[2022.02.25-00.05.28:675][  0]LogConfig: Setting CVar [[r.DOF.Gather.RingCount:4                 ; medium number of samples when gathering]]
[2022.02.25-00.05.28:675][  0]LogConfig: Setting CVar [[r.DOF.Scatter.ForegroundCompositing:1    ; additive foreground scattering]]
[2022.02.25-00.05.28:675][  0]LogConfig: Setting CVar [[r.DOF.Scatter.BackgroundCompositing:2    ; additive background scattering]]
[2022.02.25-00.05.28:675][  0]LogConfig: Setting CVar [[r.DOF.Scatter.EnableBokehSettings:1      ; bokeh simulation when scattering]]
[2022.02.25-00.05.28:675][  0]LogConfig: Setting CVar [[r.DOF.Scatter.MaxSpriteRatio:0.1         ; only a maximum of 10% of scattered bokeh]]
[2022.02.25-00.05.28:675][  0]LogConfig: Setting CVar [[r.DOF.Recombine.Quality:1                ; cheap slight out of focus]]
[2022.02.25-00.05.28:675][  0]LogConfig: Setting CVar [[r.DOF.Recombine.EnableBokehSettings:0    ; no bokeh simulation on slight out of focus]]
[2022.02.25-00.05.28:675][  0]LogConfig: Setting CVar [[r.DOF.TemporalAAQuality:1                ; more stable temporal accumulation]]
[2022.02.25-00.05.28:675][  0]LogConfig: Setting CVar [[r.DOF.Kernel.MaxForegroundRadius:0.025]]
[2022.02.25-00.05.28:675][  0]LogConfig: Setting CVar [[r.DOF.Kernel.MaxBackgroundRadius:0.025]]
[2022.02.25-00.05.28:675][  0]LogConfig: Applying CVar settings from Section [TextureQuality@3] File [Z:/IGMProfile/Documents/GitHub/IGME797/InClass20220217/Saved/Config/Windows/Scalability.ini]
[2022.02.25-00.05.28:675][  0]LogConfig: Setting CVar [[r.Streaming.MipBias:0]]
[2022.02.25-00.05.28:675][  0]LogConfig: Setting CVar [[r.Streaming.AmortizeCPUToGPUCopy:0]]
[2022.02.25-00.05.28:675][  0]LogConfig: Setting CVar [[r.Streaming.MaxNumTexturesToStreamPerFrame:0]]
[2022.02.25-00.05.28:675][  0]LogConfig: Setting CVar [[r.Streaming.Boost:1]]
[2022.02.25-00.05.28:675][  0]LogConfig: Setting CVar [[r.MaxAnisotropy:8]]
[2022.02.25-00.05.28:675][  0]LogConfig: Setting CVar [[r.VT.MaxAnisotropy:8]]
[2022.02.25-00.05.28:675][  0]LogConfig: Setting CVar [[r.Streaming.LimitPoolSizeToVRAM:0]]
[2022.02.25-00.05.28:675][  0]LogConfig: Setting CVar [[r.Streaming.PoolSize:1000]]
[2022.02.25-00.05.28:675][  0]LogConfig: Setting CVar [[r.Streaming.MaxEffectiveScreenSize:0]]
[2022.02.25-00.05.28:675][  0]LogConfig: Applying CVar settings from Section [EffectsQuality@3] File [Z:/IGMProfile/Documents/GitHub/IGME797/InClass20220217/Saved/Config/Windows/Scalability.ini]
[2022.02.25-00.05.28:675][  0]LogConfig: Setting CVar [[r.TranslucencyLightingVolumeDim:64]]
[2022.02.25-00.05.28:675][  0]LogConfig: Setting CVar [[r.RefractionQuality:2]]
[2022.02.25-00.05.28:675][  0]LogConfig: Setting CVar [[r.SSR.Quality:3]]
[2022.02.25-00.05.28:675][  0]LogConfig: Setting CVar [[r.SSR.HalfResSceneColor:0]]
[2022.02.25-00.05.28:675][  0]LogConfig: Setting CVar [[r.SceneColorFormat:4]]
[2022.02.25-00.05.28:675][  0]LogConfig: Setting CVar [[r.DetailMode:2]]
[2022.02.25-00.05.28:675][  0]LogConfig: Setting CVar [[r.TranslucencyVolumeBlur:1]]
[2022.02.25-00.05.28:675][  0]LogConfig: Setting CVar [[r.MaterialQualityLevel:1 ; High quality]]
[2022.02.25-00.05.28:675][  0]LogConfig: Setting CVar [[r.AnisotropicMaterials:1]]
[2022.02.25-00.05.28:675][  0]LogConfig: Setting CVar [[r.SSS.Scale:1]]
[2022.02.25-00.05.28:675][  0]LogConfig: Setting CVar [[r.SSS.SampleSet:2]]
[2022.02.25-00.05.28:675][  0]LogConfig: Setting CVar [[r.SSS.Quality:1]]
[2022.02.25-00.05.28:675][  0]LogConfig: Setting CVar [[r.SSS.HalfRes:0]]
[2022.02.25-00.05.28:675][  0]LogConfig: Setting CVar [[r.SSGI.Quality:3]]
[2022.02.25-00.05.28:675][  0]LogConfig: Setting CVar [[r.EmitterSpawnRateScale:1.0]]
[2022.02.25-00.05.28:675][  0]LogConfig: Setting CVar [[r.ParticleLightQuality:2]]
[2022.02.25-00.05.28:675][  0]LogConfig: Setting CVar [[r.SkyAtmosphere.AerialPerspectiveLUT.FastApplyOnOpaque:1 ; Always have FastSkyLUT 1 in this case to avoid wrong sky]]
[2022.02.25-00.05.28:675][  0]LogConfig: Setting CVar [[r.SkyAtmosphere.AerialPerspectiveLUT.SampleCountMaxPerSlice:4]]
[2022.02.25-00.05.28:675][  0]LogConfig: Setting CVar [[r.SkyAtmosphere.AerialPerspectiveLUT.DepthResolution:16.0]]
[2022.02.25-00.05.28:675][  0]LogConfig: Setting CVar [[r.SkyAtmosphere.FastSkyLUT:1]]
[2022.02.25-00.05.28:675][  0]LogConfig: Setting CVar [[r.SkyAtmosphere.FastSkyLUT.SampleCountMin:4.0]]
[2022.02.25-00.05.28:675][  0]LogConfig: Setting CVar [[r.SkyAtmosphere.FastSkyLUT.SampleCountMax:128.0]]
[2022.02.25-00.05.28:675][  0]LogConfig: Setting CVar [[r.SkyAtmosphere.SampleCountMin:4.0]]
[2022.02.25-00.05.28:675][  0]LogConfig: Setting CVar [[r.SkyAtmosphere.SampleCountMax:128.0]]
[2022.02.25-00.05.28:675][  0]LogConfig: Setting CVar [[r.SkyAtmosphere.TransmittanceLUT.UseSmallFormat:0]]
[2022.02.25-00.05.28:675][  0]LogConfig: Setting CVar [[r.SkyAtmosphere.TransmittanceLUT.SampleCount:10.0]]
[2022.02.25-00.05.28:675][  0]LogConfig: Setting CVar [[r.SkyAtmosphere.MultiScatteringLUT.SampleCount:15.0]]
[2022.02.25-00.05.28:675][  0]LogConfig: Setting CVar [[r.SkyLight.RealTimeReflectionCapture:1]]
[2022.02.25-00.05.28:675][  0]LogConfig: Applying CVar settings from Section [FoliageQuality@3] File [Z:/IGMProfile/Documents/GitHub/IGME797/InClass20220217/Saved/Config/Windows/Scalability.ini]
[2022.02.25-00.05.28:675][  0]LogConfig: Setting CVar [[foliage.DensityScale:1.0]]
[2022.02.25-00.05.28:675][  0]LogConfig: Setting CVar [[grass.DensityScale:1.0]]
[2022.02.25-00.05.28:675][  0]LogConfig: Applying CVar settings from Section [ShadingQuality@3] File [Z:/IGMProfile/Documents/GitHub/IGME797/InClass20220217/Saved/Config/Windows/Scalability.ini]
[2022.02.25-00.05.28:675][  0]LogConfig: Setting CVar [[r.HairStrands.SkyLighting.IntegrationType:2]]
[2022.02.25-00.05.28:675][  0]LogConfig: Setting CVar [[r.HairStrands.SkyAO.SampleCount:4]]
[2022.02.25-00.05.28:675][  0]LogConfig: Setting CVar [[r.HairStrands.Visibility.MSAA.SamplePerPixel:4]]
[2022.02.25-00.05.28:675][  0]LogInit: Selected Device Profile: [Windows]
[2022.02.25-00.05.28:676][  0]LogInit: Applying CVar settings loaded from the selected device profile: [Windows]
[2022.02.25-00.05.28:676][  0]LogHAL: Display: Platform has ~ 32 GB [34019000320 / 34359738368 / 32], which maps to Largest [LargestMinGB=32, LargerMinGB=12, DefaultMinGB=8, SmallerMinGB=6, SmallestMinGB=0)
[2022.02.25-00.05.28:676][  0]LogInit: Going up to parent DeviceProfile []
[2022.02.25-00.05.28:676][  0]LogConfig: Applying CVar settings from Section [ViewDistanceQuality@3] File [Z:/IGMProfile/Documents/GitHub/IGME797/InClass20220217/Saved/Config/Windows/Scalability.ini]
[2022.02.25-00.05.28:676][  0]LogConfig: Setting CVar [[r.SkeletalMeshLODBias:0]]
[2022.02.25-00.05.28:676][  0]LogConfig: Setting CVar [[r.ViewDistanceScale:1.0]]
[2022.02.25-00.05.28:676][  0]LogConfig: Applying CVar settings from Section [AntiAliasingQuality@3] File [Z:/IGMProfile/Documents/GitHub/IGME797/InClass20220217/Saved/Config/Windows/Scalability.ini]
[2022.02.25-00.05.28:676][  0]LogConfig: Setting CVar [[r.PostProcessAAQuality:4]]
[2022.02.25-00.05.28:676][  0]LogConfig: Applying CVar settings from Section [ShadowQuality@3] File [Z:/IGMProfile/Documents/GitHub/IGME797/InClass20220217/Saved/Config/Windows/Scalability.ini]
[2022.02.25-00.05.28:676][  0]LogConfig: Setting CVar [[r.LightFunctionQuality:1]]
[2022.02.25-00.05.28:676][  0]LogConfig: Setting CVar [[r.ShadowQuality:5]]
[2022.02.25-00.05.28:676][  0]LogConfig: Setting CVar [[r.Shadow.CSM.MaxCascades:10]]
[2022.02.25-00.05.28:676][  0]LogConfig: Setting CVar [[r.Shadow.MaxResolution:2048]]
[2022.02.25-00.05.28:676][  0]LogConfig: Setting CVar [[r.Shadow.MaxCSMResolution:2048]]
[2022.02.25-00.05.28:676][  0]LogConfig: Setting CVar [[r.Shadow.RadiusThreshold:0.01]]
[2022.02.25-00.05.28:676][  0]LogConfig: Setting CVar [[r.Shadow.DistanceScale:1.0]]
[2022.02.25-00.05.28:676][  0]LogConfig: Setting CVar [[r.Shadow.CSM.TransitionScale:1.0]]
[2022.02.25-00.05.28:676][  0]LogConfig: Setting CVar [[r.Shadow.PreShadowResolutionFactor:1.0]]
[2022.02.25-00.05.28:676][  0]LogConfig: Setting CVar [[r.DistanceFieldShadowing:1]]
[2022.02.25-00.05.28:676][  0]LogConfig: Setting CVar [[r.DistanceFieldAO:1]]
[2022.02.25-00.05.28:676][  0]LogConfig: Setting CVar [[r.AOQuality:2]]
[2022.02.25-00.05.28:676][  0]LogConfig: Setting CVar [[r.VolumetricFog:1]]
[2022.02.25-00.05.28:676][  0]LogConfig: Setting CVar [[r.VolumetricFog.GridPixelSize:8]]
[2022.02.25-00.05.28:676][  0]LogConfig: Setting CVar [[r.VolumetricFog.GridSizeZ:128]]
[2022.02.25-00.05.28:676][  0]LogConfig: Setting CVar [[r.VolumetricFog.HistoryMissSupersampleCount:4]]
[2022.02.25-00.05.28:676][  0]LogConfig: Setting CVar [[r.LightMaxDrawDistanceScale:1]]
[2022.02.25-00.05.28:676][  0]LogConfig: Setting CVar [[r.CapsuleShadows:1]]
[2022.02.25-00.05.28:676][  0]LogConfig: Applying CVar settings from Section [PostProcessQuality@3] File [Z:/IGMProfile/Documents/GitHub/IGME797/InClass20220217/Saved/Config/Windows/Scalability.ini]
[2022.02.25-00.05.28:676][  0]LogConfig: Setting CVar [[r.MotionBlurQuality:4]]
[2022.02.25-00.05.28:676][  0]LogConfig: Setting CVar [[r.AmbientOcclusionMipLevelFactor:0.4]]
[2022.02.25-00.05.28:676][  0]LogConfig: Setting CVar [[r.AmbientOcclusionMaxQuality:100]]
[2022.02.25-00.05.28:676][  0]LogConfig: Setting CVar [[r.AmbientOcclusionLevels:-1]]
[2022.02.25-00.05.28:676][  0]LogConfig: Setting CVar [[r.AmbientOcclusionRadiusScale:1.0]]
[2022.02.25-00.05.28:676][  0]LogConfig: Setting CVar [[r.DepthOfFieldQuality:2]]
[2022.02.25-00.05.28:676][  0]LogConfig: Setting CVar [[r.RenderTargetPoolMin:400]]
[2022.02.25-00.05.28:676][  0]LogConfig: Setting CVar [[r.LensFlareQuality:2]]
[2022.02.25-00.05.28:676][  0]LogConfig: Setting CVar [[r.SceneColorFringeQuality:1]]
[2022.02.25-00.05.28:676][  0]LogConfig: Setting CVar [[r.EyeAdaptationQuality:2]]
[2022.02.25-00.05.28:676][  0]LogConfig: Setting CVar [[r.BloomQuality:5]]
[2022.02.25-00.05.28:676][  0]LogConfig: Setting CVar [[r.FastBlurThreshold:100]]
[2022.02.25-00.05.28:676][  0]LogConfig: Setting CVar [[r.Upscale.Quality:3]]
[2022.02.25-00.05.28:676][  0]LogConfig: Setting CVar [[r.Tonemapper.GrainQuantization:1]]
[2022.02.25-00.05.28:676][  0]LogConfig: Setting CVar [[r.LightShaftQuality:1]]
[2022.02.25-00.05.28:676][  0]LogConfig: Setting CVar [[r.Filter.SizeScale:1]]
[2022.02.25-00.05.28:676][  0]LogConfig: Setting CVar [[r.Tonemapper.Quality:5]]
[2022.02.25-00.05.28:676][  0]LogConfig: Setting CVar [[r.DOF.Gather.AccumulatorQuality:1        ; higher gathering accumulator quality]]
[2022.02.25-00.05.28:676][  0]LogConfig: Setting CVar [[r.DOF.Gather.PostfilterMethod:1          ; Median3x3 postfilering method]]
[2022.02.25-00.05.28:676][  0]LogConfig: Setting CVar [[r.DOF.Gather.EnableBokehSettings:0       ; no bokeh simulation when gathering]]
[2022.02.25-00.05.28:676][  0]LogConfig: Setting CVar [[r.DOF.Gather.RingCount:4                 ; medium number of samples when gathering]]
[2022.02.25-00.05.28:676][  0]LogConfig: Setting CVar [[r.DOF.Scatter.ForegroundCompositing:1    ; additive foreground scattering]]
[2022.02.25-00.05.28:676][  0]LogConfig: Setting CVar [[r.DOF.Scatter.BackgroundCompositing:2    ; additive background scattering]]
[2022.02.25-00.05.28:676][  0]LogConfig: Setting CVar [[r.DOF.Scatter.EnableBokehSettings:1      ; bokeh simulation when scattering]]
[2022.02.25-00.05.28:676][  0]LogConfig: Setting CVar [[r.DOF.Scatter.MaxSpriteRatio:0.1         ; only a maximum of 10% of scattered bokeh]]
[2022.02.25-00.05.28:676][  0]LogConfig: Setting CVar [[r.DOF.Recombine.Quality:1                ; cheap slight out of focus]]
[2022.02.25-00.05.28:676][  0]LogConfig: Setting CVar [[r.DOF.Recombine.EnableBokehSettings:0    ; no bokeh simulation on slight out of focus]]
[2022.02.25-00.05.28:676][  0]LogConfig: Setting CVar [[r.DOF.TemporalAAQuality:1                ; more stable temporal accumulation]]
[2022.02.25-00.05.28:676][  0]LogConfig: Setting CVar [[r.DOF.Kernel.MaxForegroundRadius:0.025]]
[2022.02.25-00.05.28:676][  0]LogConfig: Setting CVar [[r.DOF.Kernel.MaxBackgroundRadius:0.025]]
[2022.02.25-00.05.28:676][  0]LogConfig: Applying CVar settings from Section [TextureQuality@3] File [Z:/IGMProfile/Documents/GitHub/IGME797/InClass20220217/Saved/Config/Windows/Scalability.ini]
[2022.02.25-00.05.28:676][  0]LogConfig: Setting CVar [[r.Streaming.MipBias:0]]
[2022.02.25-00.05.28:676][  0]LogConfig: Setting CVar [[r.Streaming.AmortizeCPUToGPUCopy:0]]
[2022.02.25-00.05.28:676][  0]LogConfig: Setting CVar [[r.Streaming.MaxNumTexturesToStreamPerFrame:0]]
[2022.02.25-00.05.28:676][  0]LogConfig: Setting CVar [[r.Streaming.Boost:1]]
[2022.02.25-00.05.28:676][  0]LogConfig: Setting CVar [[r.MaxAnisotropy:8]]
[2022.02.25-00.05.28:676][  0]LogConfig: Setting CVar [[r.VT.MaxAnisotropy:8]]
[2022.02.25-00.05.28:676][  0]LogConfig: Setting CVar [[r.Streaming.LimitPoolSizeToVRAM:0]]
[2022.02.25-00.05.28:676][  0]LogConfig: Setting CVar [[r.Streaming.PoolSize:1000]]
[2022.02.25-00.05.28:676][  0]LogConfig: Setting CVar [[r.Streaming.MaxEffectiveScreenSize:0]]
[2022.02.25-00.05.28:676][  0]LogConfig: Applying CVar settings from Section [EffectsQuality@3] File [Z:/IGMProfile/Documents/GitHub/IGME797/InClass20220217/Saved/Config/Windows/Scalability.ini]
[2022.02.25-00.05.28:676][  0]LogConfig: Setting CVar [[r.TranslucencyLightingVolumeDim:64]]
[2022.02.25-00.05.28:676][  0]LogConfig: Setting CVar [[r.RefractionQuality:2]]
[2022.02.25-00.05.28:676][  0]LogConfig: Setting CVar [[r.SSR.Quality:3]]
[2022.02.25-00.05.28:676][  0]LogConfig: Setting CVar [[r.SSR.HalfResSceneColor:0]]
[2022.02.25-00.05.28:676][  0]LogConfig: Setting CVar [[r.SceneColorFormat:4]]
[2022.02.25-00.05.28:676][  0]LogConfig: Setting CVar [[r.DetailMode:2]]
[2022.02.25-00.05.28:676][  0]LogConfig: Setting CVar [[r.TranslucencyVolumeBlur:1]]
[2022.02.25-00.05.28:676][  0]LogConfig: Setting CVar [[r.MaterialQualityLevel:1 ; High quality]]
[2022.02.25-00.05.28:676][  0]LogConfig: Setting CVar [[r.AnisotropicMaterials:1]]
[2022.02.25-00.05.28:676][  0]LogConfig: Setting CVar [[r.SSS.Scale:1]]
[2022.02.25-00.05.28:676][  0]LogConfig: Setting CVar [[r.SSS.SampleSet:2]]
[2022.02.25-00.05.28:676][  0]LogConfig: Setting CVar [[r.SSS.Quality:1]]
[2022.02.25-00.05.28:676][  0]LogConfig: Setting CVar [[r.SSS.HalfRes:0]]
[2022.02.25-00.05.28:676][  0]LogConfig: Setting CVar [[r.SSGI.Quality:3]]
[2022.02.25-00.05.28:676][  0]LogConfig: Setting CVar [[r.EmitterSpawnRateScale:1.0]]
[2022.02.25-00.05.28:676][  0]LogConfig: Setting CVar [[r.ParticleLightQuality:2]]
[2022.02.25-00.05.28:676][  0]LogConfig: Setting CVar [[r.SkyAtmosphere.AerialPerspectiveLUT.FastApplyOnOpaque:1 ; Always have FastSkyLUT 1 in this case to avoid wrong sky]]
[2022.02.25-00.05.28:676][  0]LogConfig: Setting CVar [[r.SkyAtmosphere.AerialPerspectiveLUT.SampleCountMaxPerSlice:4]]
[2022.02.25-00.05.28:676][  0]LogConfig: Setting CVar [[r.SkyAtmosphere.AerialPerspectiveLUT.DepthResolution:16.0]]
[2022.02.25-00.05.28:676][  0]LogConfig: Setting CVar [[r.SkyAtmosphere.FastSkyLUT:1]]
[2022.02.25-00.05.28:676][  0]LogConfig: Setting CVar [[r.SkyAtmosphere.FastSkyLUT.SampleCountMin:4.0]]
[2022.02.25-00.05.28:676][  0]LogConfig: Setting CVar [[r.SkyAtmosphere.FastSkyLUT.SampleCountMax:128.0]]
[2022.02.25-00.05.28:676][  0]LogConfig: Setting CVar [[r.SkyAtmosphere.SampleCountMin:4.0]]
[2022.02.25-00.05.28:676][  0]LogConfig: Setting CVar [[r.SkyAtmosphere.SampleCountMax:128.0]]
[2022.02.25-00.05.28:676][  0]LogConfig: Setting CVar [[r.SkyAtmosphere.TransmittanceLUT.UseSmallFormat:0]]
[2022.02.25-00.05.28:676][  0]LogConfig: Setting CVar [[r.SkyAtmosphere.TransmittanceLUT.SampleCount:10.0]]
[2022.02.25-00.05.28:677][  0]LogConfig: Setting CVar [[r.SkyAtmosphere.MultiScatteringLUT.SampleCount:15.0]]
[2022.02.25-00.05.28:677][  0]LogConfig: Setting CVar [[r.SkyLight.RealTimeReflectionCapture:1]]
[2022.02.25-00.05.28:677][  0]LogConfig: Applying CVar settings from Section [FoliageQuality@3] File [Z:/IGMProfile/Documents/GitHub/IGME797/InClass20220217/Saved/Config/Windows/Scalability.ini]
[2022.02.25-00.05.28:677][  0]LogConfig: Setting CVar [[foliage.DensityScale:1.0]]
[2022.02.25-00.05.28:677][  0]LogConfig: Setting CVar [[grass.DensityScale:1.0]]
[2022.02.25-00.05.28:677][  0]LogConfig: Applying CVar settings from Section [ShadingQuality@3] File [Z:/IGMProfile/Documents/GitHub/IGME797/InClass20220217/Saved/Config/Windows/Scalability.ini]
[2022.02.25-00.05.28:677][  0]LogConfig: Setting CVar [[r.HairStrands.SkyLighting.IntegrationType:2]]
[2022.02.25-00.05.28:677][  0]LogConfig: Setting CVar [[r.HairStrands.SkyAO.SampleCount:4]]
[2022.02.25-00.05.28:677][  0]LogConfig: Setting CVar [[r.HairStrands.Visibility.MSAA.SamplePerPixel:4]]
[2022.02.25-00.05.28:677][  0]LogConfig: Applying CVar settings from Section [Startup] File [../../../Engine/Config/ConsoleVariables.ini]
[2022.02.25-00.05.28:677][  0]LogConfig: Setting CVar [[net.UseAdaptiveNetUpdateFrequency:0]]
[2022.02.25-00.05.28:677][  0]LogConfig: Setting CVar [[p.chaos.AllowCreatePhysxBodies:1]]
[2022.02.25-00.05.28:677][  0]LogConfig: Setting CVar [[fx.SkipVectorVMBackendOptimizations:1]]
[2022.02.25-00.05.28:677][  0]LogConfig: Applying CVar settings from Section [ConsoleVariables] File [Z:/IGMProfile/Documents/GitHub/IGME797/InClass20220217/Saved/Config/Windows/Engine.ini]
[2022.02.25-00.05.28:677][  0]LogConfig: Applying CVar settings from Section [ConsoleVariables] File [Z:/IGMProfile/Documents/GitHub/IGME797/InClass20220217/Saved/Config/Windows/Editor.ini]
[2022.02.25-00.05.28:677][  0]LogInit: Computer: MSS3110-10
[2022.02.25-00.05.28:677][  0]LogInit: User: kft3635
[2022.02.25-00.05.28:677][  0]LogInit: CPU Page size=4096, Cores=8
[2022.02.25-00.05.28:677][  0]LogInit: High frequency timer resolution =10.000000 MHz
[2022.02.25-00.05.28:677][  0]LogMemory: Memory total: Physical=31.7GB (32GB approx)
[2022.02.25-00.05.28:677][  0]LogMemory: Platform Memory Stats for Windows
[2022.02.25-00.05.28:677][  0]LogMemory: Process Physical Memory: 147.07 MB used, 147.07 MB peak
[2022.02.25-00.05.28:677][  0]LogMemory: Process Virtual Memory: 129.31 MB used, 129.31 MB peak
[2022.02.25-00.05.28:677][  0]LogMemory: Physical Memory: 7717.52 MB used,  24725.53 MB free, 32443.05 MB total
[2022.02.25-00.05.28:677][  0]LogMemory: Virtual Memory: 134190272.00 MB used,  27452.00 MB free, 134217728.00 MB total
[2022.02.25-00.05.28:693][  0]LogWindows: WindowsPlatformFeatures enabled
[2022.02.25-00.05.28:724][  0]LogInit: Physics initialised using underlying interface: PhysX
[2022.02.25-00.05.28:726][  0]LogInit: Using OS detected language (en-US).
[2022.02.25-00.05.28:726][  0]LogInit: Using OS detected locale (en-US).
[2022.02.25-00.05.28:728][  0]LogTextLocalizationManager: No specific localization for 'en-US' exists, so the 'en' localization will be used.
[2022.02.25-00.05.28:904][  0]LogInit: Setting process to per monitor DPI aware
[2022.02.25-00.05.28:918][  0]LogWindowsTextInputMethodSystem: Display: IME system deactivated.
[2022.02.25-00.05.28:925][  0]LogDirectoryWatcher: Display: A directory notification failed for 'Z:/IGMProfile/Documents/GitHub/IGME797/InClass20220217/Content/' because it was empty or there was a buffer overflow. Attemping another request...
[2022.02.25-00.05.28:926][  0]LogDirectoryWatcher: Display: A directory notification failed for 'Z:/IGMProfile/Documents/GitHub/IGME797/InClass20220217/Content/' because it was empty or there was a buffer overflow. Attemping another request...
[2022.02.25-00.05.28:926][  0]LogDirectoryWatcher: Display: A directory notification failed, and we were unable to create a new request. GetLastError code [87] Handle [0000000000000928], Path [Z:/IGMProfile/Documents/GitHub/IGME797/InClass20220217/Content/] 
[2022.02.25-00.05.28:937][  0]LogSlate: New Slate User Created.  User Index 0, Is Virtual User: 0
[2022.02.25-00.05.28:937][  0]LogSlate: Slate User Registered.  User Index 0, Is Virtual User: 0
[2022.02.25-00.05.29:042][  0]LogD3D11RHI: Loaded GFSDK_Aftermath_Lib.x64.dll
[2022.02.25-00.05.29:044][  0]LogHMD: Failed to initialize OpenVR with code 110
[2022.02.25-00.05.29:044][  0]LogD3D11RHI: D3D11 min allowed feature level: 11_0
[2022.02.25-00.05.29:044][  0]LogD3D11RHI: D3D11 max allowed feature level: 11_0
[2022.02.25-00.05.29:044][  0]LogD3D11RHI: D3D11 adapters:
[2022.02.25-00.05.29:136][  0]LogD3D11RHI:    0. 'NVIDIA GeForce GTX 1080' (Feature Level 11_0)
[2022.02.25-00.05.29:136][  0]LogD3D11RHI:       8079/0/16221 MB DedicatedVideo/DedicatedSystem/SharedSystem, Outputs:2, VendorId:0x10de
[2022.02.25-00.05.29:139][  0]LogD3D11RHI:    1. 'Microsoft Basic Render Driver' (Feature Level 11_0)
[2022.02.25-00.05.29:139][  0]LogD3D11RHI:       0/0/16221 MB DedicatedVideo/DedicatedSystem/SharedSystem, Outputs:0, VendorId:0x1414
[2022.02.25-00.05.29:139][  0]LogD3D11RHI: Chosen D3D11 Adapter:
[2022.02.25-00.05.29:139][  0]LogD3D11RHI:     Description : NVIDIA GeForce GTX 1080
[2022.02.25-00.05.29:139][  0]LogD3D11RHI:     VendorId    : 10de
[2022.02.25-00.05.29:139][  0]LogD3D11RHI:     DeviceId    : 1b80
[2022.02.25-00.05.29:139][  0]LogD3D11RHI:     SubSysId    : 33661028
[2022.02.25-00.05.29:139][  0]LogD3D11RHI:     Revision    : 00a1
[2022.02.25-00.05.29:139][  0]LogD3D11RHI:     DedicatedVideoMemory : 8471445504 bytes
[2022.02.25-00.05.29:139][  0]LogD3D11RHI:     DedicatedSystemMemory : 0 bytes
[2022.02.25-00.05.29:139][  0]LogD3D11RHI:     SharedSystemMemory : 17009500160 bytes
[2022.02.25-00.05.29:139][  0]LogD3D11RHI:     AdapterLuid : 0 147911
[2022.02.25-00.05.29:143][  0]LogD3D11RHI: Creating new Direct3DDevice
[2022.02.25-00.05.29:144][  0]LogD3D11RHI:     GPU DeviceId: 0x1b80 (for the marketing name, search the web for "GPU Device Id")
[2022.02.25-00.05.29:144][  0]LogWindows: EnumDisplayDevices:
[2022.02.25-00.05.29:144][  0]LogWindows:    0. 'NVIDIA GeForce GTX 1080' (P:1 D:1)
[2022.02.25-00.05.29:144][  0]LogWindows:    1. 'NVIDIA GeForce GTX 1080' (P:0 D:1)
[2022.02.25-00.05.29:144][  0]LogWindows:    2. 'NVIDIA GeForce GTX 1080' (P:0 D:0)
[2022.02.25-00.05.29:144][  0]LogWindows:    3. 'NVIDIA GeForce GTX 1080' (P:0 D:0)
[2022.02.25-00.05.29:144][  0]LogWindows: DebugString: FoundDriverCount:4 
[2022.02.25-00.05.29:144][  0]LogD3D11RHI:     Adapter Name: NVIDIA GeForce GTX 1080
[2022.02.25-00.05.29:144][  0]LogD3D11RHI:   Driver Version: 457.51 (internal:27.21.14.5751, unified:457.51)
[2022.02.25-00.05.29:144][  0]LogD3D11RHI:      Driver Date: 11-22-2020
[2022.02.25-00.05.29:144][  0]LogRHI: Texture pool is 5655 MB (70% of 8079 MB)
[2022.02.25-00.05.29:144][  0]LogD3D11RHI: Creating D3DDevice using adapter:
[2022.02.25-00.05.29:144][  0]LogD3D11RHI:     Description : NVIDIA GeForce GTX 1080
[2022.02.25-00.05.29:144][  0]LogD3D11RHI:     VendorId    : 10de
[2022.02.25-00.05.29:144][  0]LogD3D11RHI:     DeviceId    : 1b80
[2022.02.25-00.05.29:144][  0]LogD3D11RHI:     SubSysId    : 33661028
[2022.02.25-00.05.29:144][  0]LogD3D11RHI:     Revision    : 00a1
[2022.02.25-00.05.29:144][  0]LogD3D11RHI:     DedicatedVideoMemory : 8471445504 bytes
[2022.02.25-00.05.29:144][  0]LogD3D11RHI:     DedicatedSystemMemory : 0 bytes
[2022.02.25-00.05.29:145][  0]LogD3D11RHI:     SharedSystemMemory : 17009500160 bytes
[2022.02.25-00.05.29:145][  0]LogD3D11RHI:     AdapterLuid : 0 147911
[2022.02.25-00.05.29:194][  0]LogD3D11RHI: RHI has support for 64 bit atomics
[2022.02.25-00.05.29:194][  0]LogD3D11RHI: Async texture creation enabled
[2022.02.25-00.05.29:194][  0]LogD3D11RHI: Array index from any shader is supported
[2022.02.25-00.05.29:209][  0]LogD3D11RHI: GPU Timing Frequency: 1000.000000 (Debug: 2 1)
[2022.02.25-00.05.29:242][  0]LogRHI: GeForceNow SDK initialized: 1
[2022.02.25-00.05.29:483][  0]LogTargetPlatformManager: Display: Loaded TargetPlatform 'AllDesktop'
[2022.02.25-00.05.29:595][  0]LogTargetPlatformManager: Display: Loaded TargetPlatform 'Android'
[2022.02.25-00.05.29:595][  0]LogTargetPlatformManager: Display: Loaded TargetPlatform 'Android_ASTC'
[2022.02.25-00.05.29:595][  0]LogTargetPlatformManager: Display: Loaded TargetPlatform 'Android_DXT'
[2022.02.25-00.05.29:595][  0]LogTargetPlatformManager: Display: Loaded TargetPlatform 'Android_ETC2'
[2022.02.25-00.05.29:595][  0]LogTargetPlatformManager: Display: Loaded TargetPlatform 'AndroidClient'
[2022.02.25-00.05.29:595][  0]LogTargetPlatformManager: Display: Loaded TargetPlatform 'Android_ASTCClient'
[2022.02.25-00.05.29:595][  0]LogTargetPlatformManager: Display: Loaded TargetPlatform 'Android_DXTClient'
[2022.02.25-00.05.29:595][  0]LogTargetPlatformManager: Display: Loaded TargetPlatform 'Android_ETC2Client'
[2022.02.25-00.05.29:595][  0]LogTargetPlatformManager: Display: Loaded TargetPlatform 'Android_Multi'
[2022.02.25-00.05.29:595][  0]LogTargetPlatformManager: Display: Loaded TargetPlatform 'Android_MultiClient'
[2022.02.25-00.05.29:614][  0]LogTargetPlatformManager: Display: Loaded TargetPlatform 'IOSClient'
[2022.02.25-00.05.29:614][  0]LogTargetPlatformManager: Display: Loaded TargetPlatform 'IOS'
[2022.02.25-00.05.29:631][  0]LogTargetPlatformManager: Display: Loaded TargetPlatform 'Linux'
[2022.02.25-00.05.29:635][  0]LogTargetPlatformManager: Display: Loaded TargetPlatform 'LinuxNoEditor'
[2022.02.25-00.05.29:638][  0]LogTargetPlatformManager: Display: Loaded TargetPlatform 'LinuxClient'
[2022.02.25-00.05.29:641][  0]LogTargetPlatformManager: Display: Loaded TargetPlatform 'LinuxServer'
[2022.02.25-00.05.29:735][  0]LogTargetPlatformManager: Display: Loaded TargetPlatform 'LinuxAArch64NoEditor'
[2022.02.25-00.05.29:738][  0]LogTargetPlatformManager: Display: Loaded TargetPlatform 'LinuxAArch64Client'
[2022.02.25-00.05.29:742][  0]LogTargetPlatformManager: Display: Loaded TargetPlatform 'LinuxAArch64Server'
[2022.02.25-00.05.29:768][  0]LogTargetPlatformManager: Display: Loaded TargetPlatform 'Lumin'
[2022.02.25-00.05.29:768][  0]LogTargetPlatformManager: Display: Loaded TargetPlatform 'LuminClient'
[2022.02.25-00.05.29:780][  0]LogTargetPlatformManager: Display: Loaded TargetPlatform 'MacNoEditor'
[2022.02.25-00.05.29:784][  0]LogTargetPlatformManager: Display: Loaded TargetPlatform 'Mac'
[2022.02.25-00.05.29:787][  0]LogTargetPlatformManager: Display: Loaded TargetPlatform 'MacClient'
[2022.02.25-00.05.29:790][  0]LogTargetPlatformManager: Display: Loaded TargetPlatform 'MacServer'
[2022.02.25-00.05.29:799][  0]LogTargetPlatformManager: Display: Loaded TargetPlatform 'TVOSClient'
[2022.02.25-00.05.29:799][  0]LogTargetPlatformManager: Display: Loaded TargetPlatform 'TVOS'
[2022.02.25-00.05.29:811][  0]LogTargetPlatformManager: Display: Loaded TargetPlatform 'WindowsNoEditor'
[2022.02.25-00.05.29:815][  0]LogTargetPlatformManager: Display: Loaded TargetPlatform 'Windows'
[2022.02.25-00.05.29:819][  0]LogTargetPlatformManager: Display: Loaded TargetPlatform 'WindowsClient'
[2022.02.25-00.05.29:822][  0]LogTargetPlatformManager: Display: Loaded TargetPlatform 'WindowsServer'
[2022.02.25-00.05.29:822][  0]LogTargetPlatformManager: Display: Building Assets For Windows
[2022.02.25-00.05.29:827][  0]LogAudioDebug: Display: Lib vorbis DLL was dynamically loaded.
[2022.02.25-00.05.29:848][  0]LogTextureFormatOodle: Display: Oodle Texture 2.9.0 init RDO Off
[2022.02.25-00.05.29:870][  0]LogRendererCore: Ray tracing is disabled. Reason: r.RayTracing=0.
[2022.02.25-00.05.29:870][  0]LogShaderCompilers: Guid format shader working directory is -3 characters bigger than the processId version (Z:/IGMProfile/Documents/GitHub/IGME797/InClass20220217/Intermediate/Shaders/WorkingDirectory/9636/).
[2022.02.25-00.05.29:870][  0]LogShaderCompilers: Cleaned the shader compiler working directory 'D:/Profiles/kft3635/AppData/Local/Temp/UnrealShaderWorkingDir/9C0FB75F4666732B1F7D43A5B1C2AABA/'.
[2022.02.25-00.05.29:870][  0]LogXGEController: Cannot use XGE Controller as Incredibuild is not installed on this machine.
[2022.02.25-00.05.29:870][  0]LogShaderCompilers: Cannot use XGE Shader Compiler as Incredibuild is not installed on this machine.
[2022.02.25-00.05.29:870][  0]LogShaderCompilers: Display: Using Local Shader Compiler.
[2022.02.25-00.05.30:540][  0]LogDerivedDataCache: Display: Max Cache Size: 512 MB
[2022.02.25-00.05.30:595][  0]LogDerivedDataCache: Loaded boot cache 0.05s 94MB D:/Profiles/kft3635/AppData/Local/UnrealEngine/4.27/DerivedDataCache/Boot.ddc.
[2022.02.25-00.05.30:595][  0]LogDerivedDataCache: Display: Loaded Boot cache: D:/Profiles/kft3635/AppData/Local/UnrealEngine/4.27/DerivedDataCache/Boot.ddc
[2022.02.25-00.05.30:596][  0]LogDerivedDataCache: FDerivedDataBackendGraph:  Pak pak cache file Z:/IGMProfile/Documents/GitHub/IGME797/InClass20220217/DerivedDataCache/DDC.ddp not found, will not use a pak cache.
[2022.02.25-00.05.30:596][  0]LogDerivedDataCache: Unable to find inner node Pak for hierarchical cache Hierarchy.
[2022.02.25-00.05.30:596][  0]LogDerivedDataCache: FDerivedDataBackendGraph:  CompressedPak pak cache file Z:/IGMProfile/Documents/GitHub/IGME797/InClass20220217/DerivedDataCache/Compressed.ddp not found, will not use a pak cache.
[2022.02.25-00.05.30:596][  0]LogDerivedDataCache: Unable to find inner node CompressedPak for hierarchical cache Hierarchy.
[2022.02.25-00.05.30:611][  0]LogDerivedDataCache: Display: Pak cache opened for reading ../../../Engine/DerivedDataCache/Compressed.ddp.
[2022.02.25-00.05.30:611][  0]LogDerivedDataCache: FDerivedDataBackendGraph:  EnterprisePak pak cache file ../../../Enterprise/DerivedDataCache/Compressed.ddp not found, will not use a pak cache.
[2022.02.25-00.05.30:611][  0]LogDerivedDataCache: Unable to find inner node EnterprisePak for hierarchical cache Hierarchy.
[2022.02.25-00.05.30:614][  0]LogDerivedDataCache: Speed tests for D:/Profiles/kft3635/AppData/Local/UnrealEngine/Common/DerivedDataCache took 0.00 seconds
[2022.02.25-00.05.30:615][  0]LogDerivedDataCache: Display: Performance to D:/Profiles/kft3635/AppData/Local/UnrealEngine/Common/DerivedDataCache: Latency=0.01ms. RandomReadSpeed=1438.48MBs, RandomWriteSpeed=331.38MBs. Assigned SpeedClass 'Local'
[2022.02.25-00.05.30:615][  0]LogDerivedDataCache: Using Local data cache path D:/Profiles/kft3635/AppData/Local/UnrealEngine/Common/DerivedDataCache: Writable
[2022.02.25-00.05.30:615][  0]LogDerivedDataCache: Shared data cache path not found in *engine.ini, will not use an Shared cache.
[2022.02.25-00.05.30:615][  0]LogDerivedDataCache: Unable to find inner node Shared for hierarchical cache Hierarchy.
[2022.02.25-00.05.30:655][  0]LogSlate: Using FreeType 2.10.0
[2022.02.25-00.05.30:656][  0]LogSlate: SlateFontServices - WITH_FREETYPE: 1, WITH_HARFBUZZ: 1
[2022.02.25-00.05.30:677][  0]LogAssetRegistry: FAssetRegistry took 0.0031 seconds to start up
[2022.02.25-00.05.30:934][  0]LogInit: Selected Device Profile: [Windows]
[2022.02.25-00.05.30:934][  0]LogInit: Active device profile: [000001845C6A0900][000001845BC7A9C0 49] Windows
[2022.02.25-00.05.30:934][  0]LogInit: Profiles: [000001845C6A0900][000001845BC7A9C0 49] Windows, [000001845C657800][00000184589CAB40 49] WindowsNoEditor, [000001845C6A3500][000001845889ECC0 49] WindowsServer, [000001845C654E00][00000184588A2E40 49] WindowsClient, [000001845C6A3800][00000184588A6FC0 49] IOS, [000001845C656800][00000184586E1140 49] iPadAir, [000001845C6A2000][00000184586E52C0 49] iPadAir2, [000001845C604A00][00000184586ED580 49] IPadPro, [000001845C604B00][00000184586E95C0 49] iPadAir3, [000001845C655900][00000184586F1740 49] iPadAir4, [000001845C607400][00000184586F58C0 49] iPadMini2, [000001845C656A00][00000184586F9A40 49] iPadMini3, [000001845C605700][00000184586FDBC0 49] iPadMini4, [000001845C6A1100][00000184587001C0 49] iPadMini5, [000001845C62C300][0000018458708480 49] iPhone6, [000001845C62C400][00000184587044C0 49] iPodTouch6, [000001845C5F7F00][00000184589C6740 49] iPhone7, [000001845C5F7E00][000001845870C780 49] iPodTouch7, [000001845C656000][00000184587108C0 49] iPhone5S, [000001845C5F5A00][0000018458714A00 49] iPhone6Plus, [000001845C62C200][0000018458718B40 49] iPhone6S, [000001845C5F4600][0000018458720CC0 49] iPhone6SPlus, [000001845C62E900][0000018458724E40 49] iPhone7Plus, [000001845C5F7100][0000018458728FC0 49] iPhoneSE, [000001845C62E200][000001845872D140 49] iPhone8, [000001845C5F7B00][00000184587312C0 49] iPhone8Plus, [000001845C62CA00][0000018458735440 49] iPhoneX, [000001845C5F5400][00000184587395C0 49] iPhoneXS, [000001845C62F900][000001845873D740 49] iPhoneXSMax, [000001845C5F4900][00000184587418C0 49] iPhoneXR, [000001845C62EF00][0000018458745A40 49] iPhone11, [000001845C5F5300][0000018458749BC0 49] iPhone11Pro, [000001845C62D000][000001845874C1C0 49] iPhone11ProMax, [000001845C5F6A00][0000018458750340 49] iPhoneSE2, [000001845C62D400][00000184587544C0 49] iPhone12Mini, [000001845C5F6400][0000018458758640 49] iPhone12, [000001845C62CD00][000001845875C7C0 49] iPhone12Pro, [000001845C5F6B00][0000018458760940 49] iPhone12ProMax, [000001845C62F000][000001845871CA80 49] iPadPro105, [000001845C5F4700][0000018458764BC0 49] iPadPro129, [000001845C62E800][0000018458768D00 49] iPadPro97, [000001845C5F6600][0000018458770E80 49] iPadPro2_129, [000001845C62FC00][0000018458775000 49] iPad5, [000001845C5F6200][0000018458779180 49] iPad6, [000001845C62CF00][000001845877D300 49] iPad7, [000001845C5F6D00][0000018458781480 49] iPad8, [000001845C62D100][0000018458785600 49] iPadPro11, [000001845C5F5600][0000018458789780 49] iPadPro2_11, [000001845C62F400][000001845878D900 49] iPadPro3_129, [000001845C5F6800][0000018458791A80 49] iPadPro4_129, [000001845C62FA00][0000018458795C00 49] AppleTV, [000001845C5F6100][0000018458798200 49] AppleTV4K, [000001845C62DF00][000001845879C380 49] TVOS, [000001845C5F7400][00000184587A0500 49] Mac, [000001845C62F800][00000184587A4680 49] MacClient, [000001845C5F5E00][00000184587A8800 49] MacNoEditor, [000001845C62FF00][00000184587AC980 49] MacServer, [000001845C5F7500][00000184587B0B00 49] Linux, [000001845C62CC00][000001845876CC40 49] LinuxAArch64, [000001845C5F6F00][00000184587B4D80 49] LinuxNoEditor, [000001845C62CB00][00000184587B8EC0 49] LinuxAArch64NoEditor, [000001845C5F7700][00000184587C1040 49] LinuxClient, [000001845C62DA00][00000184587C51C0 49] LinuxAArch64Client, [000001845C5F5000][00000184587C9340 49] LinuxServer, [000001845C62E500][00000184587CD4C0 49] LinuxAArch64Server, [000001845C5F5900][00000184587D1640 49] Android, [000001845C62D300][00000184587D57C0 49] Android_Low, [000001845C5F6700][00000184587D9940 49] Android_Mid, [000001845C62EB00][00000184587DDAC0 49] Android_High, [000001845C5F7800][00000184587E00C0 49] Android_Default, [000001845C62D600][00000184587E4240 49] Android_Adreno4xx, [000001845C5F5500][00000184587E83C0 49] Android_Adreno5xx_Low, [000001845C607600][00000184587EC540 49] Android_Adreno5xx, [000001845C655800][00000184587F06C0 49] Android_Adreno6xx, [000001845C605200][00000184587F4840 49] Android_Adreno6xx_Vulkan, [000001845C657C00][00000184587F89C0 49] Android_Mali_T6xx, [000001845C605100][00000184587FCB40 49] Android_Mali_T7xx, [000001845C655600][0000018458800CC0 49] Android_Mali_T8xx, [000001845C605E00][00000184587BCE00 49] Android_Mali_G71, [000001845C654500][0000018458804F40 49] Android_Mali_G72, [000001845C604800][0000018458809080 49] Android_Mali_G72_Vulkan, [000001845C655300][000001845880D1C0 49] Android_Mali_G76, [000001845C604100][0000018458815340 49] Android_Mali_G76_Vulkan, [000001845C655F00][00000184588194C0 49] Android_Mali_G77, [000001845C605000][000001845881D640 49] Android_Mali_G77_Vulkan, [000001845C654A00][00000184588217C0 49] Android_Mali_G78, [000001845C606C00][000001845CC91940 49] Android_Mali_G78_Vulkan, [000001845C657600][000001845CC95AC0 49] Android_Mali_G710, [000001845C606A00][000001845CC980C0 49] Android_Mali_G710_Vulkan, [000001845C657F00][000001845CC9C240 49] Android_Vulkan_SM5, [000001845C607B00][000001845CCA03C0 49] Android_PowerVR_G6xxx, [000001845C657B00][000001845CCA4540 49] Android_PowerVR_GT7xxx, [000001845C607900][000001845CCA86C0 49] Android_PowerVR_GE8xxx, [000001845C654C00][000001845CCAC840 49] Android_PowerVR_GM9xxx, [000001845C606700][000001845CCB09C0 49] Android_PowerVR_GM9xxx_Vulkan, [000001845C656700][000001845CCB4B40 49] Android_TegraK1, [000001845C604900][000001845CCB8CC0 49] Android_Unknown_Vulkan, [000001845C655D00][000001845CCBCE40 49] Lumin, [000001845C604500][0000018458810F80 49] Lumin_Desktop, [000001845C657300][000001845CCC10C0 49] HoloLens, 
[2022.02.25-00.05.31:090][  0]LogMeshReduction: Using QuadricMeshReduction for automatic static mesh reduction
[2022.02.25-00.05.31:090][  0]LogMeshReduction: Using SimplygonMeshReduction for automatic skeletal mesh reduction
[2022.02.25-00.05.31:090][  0]LogMeshReduction: Using ProxyLODMeshReduction for automatic mesh merging
[2022.02.25-00.05.31:090][  0]LogMeshReduction: No distributed automatic mesh merging module available
[2022.02.25-00.05.31:090][  0]LogMeshMerging: No distributed automatic mesh merging module available
[2022.02.25-00.05.31:107][  0]LogNetVersion: InClass20220217 1.0.0, NetCL: 17155196, EngineNetVer: 17, GameNetVer: 0 (Checksum: 3640009666)
[2022.02.25-00.05.31:550][  0]LogTexture: Default maximum texture size for cubemaps generated from long-lat sources has been changed from 512 to unlimited. In order to preserve old behaiour for '/Engine/MapTemplates/Sky/DaylightAmbientCubemap.DaylightAmbientCubemap', its maximum texture size has been explicitly set to 512.
[2022.02.25-00.05.31:609][  0]LogHMD: PokeAHoleMaterial loaded successfully
[2022.02.25-00.05.31:615][  0]LogUObjectArray: 17178 objects as part of root set at end of initial load.
[2022.02.25-00.05.31:615][  0]LogUObjectAllocator: 4302048 out of 0 bytes used by permanent object pool.
[2022.02.25-00.05.31:615][  0]LogUObjectArray: CloseDisregardForGC: 0/0 objects in disregard for GC pool
[2022.02.25-00.05.31:763][  0]LogNiagaraDebuggerClient: Niagara Debugger Client Initialized | Session: 36782DCE4930F98CD42BF49440FFE587 | Instance: 6ACD43EE4048FAB267A4419D688DD04F (MSS3110-10-9636).
[2022.02.25-00.05.31:857][  0]LogTcpMessaging: Initializing TcpMessaging bridge
[2022.02.25-00.05.31:860][  0]LogUdpMessaging: Initializing bridge on interface 0.0.0.0:0 to multicast group 230.0.0.1:6666.
[2022.02.25-00.05.31:860][  0]LogDirectoryWatcher: Display: A directory notification failed for 'Z:/IGMProfile/Documents/GitHub/IGME797/InClass20220217/Content/' because it was empty or there was a buffer overflow. Attemping another request...
[2022.02.25-00.05.32:027][  0]LogPython: Using Python 3.7.7
[2022.02.25-00.05.32:799][  0]SourceControl: Source control is disabled
[2022.02.25-00.05.32:800][  0]SourceControl: Source control is disabled
[2022.02.25-00.05.33:568][  0]LogUProjectInfo: Found projects:
[2022.02.25-00.05.33:611][  0]LogAndroidPermission: UAndroidPermissionCallbackProxy::GetInstance
[2022.02.25-00.05.33:627][  0]LogAudioCaptureCore: Display: No Audio Capture implementations found. Audio input will be silent.
[2022.02.25-00.05.33:627][  0]LogAudioCaptureCore: Display: No Audio Capture implementations found. Audio input will be silent.
[2022.02.25-00.05.33:919][  0]LogOpenImageDenoise: OIDN starting up
[2022.02.25-00.05.33:934][  0]LogOcInput: OculusInput pre-init called
[2022.02.25-00.05.34:089][  0]LogCollectionManager: Loaded 0 collections in 0.001984 seconds
[2022.02.25-00.05.34:147][  0]LogFileCache: Scanning file cache for directory 'Z:/IGMProfile/Documents/GitHub/IGME797/InClass20220217/Saved/Collections/' took 0.00s
[2022.02.25-00.05.34:147][  0]LogFileCache: Scanning file cache for directory 'Z:/IGMProfile/Documents/GitHub/IGME797/InClass20220217/Content/Developers/kft3635/Collections/' took 0.00s
[2022.02.25-00.05.34:147][  0]LogFileCache: Scanning file cache for directory 'Z:/IGMProfile/Documents/GitHub/IGME797/InClass20220217/Content/Collections/' took 0.00s
[2022.02.25-00.05.34:147][  0]LogEngine: Initializing Engine...
[2022.02.25-00.05.34:184][  0]LogHMD: Failed to enumerate extensions. Please check that you have a valid OpenXR runtime installed.
[2022.02.25-00.05.34:185][  0]LogHMD: Failed to initialize OpenVR with code 110
[2022.02.25-00.05.34:185][  0]LogMagicLeap: Warning: VR disabled because ZI is not enabled.  To enable, in the editor, Edit -> Project Settings -> Plugins -> Magic Leap Plugin -> Enable Zero Iteration
[2022.02.25-00.05.34:187][  0]LogStats: UGameplayTagsManager::InitializeManager -  0.002 s
[2022.02.25-00.05.34:303][  0]LogInit: Initializing FReadOnlyCVARCache
[2022.02.25-00.05.34:310][  0]LogAIModule: Creating AISystem for world Untitled
[2022.02.25-00.05.34:326][  0]LogAudio: Display: Initializing Audio Device Manager...
[2022.02.25-00.05.34:328][  0]LogAudio: Display: Loading Default Audio Settings Objects...
[2022.02.25-00.05.34:329][  0]LogAudio: Display: No default SoundConcurrencyObject specified (or failed to load).
[2022.02.25-00.05.34:329][  0]LogAudio: Display: Audio Device Manager Initialized
[2022.02.25-00.05.34:329][  0]LogAudio: Display: Creating Audio Device:                 Id: 1, Scope: Shared, Realtime: True
[2022.02.25-00.05.34:329][  0]LogAudioMixer: Display: Audio Mixer Platform Settings:
[2022.02.25-00.05.34:329][  0]LogAudioMixer: Display: 	Sample Rate:						  48000
[2022.02.25-00.05.34:329][  0]LogAudioMixer: Display: 	Callback Buffer Frame Size Requested: 1024
[2022.02.25-00.05.34:329][  0]LogAudioMixer: Display: 	Callback Buffer Frame Size To Use:	  1024
[2022.02.25-00.05.34:330][  0]LogAudioMixer: Display: 	Number of buffers to queue:			  2
[2022.02.25-00.05.34:330][  0]LogAudioMixer: Display: 	Max Channels (voices):				  32
[2022.02.25-00.05.34:330][  0]LogAudioMixer: Display: 	Number of Async Source Workers:		  0
[2022.02.25-00.05.34:330][  0]LogAudio: Display: AudioDevice MaxSources: 32
[2022.02.25-00.05.34:330][  0]LogAudio: Display: Audio Spatialization Plugin: None (built-in).
[2022.02.25-00.05.34:330][  0]LogAudio: Display: Audio Reverb Plugin: None (built-in).
[2022.02.25-00.05.34:330][  0]LogAudio: Display: Audio Occlusion Plugin: None (built-in).
[2022.02.25-00.05.34:330][  0]LogAudioMixer: Display: Initializing audio mixer.
[2022.02.25-00.05.34:360][  0]LogAudioMixer: Display: 0: FrontLeft
[2022.02.25-00.05.34:360][  0]LogAudioMixer: Display: 1: FrontRight
[2022.02.25-00.05.34:406][  0]LogAudioMixer: Display: Using Audio Device DELL U2720Q (2- NVIDIA High Definition Audio)
[2022.02.25-00.05.34:411][  0]LogAudioMixer: Display: Initializing Sound Submixes...
[2022.02.25-00.05.34:412][  0]LogAudioMixer: Display: Creating Master Submix 'MasterSubmixDefault'
[2022.02.25-00.05.34:412][  0]LogAudioMixer: Display: Creating Master Submix 'MasterReverbSubmixDefault'
[2022.02.25-00.05.34:414][  0]LogAudioMixer: Display: Creating Master Submix 'MasterEQSubmixDefault'
[2022.02.25-00.05.34:414][  0]LogAudioMixer: FMixerPlatformXAudio2::StartAudioStream() called
[2022.02.25-00.05.34:414][  0]LogAudioMixer: Display: Output buffers initialized: Frames=1024, Channels=2, Samples=2048
[2022.02.25-00.05.34:415][  0]LogAudioMixer: Display: Starting AudioMixerPlatformInterface::RunInternal()
[2022.02.25-00.05.34:415][  0]LogAudioMixer: Display: FMixerPlatformXAudio2::SubmitBuffer() called for the first time
[2022.02.25-00.05.34:415][  0]LogInit: FAudioDevice initialized.
[2022.02.25-00.05.34:415][  0]LogAudio: Display: Audio Device (ID: 1) registered with world 'Untitled'.
[2022.02.25-00.05.34:415][  0]LogNetVersion: Set ProjectVersion to 1.0.0.0. Version Checksum will be recalculated on next use.
[2022.02.25-00.05.34:467][  0]LogDerivedDataCache: Saved boot cache 0.05s 94MB D:/Profiles/kft3635/AppData/Local/UnrealEngine/4.27/DerivedDataCache/Boot.ddc.
[2022.02.25-00.05.34:467][  0]LogInit: Texture streaming: Enabled
[2022.02.25-00.05.34:477][  0]LogAnalytics: Display: [UEEditor.Rocket.Release] APIServer = https://datarouter.ol.epicgames.com/. AppVersion = 4.27.2-18319896+++UE4+Release-4.27
[2022.02.25-00.05.34:480][  0]LogEngineSessionManager: EngineSessionManager initialized
[2022.02.25-00.05.34:480][  0]LogEditorSessionSummary: Verbose: Initializing EditorSessionSummaryWriter for editor session tracking
[2022.02.25-00.05.34:481][  0]LogEditorSessionSummary: EditorSessionSummaryWriter initialized
[2022.02.25-00.05.34:574][  0]LogInit: Transaction tracking system initialized
[2022.02.25-00.05.34:588][  0]BlueprintLog: New page: Editor Load
[2022.02.25-00.05.34:648][  0]LocalizationService: Localization service is disabled
[2022.02.25-00.05.34:687][  0]TimingProfiler: Initialize
[2022.02.25-00.05.34:687][  0]TimingProfiler: OnSessionChanged
[2022.02.25-00.05.34:687][  0]LoadingProfiler: Initialize
[2022.02.25-00.05.34:687][  0]LoadingProfiler: OnSessionChanged
[2022.02.25-00.05.34:687][  0]NetworkingProfiler: Initialize
[2022.02.25-00.05.34:687][  0]NetworkingProfiler: OnSessionChanged
[2022.02.25-00.05.34:687][  0]MemoryProfiler: Initialize
[2022.02.25-00.05.34:687][  0]MemoryProfiler: OnSessionChanged
[2022.02.25-00.05.34:876][  0]LogCook: Display: CookSettings for Memory: MemoryMaxUsedVirtual 0MiB, MemoryMaxUsedPhysical 16384MiB, MemoryMinFreeVirtual 0MiB, MemoryMinFreePhysical 1024MiB
[2022.02.25-00.05.34:876][  0]LogCook: Display: Mobile HDR setting 1
[2022.02.25-00.05.35:007][  0]LogFileCache: Scanning file cache for directory 'Z:/IGMProfile/Documents/GitHub/IGME797/InClass20220217/Content/' took 0.12s
[2022.02.25-00.05.35:148][  0]LogInit: Display: Engine is initialized. Leaving FEngineLoop::Init()
[2022.02.25-00.05.35:150][  0]LogUnrealEdMisc: Loading editor; pre map load, took 9.406
[2022.02.25-00.05.35:150][  0]Cmd: MAP LOAD FILE="Z:/IGMProfile/Documents/GitHub/IGME797/InClass20220217/Content/ThirdPersonBP/Maps/ThirdPersonExampleMap.umap" TEMPLATE=0 SHOWPROGRESS=1 FEATURELEVEL=3
[2022.02.25-00.05.35:151][  0]LightingResults: New page: Lighting Build
[2022.02.25-00.05.35:152][  0]LogWorld: UWorld::CleanupWorld for Untitled, bSessionEnded=true, bCleanupResources=true
[2022.02.25-00.05.35:152][  0]LogSlate: InvalidateAllWidgets triggered.  All widgets were invalidated
[2022.02.25-00.05.35:153][  0]MapCheck: New page: Map Check
[2022.02.25-00.05.35:153][  0]LightingResults: New page: Lighting Build
[2022.02.25-00.05.35:156][  0]LogAudio: Display: Audio Device unregistered from world 'None'.
[2022.02.25-00.05.35:159][  0]LogUObjectHash: Compacting FUObjectHashTables data took   0.71ms
[2022.02.25-00.05.35:655][  0]LogAnimationCompression: Building Anim DDC data for AnimSequence /Game/Animation/MCO_Mocap_Basics/Animation/Mobility_Pro/In_Place/MOB1_Crouch_Idle_V2_IPC.MOB1_Crouch_Idle_V2_IPC
[2022.02.25-00.05.35:655][  0]LogAnimationCompression: Building Anim DDC data for AnimSequence /Game/Animation/MCO_Mocap_Basics/Animation/Scared/In_Place/SCR_Walk_Scared_Fwd_Look_Left_Loop_IP.SCR_Walk_Scared_Fwd_Look_Left_Loop_IP
[2022.02.25-00.05.35:745][  0]LogAudio: Display: Audio Device (ID: 1) registered with world 'ThirdPersonExampleMap'.
[2022.02.25-00.05.35:746][  0]LogAIModule: Creating AISystem for world ThirdPersonExampleMap
[2022.02.25-00.05.35:770][  0]LogEditorServer: Finished looking for orphan Actors (0.000 secs)
[2022.02.25-00.05.35:790][  0]LogUObjectHash: Compacting FUObjectHashTables data took   0.77ms
[2022.02.25-00.05.35:792][  0]Cmd: MAP CHECKDEP NOCLEARLOG
[2022.02.25-00.05.35:793][  0]MapCheck: Map check complete: 0 Error(s), 0 Warning(s), took 0.371ms to complete.
[2022.02.25-00.05.35:793][  0]LogFileHelpers: Loading map 'ThirdPersonExampleMap' took 0.642
[2022.02.25-00.05.35:804][  0]LogUnrealEdMisc: Total Editor Startup Time, took 10.059
[2022.02.25-00.05.36:074][  0]LogSlate: Updating window title bar state: overlay mode, drag disabled, window buttons hidden, title bar hidden
[2022.02.25-00.05.36:080][  0]LogSlate: Updating window title bar state: overlay mode, drag disabled, window buttons hidden, title bar hidden
[2022.02.25-00.05.36:084][  0]LogSlate: Updating window title bar state: overlay mode, drag disabled, window buttons hidden, title bar hidden
[2022.02.25-00.05.36:092][  0]LogSlate: Updating window title bar state: overlay mode, drag disabled, window buttons hidden, title bar hidden
[2022.02.25-00.05.36:121][  0]LogNativeClassHierarchy: Verbose: Native class hierarchy populated in 0.0087 seconds. Added 3822 classes and 928 folders.
[2022.02.25-00.05.36:128][  0]LogNativeClassHierarchy: Verbose: Native class hierarchy updated for 'WidgetCarousel' in 0.0003 seconds. Added 0 classes and 0 folders.
[2022.02.25-00.05.36:161][  0]LogPakFile: PakFile PrimaryIndexSize=187
[2022.02.25-00.05.36:161][  0]LogPakFile: PakFile PathHashIndexSize=101
[2022.02.25-00.05.36:161][  0]LogPakFile: PakFile FullDirectoryIndexSize=148
[2022.02.25-00.05.36:162][  0]LogShaderLibrary: Display: ShaderCodeLibraryPakFileMountedCallback: PakFile 'C:/Program Files/Epic Games/UE_4.27/FeaturePacks/FP_FirstPerson.upack' (chunk index -1, root 'root:/') mounted
[2022.02.25-00.05.36:162][  0]LogShaderLibrary: Display: ShaderCodeLibraryPakFileMountedCallback: pending pak file info (ChunkID:-1 Root:root:/ File:C:/Program Files/Epic Games/UE_4.27/FeaturePacks/FP_FirstPerson.upack)
[2022.02.25-00.05.36:162][  0]LogPakFile: OnPakFileMounted2Time == 0.000775
[2022.02.25-00.05.36:163][  0]LogPakFile: PakFile PrimaryIndexSize=189
[2022.02.25-00.05.36:163][  0]LogPakFile: PakFile PathHashIndexSize=101
[2022.02.25-00.05.36:163][  0]LogPakFile: PakFile FullDirectoryIndexSize=152
[2022.02.25-00.05.36:163][  0]LogShaderLibrary: Display: ShaderCodeLibraryPakFileMountedCallback: PakFile 'C:/Program Files/Epic Games/UE_4.27/FeaturePacks/FP_FirstPersonBP.upack' (chunk index -1, root 'root:/') mounted
[2022.02.25-00.05.36:163][  0]LogShaderLibrary: Display: ShaderCodeLibraryPakFileMountedCallback: pending pak file info (ChunkID:-1 Root:root:/ File:C:/Program Files/Epic Games/UE_4.27/FeaturePacks/FP_FirstPersonBP.upack)
[2022.02.25-00.05.36:163][  0]LogPakFile: OnPakFileMounted2Time == 0.000047
[2022.02.25-00.05.36:164][  0]LogPakFile: PakFile PrimaryIndexSize=191
[2022.02.25-00.05.36:164][  0]LogPakFile: PakFile PathHashIndexSize=101
[2022.02.25-00.05.36:164][  0]LogPakFile: PakFile FullDirectoryIndexSize=160
[2022.02.25-00.05.36:164][  0]LogShaderLibrary: Display: ShaderCodeLibraryPakFileMountedCallback: PakFile 'C:/Program Files/Epic Games/UE_4.27/FeaturePacks/MobileStarterContent.upack' (chunk index -1, root 'root:/') mounted
[2022.02.25-00.05.36:164][  0]LogShaderLibrary: Display: ShaderCodeLibraryPakFileMountedCallback: pending pak file info (ChunkID:-1 Root:root:/ File:C:/Program Files/Epic Games/UE_4.27/FeaturePacks/MobileStarterContent.upack)
[2022.02.25-00.05.36:164][  0]LogPakFile: OnPakFileMounted2Time == 0.000031
[2022.02.25-00.05.36:164][  0]LogPakFile: PakFile PrimaryIndexSize=185
[2022.02.25-00.05.36:164][  0]LogPakFile: PakFile PathHashIndexSize=101
[2022.02.25-00.05.36:164][  0]LogPakFile: PakFile FullDirectoryIndexSize=148
[2022.02.25-00.05.36:164][  0]LogShaderLibrary: Display: ShaderCodeLibraryPakFileMountedCallback: PakFile 'C:/Program Files/Epic Games/UE_4.27/FeaturePacks/StarterContent.upack' (chunk index -1, root 'root:/') mounted
[2022.02.25-00.05.36:165][  0]LogShaderLibrary: Display: ShaderCodeLibraryPakFileMountedCallback: pending pak file info (ChunkID:-1 Root:root:/ File:C:/Program Files/Epic Games/UE_4.27/FeaturePacks/StarterContent.upack)
[2022.02.25-00.05.36:165][  0]LogPakFile: OnPakFileMounted2Time == 0.000037
[2022.02.25-00.05.36:165][  0]LogPakFile: PakFile PrimaryIndexSize=190
[2022.02.25-00.05.36:165][  0]LogPakFile: PakFile PathHashIndexSize=101
[2022.02.25-00.05.36:165][  0]LogPakFile: PakFile FullDirectoryIndexSize=154
[2022.02.25-00.05.36:165][  0]LogShaderLibrary: Display: ShaderCodeLibraryPakFileMountedCallback: PakFile 'C:/Program Files/Epic Games/UE_4.27/FeaturePacks/TP_2DSideScroller.upack' (chunk index -1, root 'root:/') mounted
[2022.02.25-00.05.36:165][  0]LogShaderLibrary: Display: ShaderCodeLibraryPakFileMountedCallback: pending pak file info (ChunkID:-1 Root:root:/ File:C:/Program Files/Epic Games/UE_4.27/FeaturePacks/TP_2DSideScroller.upack)
[2022.02.25-00.05.36:165][  0]LogPakFile: OnPakFileMounted2Time == 0.000031
[2022.02.25-00.05.36:165][  0]LogPakFile: PakFile PrimaryIndexSize=192
[2022.02.25-00.05.36:165][  0]LogPakFile: PakFile PathHashIndexSize=101
[2022.02.25-00.05.36:165][  0]LogPakFile: PakFile FullDirectoryIndexSize=158
[2022.02.25-00.05.36:165][  0]LogShaderLibrary: Display: ShaderCodeLibraryPakFileMountedCallback: PakFile 'C:/Program Files/Epic Games/UE_4.27/FeaturePacks/TP_2DSideScrollerBP.upack' (chunk index -1, root 'root:/') mounted
[2022.02.25-00.05.36:166][  0]LogShaderLibrary: Display: ShaderCodeLibraryPakFileMountedCallback: pending pak file info (ChunkID:-1 Root:root:/ File:C:/Program Files/Epic Games/UE_4.27/FeaturePacks/TP_2DSideScrollerBP.upack)
[2022.02.25-00.05.36:166][  0]LogPakFile: OnPakFileMounted2Time == 0.000033
[2022.02.25-00.05.36:166][  0]LogPakFile: PakFile PrimaryIndexSize=182
[2022.02.25-00.05.36:166][  0]LogPakFile: PakFile PathHashIndexSize=101
[2022.02.25-00.05.36:166][  0]LogPakFile: PakFile FullDirectoryIndexSize=138
[2022.02.25-00.05.36:166][  0]LogShaderLibrary: Display: ShaderCodeLibraryPakFileMountedCallback: PakFile 'C:/Program Files/Epic Games/UE_4.27/FeaturePacks/TP_Flying.upack' (chunk index -1, root 'root:/') mounted
[2022.02.25-00.05.36:166][  0]LogShaderLibrary: Display: ShaderCodeLibraryPakFileMountedCallback: pending pak file info (ChunkID:-1 Root:root:/ File:C:/Program Files/Epic Games/UE_4.27/FeaturePacks/TP_Flying.upack)
[2022.02.25-00.05.36:166][  0]LogPakFile: OnPakFileMounted2Time == 0.000031
[2022.02.25-00.05.36:166][  0]LogPakFile: PakFile PrimaryIndexSize=184
[2022.02.25-00.05.36:166][  0]LogPakFile: PakFile PathHashIndexSize=101
[2022.02.25-00.05.36:166][  0]LogPakFile: PakFile FullDirectoryIndexSize=142
[2022.02.25-00.05.36:166][  0]LogShaderLibrary: Display: ShaderCodeLibraryPakFileMountedCallback: PakFile 'C:/Program Files/Epic Games/UE_4.27/FeaturePacks/TP_FlyingBP.upack' (chunk index -1, root 'root:/') mounted
[2022.02.25-00.05.36:166][  0]LogShaderLibrary: Display: ShaderCodeLibraryPakFileMountedCallback: pending pak file info (ChunkID:-1 Root:root:/ File:C:/Program Files/Epic Games/UE_4.27/FeaturePacks/TP_FlyingBP.upack)
[2022.02.25-00.05.36:167][  0]LogPakFile: OnPakFileMounted2Time == 0.000032
[2022.02.25-00.05.36:167][  0]LogPakFile: PakFile PrimaryIndexSize=188
[2022.02.25-00.05.36:167][  0]LogPakFile: PakFile PathHashIndexSize=101
[2022.02.25-00.05.36:167][  0]LogPakFile: PakFile FullDirectoryIndexSize=150
[2022.02.25-00.05.36:167][  0]LogShaderLibrary: Display: ShaderCodeLibraryPakFileMountedCallback: PakFile 'C:/Program Files/Epic Games/UE_4.27/FeaturePacks/TP_HandheldARBP.upack' (chunk index -1, root 'root:/') mounted
[2022.02.25-00.05.36:167][  0]LogShaderLibrary: Display: ShaderCodeLibraryPakFileMountedCallback: pending pak file info (ChunkID:-1 Root:root:/ File:C:/Program Files/Epic Games/UE_4.27/FeaturePacks/TP_HandheldARBP.upack)
[2022.02.25-00.05.36:167][  0]LogPakFile: OnPakFileMounted2Time == 0.000031
[2022.02.25-00.05.36:168][  0]LogPakFile: PakFile PrimaryIndexSize=182
[2022.02.25-00.05.36:168][  0]LogPakFile: PakFile PathHashIndexSize=101
[2022.02.25-00.05.36:168][  0]LogPakFile: PakFile FullDirectoryIndexSize=138
[2022.02.25-00.05.36:168][  0]LogShaderLibrary: Display: ShaderCodeLibraryPakFileMountedCallback: PakFile 'C:/Program Files/Epic Games/UE_4.27/FeaturePacks/TP_Puzzle.upack' (chunk index -1, root 'root:/') mounted
[2022.02.25-00.05.36:168][  0]LogShaderLibrary: Display: ShaderCodeLibraryPakFileMountedCallback: pending pak file info (ChunkID:-1 Root:root:/ File:C:/Program Files/Epic Games/UE_4.27/FeaturePacks/TP_Puzzle.upack)
[2022.02.25-00.05.36:168][  0]LogPakFile: OnPakFileMounted2Time == 0.000031
[2022.02.25-00.05.36:168][  0]LogPakFile: PakFile PrimaryIndexSize=184
[2022.02.25-00.05.36:168][  0]LogPakFile: PakFile PathHashIndexSize=101
[2022.02.25-00.05.36:168][  0]LogPakFile: PakFile FullDirectoryIndexSize=142
[2022.02.25-00.05.36:168][  0]LogShaderLibrary: Display: ShaderCodeLibraryPakFileMountedCallback: PakFile 'C:/Program Files/Epic Games/UE_4.27/FeaturePacks/TP_PuzzleBP.upack' (chunk index -1, root 'root:/') mounted
[2022.02.25-00.05.36:168][  0]LogShaderLibrary: Display: ShaderCodeLibraryPakFileMountedCallback: pending pak file info (ChunkID:-1 Root:root:/ File:C:/Program Files/Epic Games/UE_4.27/FeaturePacks/TP_PuzzleBP.upack)
[2022.02.25-00.05.36:168][  0]LogPakFile: OnPakFileMounted2Time == 0.000031
[2022.02.25-00.05.36:169][  0]LogPakFile: PakFile PrimaryIndexSize=183
[2022.02.25-00.05.36:169][  0]LogPakFile: PakFile PathHashIndexSize=101
[2022.02.25-00.05.36:169][  0]LogPakFile: PakFile FullDirectoryIndexSize=140
[2022.02.25-00.05.36:169][  0]LogShaderLibrary: Display: ShaderCodeLibraryPakFileMountedCallback: PakFile 'C:/Program Files/Epic Games/UE_4.27/FeaturePacks/TP_Rolling.upack' (chunk index -1, root 'root:/') mounted
[2022.02.25-00.05.36:169][  0]LogShaderLibrary: Display: ShaderCodeLibraryPakFileMountedCallback: pending pak file info (ChunkID:-1 Root:root:/ File:C:/Program Files/Epic Games/UE_4.27/FeaturePacks/TP_Rolling.upack)
[2022.02.25-00.05.36:169][  0]LogPakFile: OnPakFileMounted2Time == 0.000033
[2022.02.25-00.05.36:169][  0]LogPakFile: PakFile PrimaryIndexSize=185
[2022.02.25-00.05.36:169][  0]LogPakFile: PakFile PathHashIndexSize=101
[2022.02.25-00.05.36:169][  0]LogPakFile: PakFile FullDirectoryIndexSize=144
[2022.02.25-00.05.36:169][  0]LogShaderLibrary: Display: ShaderCodeLibraryPakFileMountedCallback: PakFile 'C:/Program Files/Epic Games/UE_4.27/FeaturePacks/TP_RollingBP.upack' (chunk index -1, root 'root:/') mounted
[2022.02.25-00.05.36:169][  0]LogShaderLibrary: Display: ShaderCodeLibraryPakFileMountedCallback: pending pak file info (ChunkID:-1 Root:root:/ File:C:/Program Files/Epic Games/UE_4.27/FeaturePacks/TP_RollingBP.upack)
[2022.02.25-00.05.36:169][  0]LogPakFile: OnPakFileMounted2Time == 0.000031
[2022.02.25-00.05.36:170][  0]LogPakFile: PakFile PrimaryIndexSize=188
[2022.02.25-00.05.36:170][  0]LogPakFile: PakFile PathHashIndexSize=101
[2022.02.25-00.05.36:170][  0]LogPakFile: PakFile FullDirectoryIndexSize=150
[2022.02.25-00.05.36:170][  0]LogShaderLibrary: Display: ShaderCodeLibraryPakFileMountedCallback: PakFile 'C:/Program Files/Epic Games/UE_4.27/FeaturePacks/TP_SideScroller.upack' (chunk index -1, root 'root:/') mounted
[2022.02.25-00.05.36:170][  0]LogShaderLibrary: Display: ShaderCodeLibraryPakFileMountedCallback: pending pak file info (ChunkID:-1 Root:root:/ File:C:/Program Files/Epic Games/UE_4.27/FeaturePacks/TP_SideScroller.upack)
[2022.02.25-00.05.36:170][  0]LogPakFile: OnPakFileMounted2Time == 0.000030
[2022.02.25-00.05.36:170][  0]LogPakFile: PakFile PrimaryIndexSize=190
[2022.02.25-00.05.36:170][  0]LogPakFile: PakFile PathHashIndexSize=101
[2022.02.25-00.05.36:170][  0]LogPakFile: PakFile FullDirectoryIndexSize=154
[2022.02.25-00.05.36:170][  0]LogShaderLibrary: Display: ShaderCodeLibraryPakFileMountedCallback: PakFile 'C:/Program Files/Epic Games/UE_4.27/FeaturePacks/TP_SideScrollerBP.upack' (chunk index -1, root 'root:/') mounted
[2022.02.25-00.05.36:170][  0]LogShaderLibrary: Display: ShaderCodeLibraryPakFileMountedCallback: pending pak file info (ChunkID:-1 Root:root:/ File:C:/Program Files/Epic Games/UE_4.27/FeaturePacks/TP_SideScrollerBP.upack)
[2022.02.25-00.05.36:170][  0]LogPakFile: OnPakFileMounted2Time == 0.000031
[2022.02.25-00.05.36:171][  0]LogPakFile: PakFile PrimaryIndexSize=187
[2022.02.25-00.05.36:171][  0]LogPakFile: PakFile PathHashIndexSize=101
[2022.02.25-00.05.36:171][  0]LogPakFile: PakFile FullDirectoryIndexSize=148
[2022.02.25-00.05.36:171][  0]LogShaderLibrary: Display: ShaderCodeLibraryPakFileMountedCallback: PakFile 'C:/Program Files/Epic Games/UE_4.27/FeaturePacks/TP_ThirdPerson.upack' (chunk index -1, root 'root:/') mounted
[2022.02.25-00.05.36:171][  0]LogShaderLibrary: Display: ShaderCodeLibraryPakFileMountedCallback: pending pak file info (ChunkID:-1 Root:root:/ File:C:/Program Files/Epic Games/UE_4.27/FeaturePacks/TP_ThirdPerson.upack)
[2022.02.25-00.05.36:171][  0]LogPakFile: OnPakFileMounted2Time == 0.000030
[2022.02.25-00.05.36:171][  0]LogPakFile: PakFile PrimaryIndexSize=189
[2022.02.25-00.05.36:171][  0]LogPakFile: PakFile PathHashIndexSize=101
[2022.02.25-00.05.36:171][  0]LogPakFile: PakFile FullDirectoryIndexSize=152
[2022.02.25-00.05.36:171][  0]LogShaderLibrary: Display: ShaderCodeLibraryPakFileMountedCallback: PakFile 'C:/Program Files/Epic Games/UE_4.27/FeaturePacks/TP_ThirdPersonBP.upack' (chunk index -1, root 'root:/') mounted
[2022.02.25-00.05.36:171][  0]LogShaderLibrary: Display: ShaderCodeLibraryPakFileMountedCallback: pending pak file info (ChunkID:-1 Root:root:/ File:C:/Program Files/Epic Games/UE_4.27/FeaturePacks/TP_ThirdPersonBP.upack)
[2022.02.25-00.05.36:171][  0]LogPakFile: OnPakFileMounted2Time == 0.000031
[2022.02.25-00.05.36:172][  0]LogPakFile: PakFile PrimaryIndexSize=183
[2022.02.25-00.05.36:172][  0]LogPakFile: PakFile PathHashIndexSize=101
[2022.02.25-00.05.36:172][  0]LogPakFile: PakFile FullDirectoryIndexSize=140
[2022.02.25-00.05.36:172][  0]LogShaderLibrary: Display: ShaderCodeLibraryPakFileMountedCallback: PakFile 'C:/Program Files/Epic Games/UE_4.27/FeaturePacks/TP_TopDown.upack' (chunk index -1, root 'root:/') mounted
[2022.02.25-00.05.36:172][  0]LogShaderLibrary: Display: ShaderCodeLibraryPakFileMountedCallback: pending pak file info (ChunkID:-1 Root:root:/ File:C:/Program Files/Epic Games/UE_4.27/FeaturePacks/TP_TopDown.upack)
[2022.02.25-00.05.36:172][  0]LogPakFile: OnPakFileMounted2Time == 0.000040
[2022.02.25-00.05.36:172][  0]LogPakFile: PakFile PrimaryIndexSize=185
[2022.02.25-00.05.36:172][  0]LogPakFile: PakFile PathHashIndexSize=101
[2022.02.25-00.05.36:172][  0]LogPakFile: PakFile FullDirectoryIndexSize=144
[2022.02.25-00.05.36:172][  0]LogShaderLibrary: Display: ShaderCodeLibraryPakFileMountedCallback: PakFile 'C:/Program Files/Epic Games/UE_4.27/FeaturePacks/TP_TopDownBP.upack' (chunk index -1, root 'root:/') mounted
[2022.02.25-00.05.36:172][  0]LogShaderLibrary: Display: ShaderCodeLibraryPakFileMountedCallback: pending pak file info (ChunkID:-1 Root:root:/ File:C:/Program Files/Epic Games/UE_4.27/FeaturePacks/TP_TopDownBP.upack)
[2022.02.25-00.05.36:172][  0]LogPakFile: OnPakFileMounted2Time == 0.000031
[2022.02.25-00.05.36:173][  0]LogPakFile: PakFile PrimaryIndexSize=185
[2022.02.25-00.05.36:173][  0]LogPakFile: PakFile PathHashIndexSize=101
[2022.02.25-00.05.36:173][  0]LogPakFile: PakFile FullDirectoryIndexSize=144
[2022.02.25-00.05.36:173][  0]LogShaderLibrary: Display: ShaderCodeLibraryPakFileMountedCallback: PakFile 'C:/Program Files/Epic Games/UE_4.27/FeaturePacks/TP_TwinStick.upack' (chunk index -1, root 'root:/') mounted
[2022.02.25-00.05.36:173][  0]LogShaderLibrary: Display: ShaderCodeLibraryPakFileMountedCallback: pending pak file info (ChunkID:-1 Root:root:/ File:C:/Program Files/Epic Games/UE_4.27/FeaturePacks/TP_TwinStick.upack)
[2022.02.25-00.05.36:173][  0]LogPakFile: OnPakFileMounted2Time == 0.000034
[2022.02.25-00.05.36:173][  0]LogPakFile: PakFile PrimaryIndexSize=187
[2022.02.25-00.05.36:173][  0]LogPakFile: PakFile PathHashIndexSize=101
[2022.02.25-00.05.36:173][  0]LogPakFile: PakFile FullDirectoryIndexSize=148
[2022.02.25-00.05.36:173][  0]LogShaderLibrary: Display: ShaderCodeLibraryPakFileMountedCallback: PakFile 'C:/Program Files/Epic Games/UE_4.27/FeaturePacks/TP_TwinStickBP.upack' (chunk index -1, root 'root:/') mounted
[2022.02.25-00.05.36:173][  0]LogShaderLibrary: Display: ShaderCodeLibraryPakFileMountedCallback: pending pak file info (ChunkID:-1 Root:root:/ File:C:/Program Files/Epic Games/UE_4.27/FeaturePacks/TP_TwinStickBP.upack)
[2022.02.25-00.05.36:173][  0]LogPakFile: OnPakFileMounted2Time == 0.000030
[2022.02.25-00.05.36:174][  0]LogPakFile: PakFile PrimaryIndexSize=183
[2022.02.25-00.05.36:174][  0]LogPakFile: PakFile PathHashIndexSize=101
[2022.02.25-00.05.36:174][  0]LogPakFile: PakFile FullDirectoryIndexSize=140
[2022.02.25-00.05.36:174][  0]LogShaderLibrary: Display: ShaderCodeLibraryPakFileMountedCallback: PakFile 'C:/Program Files/Epic Games/UE_4.27/FeaturePacks/TP_Vehicle.upack' (chunk index -1, root 'root:/') mounted
[2022.02.25-00.05.36:174][  0]LogShaderLibrary: Display: ShaderCodeLibraryPakFileMountedCallback: pending pak file info (ChunkID:-1 Root:root:/ File:C:/Program Files/Epic Games/UE_4.27/FeaturePacks/TP_Vehicle.upack)
[2022.02.25-00.05.36:174][  0]LogPakFile: OnPakFileMounted2Time == 0.000030
[2022.02.25-00.05.36:174][  0]LogPakFile: PakFile PrimaryIndexSize=186
[2022.02.25-00.05.36:174][  0]LogPakFile: PakFile PathHashIndexSize=101
[2022.02.25-00.05.36:174][  0]LogPakFile: PakFile FullDirectoryIndexSize=146
[2022.02.25-00.05.36:174][  0]LogShaderLibrary: Display: ShaderCodeLibraryPakFileMountedCallback: PakFile 'C:/Program Files/Epic Games/UE_4.27/FeaturePacks/TP_VehicleAdv.upack' (chunk index -1, root 'root:/') mounted
[2022.02.25-00.05.36:174][  0]LogShaderLibrary: Display: ShaderCodeLibraryPakFileMountedCallback: pending pak file info (ChunkID:-1 Root:root:/ File:C:/Program Files/Epic Games/UE_4.27/FeaturePacks/TP_VehicleAdv.upack)
[2022.02.25-00.05.36:174][  0]LogPakFile: OnPakFileMounted2Time == 0.000032
[2022.02.25-00.05.36:175][  0]LogPakFile: PakFile PrimaryIndexSize=188
[2022.02.25-00.05.36:175][  0]LogPakFile: PakFile PathHashIndexSize=101
[2022.02.25-00.05.36:175][  0]LogPakFile: PakFile FullDirectoryIndexSize=150
[2022.02.25-00.05.36:175][  0]LogShaderLibrary: Display: ShaderCodeLibraryPakFileMountedCallback: PakFile 'C:/Program Files/Epic Games/UE_4.27/FeaturePacks/TP_VehicleAdvBP.upack' (chunk index -1, root 'root:/') mounted
[2022.02.25-00.05.36:175][  0]LogShaderLibrary: Display: ShaderCodeLibraryPakFileMountedCallback: pending pak file info (ChunkID:-1 Root:root:/ File:C:/Program Files/Epic Games/UE_4.27/FeaturePacks/TP_VehicleAdvBP.upack)
[2022.02.25-00.05.36:175][  0]LogPakFile: OnPakFileMounted2Time == 0.000033
[2022.02.25-00.05.36:175][  0]LogPakFile: PakFile PrimaryIndexSize=185
[2022.02.25-00.05.36:175][  0]LogPakFile: PakFile PathHashIndexSize=101
[2022.02.25-00.05.36:175][  0]LogPakFile: PakFile FullDirectoryIndexSize=144
[2022.02.25-00.05.36:175][  0]LogShaderLibrary: Display: ShaderCodeLibraryPakFileMountedCallback: PakFile 'C:/Program Files/Epic Games/UE_4.27/FeaturePacks/TP_VehicleBP.upack' (chunk index -1, root 'root:/') mounted
[2022.02.25-00.05.36:175][  0]LogShaderLibrary: Display: ShaderCodeLibraryPakFileMountedCallback: pending pak file info (ChunkID:-1 Root:root:/ File:C:/Program Files/Epic Games/UE_4.27/FeaturePacks/TP_VehicleBP.upack)
[2022.02.25-00.05.36:175][  0]LogPakFile: OnPakFileMounted2Time == 0.000031
[2022.02.25-00.05.36:176][  0]LogPakFile: PakFile PrimaryIndexSize=192
[2022.02.25-00.05.36:176][  0]LogPakFile: PakFile PathHashIndexSize=101
[2022.02.25-00.05.36:176][  0]LogPakFile: PakFile FullDirectoryIndexSize=158
[2022.02.25-00.05.36:176][  0]LogShaderLibrary: Display: ShaderCodeLibraryPakFileMountedCallback: PakFile 'C:/Program Files/Epic Games/UE_4.27/FeaturePacks/TP_VirtualRealityBP.upack' (chunk index -1, root 'root:/') mounted
[2022.02.25-00.05.36:176][  0]LogShaderLibrary: Display: ShaderCodeLibraryPakFileMountedCallback: pending pak file info (ChunkID:-1 Root:root:/ File:C:/Program Files/Epic Games/UE_4.27/FeaturePacks/TP_VirtualRealityBP.upack)
[2022.02.25-00.05.36:176][  0]LogPakFile: OnPakFileMounted2Time == 0.000031
[2022.02.25-00.05.36:202][  0]LogNativeClassHierarchy: Verbose: Native class hierarchy updated for 'AddContentDialog' in 0.0003 seconds. Added 0 classes and 0 folders.
[2022.02.25-00.05.36:266][  0]LogSlate: Took 0.000172 seconds to synchronously load lazily loaded font '../../../Engine/Content/Slate/Fonts/Roboto-Regular.ttf' (155K)
[2022.02.25-00.05.36:272][  0]LogSlate: Took 0.004615 seconds to synchronously load lazily loaded font '../../../Engine/Content/Editor/Slate/Fonts/FontAwesome.ttf' (139K)
[2022.02.25-00.05.36:275][  0]LogSlate: Took 0.000121 seconds to synchronously load lazily loaded font '../../../Engine/Content/Slate/Fonts/Roboto-Bold.ttf' (160K)
[2022.02.25-00.05.36:365][  0]LogRenderer: Reallocating scene render targets to support 1616x808 Format 10 NumSamples 1 (Frame:1).
[2022.02.25-00.05.36:534][  0]LogNativeClassHierarchy: Verbose: Native class hierarchy updated for 'HierarchicalLODOutliner' in 0.0003 seconds. Added 0 classes and 0 folders.
[2022.02.25-00.05.36:534][  0]LogInput: Warning: Action Jump uses invalid key OculusGo_Left_Trigger_Click.
[2022.02.25-00.05.36:534][  0]LogInput: Warning: Action ResetVR uses invalid key OculusGo_Left_Trackpad_Click.
[2022.02.25-00.05.36:534][  0]LogInput: Warning: Use -RemoveInvalidKeys to remove instances of these keys from the action mapping.
[2022.02.25-00.05.36:534][  0]LogLoad: (Engine Initialization) Total time: 10.79 seconds
[2022.02.25-00.05.36:534][  0]LogLoad: (Engine Initialization) Total Blueprint compile time: 0.00 seconds
[2022.02.25-00.05.36:577][  0]LogAssetRegistry: Asset discovery search completed in 5.9014 seconds
[2022.02.25-00.05.36:582][  0]LogCollectionManager: Fixed up redirectors for 0 collections in 0.000004 seconds (updated 0 objects)
[2022.02.25-00.05.36:582][  0]LogDirectoryWatcher: Display: A directory notification failed for 'Z:/IGMProfile/Documents/GitHub/IGME797/InClass20220217/Content/' because it was empty or there was a buffer overflow. Attemping another request...
[2022.02.25-00.05.36:582][  0]LogDirectoryWatcher: Display: A directory notification failed, and we were unable to create a new request. GetLastError code [87] Handle [0000000000001098], Path [Z:/IGMProfile/Documents/GitHub/IGME797/InClass20220217/Content/] 
[2022.02.25-00.05.36:583][  0]LogDirectoryWatcher: Display: A directory notification failed for 'Z:/IGMProfile/Documents/GitHub/IGME797/InClass20220217/Saved/Collections/' because it was empty or there was a buffer overflow. Attemping another request...
[2022.02.25-00.05.36:583][  0]LogDirectoryWatcher: Display: A directory notification failed for 'Z:/IGMProfile/Documents/GitHub/IGME797/InClass20220217/Content/Developers/kft3635/Collections/' because it was empty or there was a buffer overflow. Attemping another request...
[2022.02.25-00.05.36:583][  0]LogDirectoryWatcher: Display: A directory notification failed for 'Z:/IGMProfile/Documents/GitHub/IGME797/InClass20220217/Content/Collections/' because it was empty or there was a buffer overflow. Attemping another request...
[2022.02.25-00.05.36:583][  0]LogDirectoryWatcher: Display: A directory notification failed for 'Z:/IGMProfile/Documents/GitHub/IGME797/InClass20220217/Saved/Collections/' because it was empty or there was a buffer overflow. Attemping another request...
[2022.02.25-00.05.36:583][  0]LogDirectoryWatcher: Display: A directory notification failed, and we were unable to create a new request. GetLastError code [87] Handle [00000000000015AC], Path [Z:/IGMProfile/Documents/GitHub/IGME797/InClass20220217/Saved/Collections/] 
[2022.02.25-00.05.36:584][  0]LogDirectoryWatcher: Display: A directory notification failed for 'Z:/IGMProfile/Documents/GitHub/IGME797/InClass20220217/Content/Developers/kft3635/Collections/' because it was empty or there was a buffer overflow. Attemping another request...
[2022.02.25-00.05.36:584][  0]LogDirectoryWatcher: Display: A directory notification failed, and we were unable to create a new request. GetLastError code [87] Handle [000000000000167C], Path [Z:/IGMProfile/Documents/GitHub/IGME797/InClass20220217/Content/Developers/kft3635/Collections/] 
[2022.02.25-00.05.36:584][  0]LogDirectoryWatcher: Display: A directory notification failed for 'Z:/IGMProfile/Documents/GitHub/IGME797/InClass20220217/Content/Collections/' because it was empty or there was a buffer overflow. Attemping another request...
[2022.02.25-00.05.36:585][  0]LogDirectoryWatcher: Display: A directory notification failed, and we were unable to create a new request. GetLastError code [87] Handle [00000000000016AC], Path [Z:/IGMProfile/Documents/GitHub/IGME797/InClass20220217/Content/Collections/] 
[2022.02.25-00.05.36:587][  0]LogContentStreaming: Texture pool size now 1000 MB
