Log file open, 04/13/22 14:24:34
LogWindows: Failed to load 'aqProf.dll' (GetLastError=126)
LogWindows: File 'aqProf.dll' does not exist
LogWindows: Failed to load 'VtuneApi.dll' (GetLastError=126)
LogWindows: File 'VtuneApi.dll' does not exist
LogWindows: Failed to load 'VtuneApi32e.dll' (GetLastError=126)
LogWindows: File 'VtuneApi32e.dll' does not exist
LogConsoleResponse: Display: Failed to find resolution value strings in scalability ini. Falling back to default.
LogConsoleResponse: Display: Failed to find resolution value strings in scalability ini. Falling back to default.
LogInit: Display: Running engine for game: FinalProject
LogPlatformFile: Not using cached read wrapper
LogTaskGraph: Started task graph with 5 named threads and 83 total threads with 3 sets of task threads.
LogStats: Stats thread started at 0.913565
LogICUInternationalization: ICU TimeZone Detection - Raw Offset: -5:00, Platform Override: ''
LogInit: Display: Loading text-based GConfig....
LogPluginManager: Mounting plugin XGEController
LogPluginManager: Mounting plugin MeshPainting
LogPluginManager: Mounting plugin OodleData
LogPluginManager: Mounting plugin Paper2D
LogPluginManager: Mounting plugin CameraShakePreviewer
LogPluginManager: Mounting plugin LauncherChunkInstaller
LogPluginManager: Mounting plugin OodleNetwork
LogPluginManager: Mounting plugin GitSourceControl
LogPluginManager: Mounting plugin GameplayCameras
LogPluginManager: Mounting plugin AnimationSharing
LogPluginManager: Mounting plugin NullSourceCodeAccess
LogPluginManager: Mounting plugin PixWinPlugin
LogPluginManager: Mounting plugin KDevelopSourceCodeAccess
LogPluginManager: Mounting plugin LiveLink
LogPluginManager: Mounting plugin CLionSourceCodeAccess
LogPluginManager: Mounting plugin LightPropagationVolume
LogPluginManager: Mounting plugin CodeLiteSourceCodeAccess
LogPluginManager: Mounting plugin LuminPlatformFeatures
LogPluginManager: Mounting plugin PlasticSourceControl
LogPluginManager: Mounting plugin PerforceSourceControl
LogPluginManager: Mounting plugin MagicLeapMedia
LogPluginManager: Mounting plugin TextureFormatOodle
LogPluginManager: Mounting plugin SubversionSourceControl
LogPluginManager: Mounting plugin RiderSourceCodeAccess
LogPluginManager: Mounting plugin PropertyAccessNode
LogPluginManager: Mounting plugin PluginUtils
LogPluginManager: Mounting plugin MagicLeapPassableWorld
LogPluginManager: Mounting plugin MLSDK
LogPluginManager: Mounting plugin MagicLeap
LogPluginManager: Mounting plugin AISupport
LogPluginManager: Mounting plugin MagicLeapLightEstimation
LogPluginManager: Mounting plugin EnvironmentQueryEditor
LogPluginManager: Mounting plugin UObjectPlugin
LogPluginManager: Mounting plugin VisualStudioCodeSourceCodeAccess
LogPluginManager: Mounting plugin VisualStudioSourceCodeAccess
LogPluginManager: Mounting plugin XCodeSourceCodeAccess
LogPluginManager: Mounting plugin AssetManagerEditor
LogPluginManager: Mounting plugin GeometryMode
LogPluginManager: Mounting plugin MobileLauncherProfileWizard
LogPluginManager: Mounting plugin GameplayTagsEditor
LogPluginManager: Mounting plugin OnlineSubsystem
LogPluginManager: Mounting plugin MacGraphicsSwitching
LogPluginManager: Mounting plugin CurveEditorTools
LogPluginManager: Mounting plugin FacialAnimation
LogPluginManager: Mounting plugin CryptoKeys
LogPluginManager: Mounting plugin MaterialAnalyzer
LogPluginManager: Mounting plugin SpeedTreeImporter
LogPluginManager: Mounting plugin PluginBrowser
LogPluginManager: Mounting plugin DataValidation
LogPluginManager: Mounting plugin OnlineSubsystemNull
LogPluginManager: Mounting plugin AndroidMedia
LogPluginManager: Mounting plugin OnlineSubsystemUtils
LogPluginManager: Mounting plugin Niagara
LogPluginManager: Mounting plugin AvfMedia
LogPluginManager: Mounting plugin MediaPlayerEditor
LogPluginManager: Mounting plugin ImgMedia
LogPluginManager: Mounting plugin WebMMedia
LogPluginManager: Mounting plugin WmfMedia
LogPluginManager: Mounting plugin MediaCompositing
LogPluginManager: Mounting plugin VariantManagerContent
LogPluginManager: Mounting plugin DatasmithContent
LogPluginManager: Mounting plugin ScreenshotTools
LogPluginManager: Mounting plugin ActorSequence
LogPluginManager: Mounting plugin TcpMessaging
LogPluginManager: Mounting plugin Takes
LogPluginManager: Mounting plugin UdpMessaging
LogPluginManager: Mounting plugin AutomationUtils
LogPluginManager: Mounting plugin AlembicImporter
LogPluginManager: Mounting plugin BackChannel
LogPluginManager: Mounting plugin ChaosNiagara
LogPluginManager: Mounting plugin ChaosEditor
LogPluginManager: Mounting plugin ChaosClothEditor
LogPluginManager: Mounting plugin ChaosCloth
LogPluginManager: Mounting plugin CharacterAI
LogPluginManager: Mounting plugin ChaosSolverPlugin
LogPluginManager: Mounting plugin MatineeToLevelSequence
LogPluginManager: Mounting plugin TemplateSequence
LogPluginManager: Mounting plugin LevelSequenceEditor
LogPluginManager: Mounting plugin ActorLayerUtilities
LogPluginManager: Mounting plugin GeometryCollectionPlugin
LogPluginManager: Mounting plugin GeometryCache
LogPluginManager: Mounting plugin AndroidPermission
LogPluginManager: Mounting plugin AndroidMoviePlayer
LogPluginManager: Mounting plugin AndroidDeviceProfileSelector
LogPluginManager: Mounting plugin GoogleCloudMessaging
LogPluginManager: Mounting plugin ExampleDeviceProfileSelector
LogPluginManager: Mounting plugin AssetTags
LogPluginManager: Mounting plugin CableComponent
LogPluginManager: Mounting plugin AppleImageUtils
LogPluginManager: Mounting plugin AudioSynesthesia
LogPluginManager: Mounting plugin EditableMesh
LogPluginManager: Mounting plugin AudioCapture
LogPluginManager: Mounting plugin AppleMoviePlayer
LogPluginManager: Mounting plugin ChunkDownloader
LogPluginManager: Mounting plugin CustomMeshComponent
LogPluginManager: Mounting plugin ArchVisCharacter
LogPluginManager: Mounting plugin GooglePAD
LogPluginManager: Mounting plugin PythonScriptPlugin
LogPluginManager: Mounting plugin GeometryProcessing
LogPluginManager: Mounting plugin ProxyLODPlugin
LogPluginManager: Mounting plugin PlatformCrypto
LogPluginManager: Mounting plugin OpenImageDenoise
LogPluginManager: Mounting plugin SkeletalReduction
LogPluginManager: Mounting plugin PlanarCut
LogPluginManager: Mounting plugin MotoSynth
LogPluginManager: Mounting plugin OpenXR
LogPluginManager: Mounting plugin OpenXREyeTracker
LogPluginManager: Mounting plugin LinuxDeviceProfileSelector
LogPluginManager: Mounting plugin OpenXRHandTracking
LogPluginManager: Mounting plugin IOSDeviceProfileSelector
LogPluginManager: Mounting plugin SignificanceManager
LogPluginManager: Mounting plugin RuntimePhysXCooking
LogPluginManager: Mounting plugin SoundFields
LogPluginManager: Mounting plugin MobilePatchingUtils
LogPluginManager: Mounting plugin LocationServicesBPLibrary
LogPluginManager: Mounting plugin PostSplashScreen
LogPluginManager: Mounting plugin PropertyAccessEditor
LogPluginManager: Mounting plugin Synthesis
LogPluginManager: Mounting plugin ProceduralMeshComponent
LogPluginManager: Mounting plugin PhysXVehicles
LogPluginManager: Mounting plugin WindowsMoviePlayer
LogPluginManager: Mounting plugin WebMMoviePlayer
LogPluginManager: Mounting plugin OnlineSubsystemGooglePlay
LogPluginManager: Mounting plugin OnlineSubsystemIOS
LogPluginManager: Mounting plugin ContentBrowserAssetDataSource
LogPluginManager: Mounting plugin ContentBrowserClassDataSource
LogPluginManager: Mounting plugin ContentBrowserFileDataSource
LogPluginManager: Mounting plugin OculusVR
LogPluginManager: Mounting plugin SteamVR
PixWinPlugin: PIX capture plugin failed to initialize! Check that the process is launched from PIX.
LogInit: Using libcurl 7.55.1-DEV
LogInit:  - built for x86_64-pc-win32
LogInit:  - supports SSL with OpenSSL/1.1.1
LogInit:  - supports HTTP deflate (compression) using libz 1.2.8
LogInit:  - other features:
LogInit:      CURL_VERSION_SSL
LogInit:      CURL_VERSION_LIBZ
LogInit:      CURL_VERSION_IPV6
LogInit:      CURL_VERSION_ASYNCHDNS
LogInit:      CURL_VERSION_LARGEFILE
LogInit:      CURL_VERSION_IDN
LogInit:  CurlRequestOptions (configurable via config and command line):
LogInit:  - bVerifyPeer = true  - Libcurl will verify peer certificate
LogInit:  - bUseHttpProxy = false  - Libcurl will NOT use HTTP proxy
LogInit:  - bDontReuseConnections = false  - Libcurl will reuse connections
LogInit:  - MaxHostConnections = 16  - Libcurl will limit the number of connections to a host
LogInit:  - LocalHostAddr = Default
LogInit:  - BufferSize = 65536
LogOnline: OSS: Creating online subsystem instance for: NULL
LogInit: WinSock: version 1.1 (2.2), MaxSocks=32767, MaxUdp=65467
LogOnline: OSS: TryLoadSubsystemAndSetDefault: Loaded subsystem for module [NULL]
LogOculusPluginWrapper: OculusPlugin initialized successfully
LogHMD: Failed initializing OVRPlugin 1.59.0
LogInit: Build: ++UE4+Release-4.27-CL-18319896
LogInit: Engine Version: 4.27.2-18319896+++UE4+Release-4.27
LogInit: Compatible Engine Version: 4.27.0-17155196+++UE4+Release-4.27
LogInit: Net CL: 17155196
LogInit: OS: Windows 10 (Release 2009) (), CPU: AMD Ryzen 9 5950X 16-Core Processor            , GPU: NVIDIA GeForce RTX 3090
LogInit: Compiled (64-bit): Nov 30 2021 07:12:08
LogInit: Compiled with Visual C++: 19.24.28315.00
LogInit: Build Configuration: Development
LogInit: Branch Name: ++UE4+Release-4.27
LogInit: Command Line: 
LogInit: Base Directory: C:/Program Files/Epic Games/UE_4.27/Engine/Binaries/Win64/
LogInit: Allocator: TBB
LogInit: Installed Engine Build: 1
LogDevObjectVersion: Number of dev versions registered: 29
LogDevObjectVersion:   Dev-Blueprints (B0D832E4-1F89-4F0D-ACCF-7EB736FD4AA2): 10
LogDevObjectVersion:   Dev-Build (E1C64328-A22C-4D53-A36C-8E866417BD8C): 0
LogDevObjectVersion:   Dev-Core (375EC13C-06E4-48FB-B500-84F0262A717E): 4
LogDevObjectVersion:   Dev-Editor (E4B068ED-F494-42E9-A231-DA0B2E46BB41): 40
LogDevObjectVersion:   Dev-Framework (CFFC743F-43B0-4480-9391-14DF171D2073): 37
LogDevObjectVersion:   Dev-Mobile (B02B49B5-BB20-44E9-A304-32B752E40360): 3
LogDevObjectVersion:   Dev-Networking (A4E4105C-59A1-49B5-A7C5-40C4547EDFEE): 0
LogDevObjectVersion:   Dev-Online (39C831C9-5AE6-47DC-9A44-9C173E1C8E7C): 0
LogDevObjectVersion:   Dev-Physics (78F01B33-EBEA-4F98-B9B4-84EACCB95AA2): 14
LogDevObjectVersion:   Dev-Platform (6631380F-2D4D-43E0-8009-CF276956A95A): 0
LogDevObjectVersion:   Dev-Rendering (12F88B9F-8875-4AFC-A67C-D90C383ABD29): 45
LogDevObjectVersion:   Dev-Sequencer (7B5AE74C-D270-4C10-A958-57980B212A5A): 13
LogDevObjectVersion:   Dev-VR (D7296918-1DD6-4BDD-9DE2-64A83CC13884): 3
LogDevObjectVersion:   Dev-LoadTimes (C2A15278-BFE7-4AFE-6C17-90FF531DF755): 1
LogDevObjectVersion:   Private-Geometry (6EACA3D4-40EC-4CC1-B786-8BED09428FC5): 3
LogDevObjectVersion:   Dev-AnimPhys (29E575DD-E0A3-4627-9D10-D276232CDCEA): 17
LogDevObjectVersion:   Dev-Anim (AF43A65D-7FD3-4947-9873-3E8ED9C1BB05): 15
LogDevObjectVersion:   Dev-ReflectionCapture (6B266CEC-1EC7-4B8F-A30B-E4D90942FC07): 1
LogDevObjectVersion:   Dev-Automation (0DF73D61-A23F-47EA-B727-89E90C41499A): 1
LogDevObjectVersion:   FortniteMain (601D1886-AC64-4F84-AA16-D3DE0DEAC7D6): 47
LogDevObjectVersion:   FortniteRelease (E7086368-6B23-4C58-8439-1B7016265E91): 1
LogDevObjectVersion:   Dev-Enterprise (9DFFBCD6-494F-0158-E221-12823C92A888): 10
LogDevObjectVersion:   Dev-Niagara (F2AED0AC-9AFE-416F-8664-AA7FFA26D6FC): 1
LogDevObjectVersion:   Dev-Destruction (174F1F0B-B4C6-45A5-B13F-2EE8D0FB917D): 10
LogDevObjectVersion:   Dev-Physics-Ext (35F94A83-E258-406C-A318-09F59610247C): 41
LogDevObjectVersion:   Dev-PhysicsMaterial-Chaos (B68FC16E-8B1B-42E2-B453-215C058844FE): 1
LogDevObjectVersion:   Dev-CineCamera (B2E18506-4273-CFC2-A54E-F4BB758BBA07): 1
LogDevObjectVersion:   Dev-VirtualProduction (64F58936-FD1B-42BA-BA96-7289D5D0FA4E): 1
LogDevObjectVersion:   Dev-MediaFramework (6F0ED827-A609-4895-9C91-998D90180EA4): 2
LogInit: Presizing for max 25165824 objects, including 0 objects not considered by GC, pre-allocating 0 bytes for permanent pool.
LogConfig: Applying CVar settings from Section [/Script/Engine.StreamingSettings] File [D:/Users/pangu/Documents/GitHub/IGME797/FinalProject/Saved/Config/Windows/Engine.ini]
LogConfig: Setting CVar [[s.MinBulkDataSizeForAsyncLoading:131072]]
LogConfig: Setting CVar [[s.AsyncLoadingThreadEnabled:0]]
LogConfig: Setting CVar [[s.EventDrivenLoaderEnabled:1]]
LogConfig: Setting CVar [[s.WarnIfTimeLimitExceeded:0]]
LogConfig: Setting CVar [[s.TimeLimitExceededMultiplier:1.5]]
LogConfig: Setting CVar [[s.TimeLimitExceededMinTime:0.005]]
LogConfig: Setting CVar [[s.UseBackgroundLevelStreaming:1]]
LogConfig: Setting CVar [[s.PriorityAsyncLoadingExtraTime:15.0]]
LogConfig: Setting CVar [[s.LevelStreamingActorsUpdateTimeLimit:5.0]]
LogConfig: Setting CVar [[s.PriorityLevelStreamingActorsUpdateExtraTime:5.0]]
LogConfig: Setting CVar [[s.LevelStreamingComponentsRegistrationGranularity:10]]
LogConfig: Setting CVar [[s.UnregisterComponentsTimeLimit:1.0]]
LogConfig: Setting CVar [[s.LevelStreamingComponentsUnregistrationGranularity:5]]
LogConfig: Setting CVar [[s.FlushStreamingOnExit:1]]
LogInit: Object subsystem initialized
LogConfig: Setting CVar [[con.DebugEarlyDefault:1]]
LogConfig: Setting CVar [[r.setres:1280x720]]
[2022.04.13-18.24.35:598][  0]LogConfig: Setting CVar [[r.VSync:0]]
[2022.04.13-18.24.35:598][  0]LogConfig: Setting CVar [[r.RHICmdBypass:0]]
[2022.04.13-18.24.35:598][  0]LogConfig: Applying CVar settings from Section [/Script/Engine.RendererSettings] File [D:/Users/pangu/Documents/GitHub/IGME797/FinalProject/Saved/Config/Windows/Engine.ini]
[2022.04.13-18.24.35:598][  0]LogConfig: Setting CVar [[r.GPUCrashDebugging:0]]
[2022.04.13-18.24.35:598][  0]LogConfig: Applying CVar settings from Section [/Script/Engine.RendererOverrideSettings] File [D:/Users/pangu/Documents/GitHub/IGME797/FinalProject/Saved/Config/Windows/Engine.ini]
[2022.04.13-18.24.35:598][  0]LogConfig: Applying CVar settings from Section [/Script/Engine.StreamingSettings] File [D:/Users/pangu/Documents/GitHub/IGME797/FinalProject/Saved/Config/Windows/Engine.ini]
[2022.04.13-18.24.35:598][  0]LogConfig: Setting CVar [[s.MinBulkDataSizeForAsyncLoading:131072]]
[2022.04.13-18.24.35:598][  0]LogConfig: Setting CVar [[s.AsyncLoadingThreadEnabled:0]]
[2022.04.13-18.24.35:598][  0]LogConfig: Setting CVar [[s.EventDrivenLoaderEnabled:1]]
[2022.04.13-18.24.35:598][  0]LogConfig: Setting CVar [[s.WarnIfTimeLimitExceeded:0]]
[2022.04.13-18.24.35:598][  0]LogConfig: Setting CVar [[s.TimeLimitExceededMultiplier:1.5]]
[2022.04.13-18.24.35:598][  0]LogConfig: Setting CVar [[s.TimeLimitExceededMinTime:0.005]]
[2022.04.13-18.24.35:598][  0]LogConfig: Setting CVar [[s.UseBackgroundLevelStreaming:1]]
[2022.04.13-18.24.35:598][  0]LogConfig: Setting CVar [[s.PriorityAsyncLoadingExtraTime:15.0]]
[2022.04.13-18.24.35:598][  0]LogConfig: Setting CVar [[s.LevelStreamingActorsUpdateTimeLimit:5.0]]
[2022.04.13-18.24.35:598][  0]LogConfig: Setting CVar [[s.PriorityLevelStreamingActorsUpdateExtraTime:5.0]]
[2022.04.13-18.24.35:598][  0]LogConfig: Setting CVar [[s.LevelStreamingComponentsRegistrationGranularity:10]]
[2022.04.13-18.24.35:598][  0]LogConfig: Setting CVar [[s.UnregisterComponentsTimeLimit:1.0]]
[2022.04.13-18.24.35:598][  0]LogConfig: Setting CVar [[s.LevelStreamingComponentsUnregistrationGranularity:5]]
[2022.04.13-18.24.35:598][  0]LogConfig: Setting CVar [[s.FlushStreamingOnExit:1]]
[2022.04.13-18.24.35:598][  0]LogConfig: Applying CVar settings from Section [/Script/Engine.GarbageCollectionSettings] File [D:/Users/pangu/Documents/GitHub/IGME797/FinalProject/Saved/Config/Windows/Engine.ini]
[2022.04.13-18.24.35:598][  0]LogConfig: Setting CVar [[gc.MaxObjectsNotConsideredByGC:1]]
[2022.04.13-18.24.35:598][  0]LogConfig: Setting CVar [[gc.SizeOfPermanentObjectPool:0]]
[2022.04.13-18.24.35:599][  0]LogConfig: Setting CVar [[gc.FlushStreamingOnGC:0]]
[2022.04.13-18.24.35:599][  0]LogConfig: Setting CVar [[gc.NumRetriesBeforeForcingGC:10]]
[2022.04.13-18.24.35:599][  0]LogConfig: Setting CVar [[gc.AllowParallelGC:1]]
[2022.04.13-18.24.35:599][  0]LogConfig: Setting CVar [[gc.TimeBetweenPurgingPendingKillObjects:61.1]]
[2022.04.13-18.24.35:599][  0]LogConfig: Setting CVar [[gc.MaxObjectsInEditor:25165824]]
[2022.04.13-18.24.35:599][  0]LogConfig: Setting CVar [[gc.IncrementalBeginDestroyEnabled:1]]
[2022.04.13-18.24.35:599][  0]LogConfig: Setting CVar [[gc.CreateGCClusters:1]]
[2022.04.13-18.24.35:599][  0]LogConfig: Setting CVar [[gc.MinGCClusterSize:5]]
[2022.04.13-18.24.35:599][  0]LogConfig: Setting CVar [[gc.ActorClusteringEnabled:0]]
[2022.04.13-18.24.35:599][  0]LogConfig: Setting CVar [[gc.BlueprintClusteringEnabled:0]]
[2022.04.13-18.24.35:599][  0]LogConfig: Setting CVar [[gc.UseDisregardForGCOnDedicatedServers:0]]
[2022.04.13-18.24.35:599][  0]LogConfig: Setting CVar [[gc.MultithreadedDestructionEnabled:1]]
[2022.04.13-18.24.35:599][  0]LogConfig: Applying CVar settings from Section [/Script/Engine.NetworkSettings] File [D:/Users/pangu/Documents/GitHub/IGME797/FinalProject/Saved/Config/Windows/Engine.ini]
[2022.04.13-18.24.35:599][  0]LogConfig: Applying CVar settings from Section [/Script/UnrealEd.CookerSettings] File [D:/Users/pangu/Documents/GitHub/IGME797/FinalProject/Saved/Config/Windows/Engine.ini]
[2022.04.13-18.24.35:610][  0]LogConfig: Applying CVar settings from Section [ViewDistanceQuality@3] File [D:/Users/pangu/Documents/GitHub/IGME797/FinalProject/Saved/Config/Windows/Scalability.ini]
[2022.04.13-18.24.35:610][  0]LogConfig: Setting CVar [[r.SkeletalMeshLODBias:0]]
[2022.04.13-18.24.35:610][  0]LogConfig: Setting CVar [[r.ViewDistanceScale:1.0]]
[2022.04.13-18.24.35:610][  0]LogConfig: Applying CVar settings from Section [AntiAliasingQuality@3] File [D:/Users/pangu/Documents/GitHub/IGME797/FinalProject/Saved/Config/Windows/Scalability.ini]
[2022.04.13-18.24.35:610][  0]LogConfig: Setting CVar [[r.PostProcessAAQuality:4]]
[2022.04.13-18.24.35:610][  0]LogConfig: Applying CVar settings from Section [ShadowQuality@3] File [D:/Users/pangu/Documents/GitHub/IGME797/FinalProject/Saved/Config/Windows/Scalability.ini]
[2022.04.13-18.24.35:610][  0]LogConfig: Setting CVar [[r.LightFunctionQuality:1]]
[2022.04.13-18.24.35:610][  0]LogConfig: Setting CVar [[r.ShadowQuality:5]]
[2022.04.13-18.24.35:610][  0]LogConfig: Setting CVar [[r.Shadow.CSM.MaxCascades:10]]
[2022.04.13-18.24.35:610][  0]LogConfig: Setting CVar [[r.Shadow.MaxResolution:2048]]
[2022.04.13-18.24.35:611][  0]LogConfig: Setting CVar [[r.Shadow.MaxCSMResolution:2048]]
[2022.04.13-18.24.35:611][  0]LogConfig: Setting CVar [[r.Shadow.RadiusThreshold:0.01]]
[2022.04.13-18.24.35:611][  0]LogConfig: Setting CVar [[r.Shadow.DistanceScale:1.0]]
[2022.04.13-18.24.35:611][  0]LogConfig: Setting CVar [[r.Shadow.CSM.TransitionScale:1.0]]
[2022.04.13-18.24.35:611][  0]LogConfig: Setting CVar [[r.Shadow.PreShadowResolutionFactor:1.0]]
[2022.04.13-18.24.35:611][  0]LogConfig: Setting CVar [[r.DistanceFieldShadowing:1]]
[2022.04.13-18.24.35:611][  0]LogConfig: Setting CVar [[r.DistanceFieldAO:1]]
[2022.04.13-18.24.35:611][  0]LogConfig: Setting CVar [[r.AOQuality:2]]
[2022.04.13-18.24.35:611][  0]LogConfig: Setting CVar [[r.VolumetricFog:1]]
[2022.04.13-18.24.35:611][  0]LogConfig: Setting CVar [[r.VolumetricFog.GridPixelSize:8]]
[2022.04.13-18.24.35:611][  0]LogConfig: Setting CVar [[r.VolumetricFog.GridSizeZ:128]]
[2022.04.13-18.24.35:611][  0]LogConfig: Setting CVar [[r.VolumetricFog.HistoryMissSupersampleCount:4]]
[2022.04.13-18.24.35:611][  0]LogConfig: Setting CVar [[r.LightMaxDrawDistanceScale:1]]
[2022.04.13-18.24.35:611][  0]LogConfig: Setting CVar [[r.CapsuleShadows:1]]
[2022.04.13-18.24.35:611][  0]LogConfig: Applying CVar settings from Section [PostProcessQuality@3] File [D:/Users/pangu/Documents/GitHub/IGME797/FinalProject/Saved/Config/Windows/Scalability.ini]
[2022.04.13-18.24.35:611][  0]LogConfig: Setting CVar [[r.MotionBlurQuality:4]]
[2022.04.13-18.24.35:611][  0]LogConfig: Setting CVar [[r.AmbientOcclusionMipLevelFactor:0.4]]
[2022.04.13-18.24.35:611][  0]LogConfig: Setting CVar [[r.AmbientOcclusionMaxQuality:100]]
[2022.04.13-18.24.35:611][  0]LogConfig: Setting CVar [[r.AmbientOcclusionLevels:-1]]
[2022.04.13-18.24.35:611][  0]LogConfig: Setting CVar [[r.AmbientOcclusionRadiusScale:1.0]]
[2022.04.13-18.24.35:611][  0]LogConfig: Setting CVar [[r.DepthOfFieldQuality:2]]
[2022.04.13-18.24.35:611][  0]LogConfig: Setting CVar [[r.RenderTargetPoolMin:400]]
[2022.04.13-18.24.35:611][  0]LogConfig: Setting CVar [[r.LensFlareQuality:2]]
[2022.04.13-18.24.35:611][  0]LogConfig: Setting CVar [[r.SceneColorFringeQuality:1]]
[2022.04.13-18.24.35:611][  0]LogConfig: Setting CVar [[r.EyeAdaptationQuality:2]]
[2022.04.13-18.24.35:611][  0]LogConfig: Setting CVar [[r.BloomQuality:5]]
[2022.04.13-18.24.35:611][  0]LogConfig: Setting CVar [[r.FastBlurThreshold:100]]
[2022.04.13-18.24.35:611][  0]LogConfig: Setting CVar [[r.Upscale.Quality:3]]
[2022.04.13-18.24.35:611][  0]LogConfig: Setting CVar [[r.Tonemapper.GrainQuantization:1]]
[2022.04.13-18.24.35:611][  0]LogConfig: Setting CVar [[r.LightShaftQuality:1]]
[2022.04.13-18.24.35:611][  0]LogConfig: Setting CVar [[r.Filter.SizeScale:1]]
[2022.04.13-18.24.35:611][  0]LogConfig: Setting CVar [[r.Tonemapper.Quality:5]]
[2022.04.13-18.24.35:611][  0]LogConfig: Setting CVar [[r.DOF.Gather.AccumulatorQuality:1        ; higher gathering accumulator quality]]
[2022.04.13-18.24.35:611][  0]LogConfig: Setting CVar [[r.DOF.Gather.PostfilterMethod:1          ; Median3x3 postfilering method]]
[2022.04.13-18.24.35:611][  0]LogConfig: Setting CVar [[r.DOF.Gather.EnableBokehSettings:0       ; no bokeh simulation when gathering]]
[2022.04.13-18.24.35:611][  0]LogConfig: Setting CVar [[r.DOF.Gather.RingCount:4                 ; medium number of samples when gathering]]
[2022.04.13-18.24.35:611][  0]LogConfig: Setting CVar [[r.DOF.Scatter.ForegroundCompositing:1    ; additive foreground scattering]]
[2022.04.13-18.24.35:611][  0]LogConfig: Setting CVar [[r.DOF.Scatter.BackgroundCompositing:2    ; additive background scattering]]
[2022.04.13-18.24.35:611][  0]LogConfig: Setting CVar [[r.DOF.Scatter.EnableBokehSettings:1      ; bokeh simulation when scattering]]
[2022.04.13-18.24.35:611][  0]LogConfig: Setting CVar [[r.DOF.Scatter.MaxSpriteRatio:0.1         ; only a maximum of 10% of scattered bokeh]]
[2022.04.13-18.24.35:611][  0]LogConfig: Setting CVar [[r.DOF.Recombine.Quality:1                ; cheap slight out of focus]]
[2022.04.13-18.24.35:611][  0]LogConfig: Setting CVar [[r.DOF.Recombine.EnableBokehSettings:0    ; no bokeh simulation on slight out of focus]]
[2022.04.13-18.24.35:611][  0]LogConfig: Setting CVar [[r.DOF.TemporalAAQuality:1                ; more stable temporal accumulation]]
[2022.04.13-18.24.35:611][  0]LogConfig: Setting CVar [[r.DOF.Kernel.MaxForegroundRadius:0.025]]
[2022.04.13-18.24.35:611][  0]LogConfig: Setting CVar [[r.DOF.Kernel.MaxBackgroundRadius:0.025]]
[2022.04.13-18.24.35:611][  0]LogConfig: Applying CVar settings from Section [TextureQuality@3] File [D:/Users/pangu/Documents/GitHub/IGME797/FinalProject/Saved/Config/Windows/Scalability.ini]
[2022.04.13-18.24.35:611][  0]LogConfig: Setting CVar [[r.Streaming.MipBias:0]]
[2022.04.13-18.24.35:611][  0]LogConfig: Setting CVar [[r.Streaming.AmortizeCPUToGPUCopy:0]]
[2022.04.13-18.24.35:611][  0]LogConfig: Setting CVar [[r.Streaming.MaxNumTexturesToStreamPerFrame:0]]
[2022.04.13-18.24.35:611][  0]LogConfig: Setting CVar [[r.Streaming.Boost:1]]
[2022.04.13-18.24.35:611][  0]LogConfig: Setting CVar [[r.MaxAnisotropy:8]]
[2022.04.13-18.24.35:611][  0]LogConfig: Setting CVar [[r.VT.MaxAnisotropy:8]]
[2022.04.13-18.24.35:611][  0]LogConfig: Setting CVar [[r.Streaming.LimitPoolSizeToVRAM:0]]
[2022.04.13-18.24.35:611][  0]LogConfig: Setting CVar [[r.Streaming.PoolSize:1000]]
[2022.04.13-18.24.35:611][  0]LogConfig: Setting CVar [[r.Streaming.MaxEffectiveScreenSize:0]]
[2022.04.13-18.24.35:611][  0]LogConfig: Applying CVar settings from Section [EffectsQuality@3] File [D:/Users/pangu/Documents/GitHub/IGME797/FinalProject/Saved/Config/Windows/Scalability.ini]
[2022.04.13-18.24.35:611][  0]LogConfig: Setting CVar [[r.TranslucencyLightingVolumeDim:64]]
[2022.04.13-18.24.35:611][  0]LogConfig: Setting CVar [[r.RefractionQuality:2]]
[2022.04.13-18.24.35:611][  0]LogConfig: Setting CVar [[r.SSR.Quality:3]]
[2022.04.13-18.24.35:611][  0]LogConfig: Setting CVar [[r.SSR.HalfResSceneColor:0]]
[2022.04.13-18.24.35:611][  0]LogConfig: Setting CVar [[r.SceneColorFormat:4]]
[2022.04.13-18.24.35:611][  0]LogConfig: Setting CVar [[r.DetailMode:2]]
[2022.04.13-18.24.35:611][  0]LogConfig: Setting CVar [[r.TranslucencyVolumeBlur:1]]
[2022.04.13-18.24.35:611][  0]LogConfig: Setting CVar [[r.MaterialQualityLevel:1 ; High quality]]
[2022.04.13-18.24.35:611][  0]LogConfig: Setting CVar [[r.AnisotropicMaterials:1]]
[2022.04.13-18.24.35:611][  0]LogConfig: Setting CVar [[r.SSS.Scale:1]]
[2022.04.13-18.24.35:611][  0]LogConfig: Setting CVar [[r.SSS.SampleSet:2]]
[2022.04.13-18.24.35:611][  0]LogConfig: Setting CVar [[r.SSS.Quality:1]]
[2022.04.13-18.24.35:611][  0]LogConfig: Setting CVar [[r.SSS.HalfRes:0]]
[2022.04.13-18.24.35:611][  0]LogConfig: Setting CVar [[r.SSGI.Quality:3]]
[2022.04.13-18.24.35:611][  0]LogConfig: Setting CVar [[r.EmitterSpawnRateScale:1.0]]
[2022.04.13-18.24.35:611][  0]LogConfig: Setting CVar [[r.ParticleLightQuality:2]]
[2022.04.13-18.24.35:611][  0]LogConfig: Setting CVar [[r.SkyAtmosphere.AerialPerspectiveLUT.FastApplyOnOpaque:1 ; Always have FastSkyLUT 1 in this case to avoid wrong sky]]
[2022.04.13-18.24.35:611][  0]LogConfig: Setting CVar [[r.SkyAtmosphere.AerialPerspectiveLUT.SampleCountMaxPerSlice:4]]
[2022.04.13-18.24.35:611][  0]LogConfig: Setting CVar [[r.SkyAtmosphere.AerialPerspectiveLUT.DepthResolution:16.0]]
[2022.04.13-18.24.35:611][  0]LogConfig: Setting CVar [[r.SkyAtmosphere.FastSkyLUT:1]]
[2022.04.13-18.24.35:611][  0]LogConfig: Setting CVar [[r.SkyAtmosphere.FastSkyLUT.SampleCountMin:4.0]]
[2022.04.13-18.24.35:611][  0]LogConfig: Setting CVar [[r.SkyAtmosphere.FastSkyLUT.SampleCountMax:128.0]]
[2022.04.13-18.24.35:611][  0]LogConfig: Setting CVar [[r.SkyAtmosphere.SampleCountMin:4.0]]
[2022.04.13-18.24.35:611][  0]LogConfig: Setting CVar [[r.SkyAtmosphere.SampleCountMax:128.0]]
[2022.04.13-18.24.35:611][  0]LogConfig: Setting CVar [[r.SkyAtmosphere.TransmittanceLUT.UseSmallFormat:0]]
[2022.04.13-18.24.35:611][  0]LogConfig: Setting CVar [[r.SkyAtmosphere.TransmittanceLUT.SampleCount:10.0]]
[2022.04.13-18.24.35:611][  0]LogConfig: Setting CVar [[r.SkyAtmosphere.MultiScatteringLUT.SampleCount:15.0]]
[2022.04.13-18.24.35:611][  0]LogConfig: Setting CVar [[r.SkyLight.RealTimeReflectionCapture:1]]
[2022.04.13-18.24.35:611][  0]LogConfig: Applying CVar settings from Section [FoliageQuality@3] File [D:/Users/pangu/Documents/GitHub/IGME797/FinalProject/Saved/Config/Windows/Scalability.ini]
[2022.04.13-18.24.35:611][  0]LogConfig: Setting CVar [[foliage.DensityScale:1.0]]
[2022.04.13-18.24.35:611][  0]LogConfig: Setting CVar [[grass.DensityScale:1.0]]
[2022.04.13-18.24.35:611][  0]LogConfig: Applying CVar settings from Section [ShadingQuality@3] File [D:/Users/pangu/Documents/GitHub/IGME797/FinalProject/Saved/Config/Windows/Scalability.ini]
[2022.04.13-18.24.35:611][  0]LogConfig: Setting CVar [[r.HairStrands.SkyLighting.IntegrationType:2]]
[2022.04.13-18.24.35:611][  0]LogConfig: Setting CVar [[r.HairStrands.SkyAO.SampleCount:4]]
[2022.04.13-18.24.35:611][  0]LogConfig: Setting CVar [[r.HairStrands.Visibility.MSAA.SamplePerPixel:4]]
[2022.04.13-18.24.35:612][  0]LogInit: Selected Device Profile: [Windows]
[2022.04.13-18.24.35:612][  0]LogInit: Applying CVar settings loaded from the selected device profile: [Windows]
[2022.04.13-18.24.35:612][  0]LogHAL: Display: Platform has ~ 64 GB [68640288768 / 68719476736 / 64], which maps to Largest [LargestMinGB=32, LargerMinGB=12, DefaultMinGB=8, SmallerMinGB=6, SmallestMinGB=0)
[2022.04.13-18.24.35:612][  0]LogInit: Going up to parent DeviceProfile []
[2022.04.13-18.24.35:612][  0]LogConfig: Applying CVar settings from Section [ViewDistanceQuality@3] File [D:/Users/pangu/Documents/GitHub/IGME797/FinalProject/Saved/Config/Windows/Scalability.ini]
[2022.04.13-18.24.35:612][  0]LogConfig: Setting CVar [[r.SkeletalMeshLODBias:0]]
[2022.04.13-18.24.35:612][  0]LogConfig: Setting CVar [[r.ViewDistanceScale:1.0]]
[2022.04.13-18.24.35:612][  0]LogConfig: Applying CVar settings from Section [AntiAliasingQuality@3] File [D:/Users/pangu/Documents/GitHub/IGME797/FinalProject/Saved/Config/Windows/Scalability.ini]
[2022.04.13-18.24.35:612][  0]LogConfig: Setting CVar [[r.PostProcessAAQuality:4]]
[2022.04.13-18.24.35:612][  0]LogConfig: Applying CVar settings from Section [ShadowQuality@3] File [D:/Users/pangu/Documents/GitHub/IGME797/FinalProject/Saved/Config/Windows/Scalability.ini]
[2022.04.13-18.24.35:613][  0]LogConfig: Setting CVar [[r.LightFunctionQuality:1]]
[2022.04.13-18.24.35:613][  0]LogConfig: Setting CVar [[r.ShadowQuality:5]]
[2022.04.13-18.24.35:613][  0]LogConfig: Setting CVar [[r.Shadow.CSM.MaxCascades:10]]
[2022.04.13-18.24.35:613][  0]LogConfig: Setting CVar [[r.Shadow.MaxResolution:2048]]
[2022.04.13-18.24.35:613][  0]LogConfig: Setting CVar [[r.Shadow.MaxCSMResolution:2048]]
[2022.04.13-18.24.35:613][  0]LogConfig: Setting CVar [[r.Shadow.RadiusThreshold:0.01]]
[2022.04.13-18.24.35:613][  0]LogConfig: Setting CVar [[r.Shadow.DistanceScale:1.0]]
[2022.04.13-18.24.35:613][  0]LogConfig: Setting CVar [[r.Shadow.CSM.TransitionScale:1.0]]
[2022.04.13-18.24.35:613][  0]LogConfig: Setting CVar [[r.Shadow.PreShadowResolutionFactor:1.0]]
[2022.04.13-18.24.35:613][  0]LogConfig: Setting CVar [[r.DistanceFieldShadowing:1]]
[2022.04.13-18.24.35:613][  0]LogConfig: Setting CVar [[r.DistanceFieldAO:1]]
[2022.04.13-18.24.35:613][  0]LogConfig: Setting CVar [[r.AOQuality:2]]
[2022.04.13-18.24.35:613][  0]LogConfig: Setting CVar [[r.VolumetricFog:1]]
[2022.04.13-18.24.35:613][  0]LogConfig: Setting CVar [[r.VolumetricFog.GridPixelSize:8]]
[2022.04.13-18.24.35:613][  0]LogConfig: Setting CVar [[r.VolumetricFog.GridSizeZ:128]]
[2022.04.13-18.24.35:613][  0]LogConfig: Setting CVar [[r.VolumetricFog.HistoryMissSupersampleCount:4]]
[2022.04.13-18.24.35:613][  0]LogConfig: Setting CVar [[r.LightMaxDrawDistanceScale:1]]
[2022.04.13-18.24.35:613][  0]LogConfig: Setting CVar [[r.CapsuleShadows:1]]
[2022.04.13-18.24.35:613][  0]LogConfig: Applying CVar settings from Section [PostProcessQuality@3] File [D:/Users/pangu/Documents/GitHub/IGME797/FinalProject/Saved/Config/Windows/Scalability.ini]
[2022.04.13-18.24.35:613][  0]LogConfig: Setting CVar [[r.MotionBlurQuality:4]]
[2022.04.13-18.24.35:613][  0]LogConfig: Setting CVar [[r.AmbientOcclusionMipLevelFactor:0.4]]
[2022.04.13-18.24.35:613][  0]LogConfig: Setting CVar [[r.AmbientOcclusionMaxQuality:100]]
[2022.04.13-18.24.35:613][  0]LogConfig: Setting CVar [[r.AmbientOcclusionLevels:-1]]
[2022.04.13-18.24.35:613][  0]LogConfig: Setting CVar [[r.AmbientOcclusionRadiusScale:1.0]]
[2022.04.13-18.24.35:613][  0]LogConfig: Setting CVar [[r.DepthOfFieldQuality:2]]
[2022.04.13-18.24.35:613][  0]LogConfig: Setting CVar [[r.RenderTargetPoolMin:400]]
[2022.04.13-18.24.35:613][  0]LogConfig: Setting CVar [[r.LensFlareQuality:2]]
[2022.04.13-18.24.35:613][  0]LogConfig: Setting CVar [[r.SceneColorFringeQuality:1]]
[2022.04.13-18.24.35:613][  0]LogConfig: Setting CVar [[r.EyeAdaptationQuality:2]]
[2022.04.13-18.24.35:613][  0]LogConfig: Setting CVar [[r.BloomQuality:5]]
[2022.04.13-18.24.35:613][  0]LogConfig: Setting CVar [[r.FastBlurThreshold:100]]
[2022.04.13-18.24.35:613][  0]LogConfig: Setting CVar [[r.Upscale.Quality:3]]
[2022.04.13-18.24.35:613][  0]LogConfig: Setting CVar [[r.Tonemapper.GrainQuantization:1]]
[2022.04.13-18.24.35:613][  0]LogConfig: Setting CVar [[r.LightShaftQuality:1]]
[2022.04.13-18.24.35:613][  0]LogConfig: Setting CVar [[r.Filter.SizeScale:1]]
[2022.04.13-18.24.35:613][  0]LogConfig: Setting CVar [[r.Tonemapper.Quality:5]]
[2022.04.13-18.24.35:613][  0]LogConfig: Setting CVar [[r.DOF.Gather.AccumulatorQuality:1        ; higher gathering accumulator quality]]
[2022.04.13-18.24.35:613][  0]LogConfig: Setting CVar [[r.DOF.Gather.PostfilterMethod:1          ; Median3x3 postfilering method]]
[2022.04.13-18.24.35:613][  0]LogConfig: Setting CVar [[r.DOF.Gather.EnableBokehSettings:0       ; no bokeh simulation when gathering]]
[2022.04.13-18.24.35:613][  0]LogConfig: Setting CVar [[r.DOF.Gather.RingCount:4                 ; medium number of samples when gathering]]
[2022.04.13-18.24.35:613][  0]LogConfig: Setting CVar [[r.DOF.Scatter.ForegroundCompositing:1    ; additive foreground scattering]]
[2022.04.13-18.24.35:613][  0]LogConfig: Setting CVar [[r.DOF.Scatter.BackgroundCompositing:2    ; additive background scattering]]
[2022.04.13-18.24.35:613][  0]LogConfig: Setting CVar [[r.DOF.Scatter.EnableBokehSettings:1      ; bokeh simulation when scattering]]
[2022.04.13-18.24.35:613][  0]LogConfig: Setting CVar [[r.DOF.Scatter.MaxSpriteRatio:0.1         ; only a maximum of 10% of scattered bokeh]]
[2022.04.13-18.24.35:613][  0]LogConfig: Setting CVar [[r.DOF.Recombine.Quality:1                ; cheap slight out of focus]]
[2022.04.13-18.24.35:613][  0]LogConfig: Setting CVar [[r.DOF.Recombine.EnableBokehSettings:0    ; no bokeh simulation on slight out of focus]]
[2022.04.13-18.24.35:613][  0]LogConfig: Setting CVar [[r.DOF.TemporalAAQuality:1                ; more stable temporal accumulation]]
[2022.04.13-18.24.35:613][  0]LogConfig: Setting CVar [[r.DOF.Kernel.MaxForegroundRadius:0.025]]
[2022.04.13-18.24.35:613][  0]LogConfig: Setting CVar [[r.DOF.Kernel.MaxBackgroundRadius:0.025]]
[2022.04.13-18.24.35:613][  0]LogConfig: Applying CVar settings from Section [TextureQuality@3] File [D:/Users/pangu/Documents/GitHub/IGME797/FinalProject/Saved/Config/Windows/Scalability.ini]
[2022.04.13-18.24.35:613][  0]LogConfig: Setting CVar [[r.Streaming.MipBias:0]]
[2022.04.13-18.24.35:613][  0]LogConfig: Setting CVar [[r.Streaming.AmortizeCPUToGPUCopy:0]]
[2022.04.13-18.24.35:613][  0]LogConfig: Setting CVar [[r.Streaming.MaxNumTexturesToStreamPerFrame:0]]
[2022.04.13-18.24.35:613][  0]LogConfig: Setting CVar [[r.Streaming.Boost:1]]
[2022.04.13-18.24.35:613][  0]LogConfig: Setting CVar [[r.MaxAnisotropy:8]]
[2022.04.13-18.24.35:613][  0]LogConfig: Setting CVar [[r.VT.MaxAnisotropy:8]]
[2022.04.13-18.24.35:613][  0]LogConfig: Setting CVar [[r.Streaming.LimitPoolSizeToVRAM:0]]
[2022.04.13-18.24.35:613][  0]LogConfig: Setting CVar [[r.Streaming.PoolSize:1000]]
[2022.04.13-18.24.35:613][  0]LogConfig: Setting CVar [[r.Streaming.MaxEffectiveScreenSize:0]]
[2022.04.13-18.24.35:613][  0]LogConfig: Applying CVar settings from Section [EffectsQuality@3] File [D:/Users/pangu/Documents/GitHub/IGME797/FinalProject/Saved/Config/Windows/Scalability.ini]
[2022.04.13-18.24.35:613][  0]LogConfig: Setting CVar [[r.TranslucencyLightingVolumeDim:64]]
[2022.04.13-18.24.35:613][  0]LogConfig: Setting CVar [[r.RefractionQuality:2]]
[2022.04.13-18.24.35:613][  0]LogConfig: Setting CVar [[r.SSR.Quality:3]]
[2022.04.13-18.24.35:613][  0]LogConfig: Setting CVar [[r.SSR.HalfResSceneColor:0]]
[2022.04.13-18.24.35:613][  0]LogConfig: Setting CVar [[r.SceneColorFormat:4]]
[2022.04.13-18.24.35:613][  0]LogConfig: Setting CVar [[r.DetailMode:2]]
[2022.04.13-18.24.35:613][  0]LogConfig: Setting CVar [[r.TranslucencyVolumeBlur:1]]
[2022.04.13-18.24.35:613][  0]LogConfig: Setting CVar [[r.MaterialQualityLevel:1 ; High quality]]
[2022.04.13-18.24.35:613][  0]LogConfig: Setting CVar [[r.AnisotropicMaterials:1]]
[2022.04.13-18.24.35:613][  0]LogConfig: Setting CVar [[r.SSS.Scale:1]]
[2022.04.13-18.24.35:613][  0]LogConfig: Setting CVar [[r.SSS.SampleSet:2]]
[2022.04.13-18.24.35:613][  0]LogConfig: Setting CVar [[r.SSS.Quality:1]]
[2022.04.13-18.24.35:613][  0]LogConfig: Setting CVar [[r.SSS.HalfRes:0]]
[2022.04.13-18.24.35:613][  0]LogConfig: Setting CVar [[r.SSGI.Quality:3]]
[2022.04.13-18.24.35:613][  0]LogConfig: Setting CVar [[r.EmitterSpawnRateScale:1.0]]
[2022.04.13-18.24.35:613][  0]LogConfig: Setting CVar [[r.ParticleLightQuality:2]]
[2022.04.13-18.24.35:613][  0]LogConfig: Setting CVar [[r.SkyAtmosphere.AerialPerspectiveLUT.FastApplyOnOpaque:1 ; Always have FastSkyLUT 1 in this case to avoid wrong sky]]
[2022.04.13-18.24.35:613][  0]LogConfig: Setting CVar [[r.SkyAtmosphere.AerialPerspectiveLUT.SampleCountMaxPerSlice:4]]
[2022.04.13-18.24.35:613][  0]LogConfig: Setting CVar [[r.SkyAtmosphere.AerialPerspectiveLUT.DepthResolution:16.0]]
[2022.04.13-18.24.35:613][  0]LogConfig: Setting CVar [[r.SkyAtmosphere.FastSkyLUT:1]]
[2022.04.13-18.24.35:613][  0]LogConfig: Setting CVar [[r.SkyAtmosphere.FastSkyLUT.SampleCountMin:4.0]]
[2022.04.13-18.24.35:613][  0]LogConfig: Setting CVar [[r.SkyAtmosphere.FastSkyLUT.SampleCountMax:128.0]]
[2022.04.13-18.24.35:613][  0]LogConfig: Setting CVar [[r.SkyAtmosphere.SampleCountMin:4.0]]
[2022.04.13-18.24.35:613][  0]LogConfig: Setting CVar [[r.SkyAtmosphere.SampleCountMax:128.0]]
[2022.04.13-18.24.35:613][  0]LogConfig: Setting CVar [[r.SkyAtmosphere.TransmittanceLUT.UseSmallFormat:0]]
[2022.04.13-18.24.35:613][  0]LogConfig: Setting CVar [[r.SkyAtmosphere.TransmittanceLUT.SampleCount:10.0]]
[2022.04.13-18.24.35:613][  0]LogConfig: Setting CVar [[r.SkyAtmosphere.MultiScatteringLUT.SampleCount:15.0]]
[2022.04.13-18.24.35:613][  0]LogConfig: Setting CVar [[r.SkyLight.RealTimeReflectionCapture:1]]
[2022.04.13-18.24.35:613][  0]LogConfig: Applying CVar settings from Section [FoliageQuality@3] File [D:/Users/pangu/Documents/GitHub/IGME797/FinalProject/Saved/Config/Windows/Scalability.ini]
[2022.04.13-18.24.35:613][  0]LogConfig: Setting CVar [[foliage.DensityScale:1.0]]
[2022.04.13-18.24.35:613][  0]LogConfig: Setting CVar [[grass.DensityScale:1.0]]
[2022.04.13-18.24.35:613][  0]LogConfig: Applying CVar settings from Section [ShadingQuality@3] File [D:/Users/pangu/Documents/GitHub/IGME797/FinalProject/Saved/Config/Windows/Scalability.ini]
[2022.04.13-18.24.35:613][  0]LogConfig: Setting CVar [[r.HairStrands.SkyLighting.IntegrationType:2]]
[2022.04.13-18.24.35:613][  0]LogConfig: Setting CVar [[r.HairStrands.SkyAO.SampleCount:4]]
[2022.04.13-18.24.35:613][  0]LogConfig: Setting CVar [[r.HairStrands.Visibility.MSAA.SamplePerPixel:4]]
[2022.04.13-18.24.35:613][  0]LogConfig: Applying CVar settings from Section [Startup] File [../../../Engine/Config/ConsoleVariables.ini]
[2022.04.13-18.24.35:614][  0]LogConfig: Setting CVar [[net.UseAdaptiveNetUpdateFrequency:0]]
[2022.04.13-18.24.35:614][  0]LogConfig: Setting CVar [[p.chaos.AllowCreatePhysxBodies:1]]
[2022.04.13-18.24.35:614][  0]LogConfig: Setting CVar [[fx.SkipVectorVMBackendOptimizations:1]]
[2022.04.13-18.24.35:614][  0]LogConfig: Applying CVar settings from Section [ConsoleVariables] File [D:/Users/pangu/Documents/GitHub/IGME797/FinalProject/Saved/Config/Windows/Engine.ini]
[2022.04.13-18.24.35:614][  0]LogConfig: Applying CVar settings from Section [ConsoleVariables] File [D:/Users/pangu/Documents/GitHub/IGME797/FinalProject/Saved/Config/Windows/Editor.ini]
[2022.04.13-18.24.35:615][  0]LogInit: Computer: KATS-DESKTOP
[2022.04.13-18.24.35:615][  0]LogInit: User: pangu
[2022.04.13-18.24.35:615][  0]LogInit: CPU Page size=4096, Cores=16
[2022.04.13-18.24.35:615][  0]LogInit: High frequency timer resolution =10.000000 MHz
[2022.04.13-18.24.35:615][  0]LogMemory: Memory total: Physical=63.9GB (64GB approx)
[2022.04.13-18.24.35:615][  0]LogMemory: Platform Memory Stats for Windows
[2022.04.13-18.24.35:615][  0]LogMemory: Process Physical Memory: 152.95 MB used, 152.95 MB peak
[2022.04.13-18.24.35:615][  0]LogMemory: Process Virtual Memory: 143.82 MB used, 143.82 MB peak
[2022.04.13-18.24.35:615][  0]LogMemory: Physical Memory: 9226.11 MB used,  56234.37 MB free, 65460.48 MB total
[2022.04.13-18.24.35:615][  0]LogMemory: Virtual Memory: 134153488.00 MB used,  64239.23 MB free, 134217728.00 MB total
[2022.04.13-18.24.35:620][  0]LogWindows: WindowsPlatformFeatures enabled
[2022.04.13-18.24.35:800][  0]LogInit: Physics initialised using underlying interface: PhysX
[2022.04.13-18.24.35:806][  0]LogInit: Using OS detected language (en-US).
[2022.04.13-18.24.35:806][  0]LogInit: Using OS detected locale (en-US).
[2022.04.13-18.24.35:824][  0]LogTextLocalizationManager: No specific localization for 'en-US' exists, so the 'en' localization will be used.
[2022.04.13-18.24.36:211][  0]LogInit: Setting process to per monitor DPI aware
[2022.04.13-18.24.36:231][  0]LogWindowsTextInputMethodSystem: Display: IME system deactivated.
[2022.04.13-18.24.36:271][  0]LogSlate: New Slate User Created.  User Index 0, Is Virtual User: 0
[2022.04.13-18.24.36:272][  0]LogSlate: Slate User Registered.  User Index 0, Is Virtual User: 0
[2022.04.13-18.24.37:652][  0]LogD3D11RHI: Loaded GFSDK_Aftermath_Lib.x64.dll
[2022.04.13-18.24.37:655][  0]LogHMD: Failed to initialize OpenVR with code 110
[2022.04.13-18.24.37:655][  0]LogD3D11RHI: D3D11 min allowed feature level: 11_0
[2022.04.13-18.24.37:655][  0]LogD3D11RHI: D3D11 max allowed feature level: 11_0
[2022.04.13-18.24.37:655][  0]LogD3D11RHI: D3D11 adapters:
[2022.04.13-18.24.37:735][  0]LogD3D11RHI:    0. 'NVIDIA GeForce RTX 3090' (Feature Level 11_0)
[2022.04.13-18.24.37:735][  0]LogD3D11RHI:       24348/0/32730 MB DedicatedVideo/DedicatedSystem/SharedSystem, Outputs:1, VendorId:0x10de
[2022.04.13-18.24.37:737][  0]LogD3D11RHI:    1. 'Microsoft Basic Render Driver' (Feature Level 11_0)
[2022.04.13-18.24.37:737][  0]LogD3D11RHI:       0/0/32730 MB DedicatedVideo/DedicatedSystem/SharedSystem, Outputs:0, VendorId:0x1414
[2022.04.13-18.24.37:737][  0]LogD3D11RHI: Chosen D3D11 Adapter:
[2022.04.13-18.24.37:737][  0]LogD3D11RHI:     Description : NVIDIA GeForce RTX 3090
[2022.04.13-18.24.37:737][  0]LogD3D11RHI:     VendorId    : 10de
[2022.04.13-18.24.37:737][  0]LogD3D11RHI:     DeviceId    : 2204
[2022.04.13-18.24.37:737][  0]LogD3D11RHI:     SubSysId    : 403b1458
[2022.04.13-18.24.37:737][  0]LogD3D11RHI:     Revision    : 00a1
[2022.04.13-18.24.37:737][  0]LogD3D11RHI:     DedicatedVideoMemory : 25530728448 bytes
[2022.04.13-18.24.37:737][  0]LogD3D11RHI:     DedicatedSystemMemory : 0 bytes
[2022.04.13-18.24.37:737][  0]LogD3D11RHI:     SharedSystemMemory : 34320144384 bytes
[2022.04.13-18.24.37:737][  0]LogD3D11RHI:     AdapterLuid : 0 53277
[2022.04.13-18.24.37:744][  0]LogD3D11RHI: Creating new Direct3DDevice
[2022.04.13-18.24.37:744][  0]LogD3D11RHI:     GPU DeviceId: 0x2204 (for the marketing name, search the web for "GPU Device Id")
[2022.04.13-18.24.37:744][  0]LogWindows: EnumDisplayDevices:
[2022.04.13-18.24.37:744][  0]LogWindows:    0. 'NVIDIA GeForce RTX 3090' (P:1 D:1)
[2022.04.13-18.24.37:745][  0]LogWindows:    1. 'NVIDIA GeForce RTX 3090' (P:0 D:0)
[2022.04.13-18.24.37:745][  0]LogWindows:    2. 'NVIDIA GeForce RTX 3090' (P:0 D:0)
[2022.04.13-18.24.37:745][  0]LogWindows:    3. 'NVIDIA GeForce RTX 3090' (P:0 D:0)
[2022.04.13-18.24.37:745][  0]LogWindows: DebugString: FoundDriverCount:4 
[2022.04.13-18.24.37:745][  0]LogD3D11RHI:     Adapter Name: NVIDIA GeForce RTX 3090
[2022.04.13-18.24.37:745][  0]LogD3D11RHI:   Driver Version: 512.15 (internal:30.0.15.1215, unified:512.15)
[2022.04.13-18.24.37:745][  0]LogD3D11RHI:      Driver Date: 3-17-2022
[2022.04.13-18.24.37:745][  0]LogRHI: Texture pool is 17043 MB (70% of 24348 MB)
[2022.04.13-18.24.37:745][  0]LogD3D11RHI: Creating D3DDevice using adapter:
[2022.04.13-18.24.37:745][  0]LogD3D11RHI:     Description : NVIDIA GeForce RTX 3090
[2022.04.13-18.24.37:745][  0]LogD3D11RHI:     VendorId    : 10de
[2022.04.13-18.24.37:745][  0]LogD3D11RHI:     DeviceId    : 2204
[2022.04.13-18.24.37:745][  0]LogD3D11RHI:     SubSysId    : 403b1458
[2022.04.13-18.24.37:745][  0]LogD3D11RHI:     Revision    : 00a1
[2022.04.13-18.24.37:745][  0]LogD3D11RHI:     DedicatedVideoMemory : 25530728448 bytes
[2022.04.13-18.24.37:745][  0]LogD3D11RHI:     DedicatedSystemMemory : 0 bytes
[2022.04.13-18.24.37:745][  0]LogD3D11RHI:     SharedSystemMemory : 34320144384 bytes
[2022.04.13-18.24.37:745][  0]LogD3D11RHI:     AdapterLuid : 0 53277
[2022.04.13-18.24.37:795][  0]LogD3D11RHI: RHI has support for 64 bit atomics
[2022.04.13-18.24.37:795][  0]LogD3D11RHI: Async texture creation enabled
[2022.04.13-18.24.37:795][  0]LogD3D11RHI: Array index from any shader is supported
[2022.04.13-18.24.37:796][  0]LogD3D11RHI: HDR output is supported on display 0 (NvId: 0x80061087).
[2022.04.13-18.24.37:830][  0]LogD3D11RHI: GPU Timing Frequency: 1000.000000 (Debug: 2 1)
[2022.04.13-18.24.37:864][  0]LogRHI: GeForceNow SDK initialized: 1
[2022.04.13-18.24.38:189][  0]LogTargetPlatformManager: Display: Loaded TargetPlatform 'AllDesktop'
[2022.04.13-18.24.38:210][  0]LogTargetPlatformManager: Display: Loaded TargetPlatform 'Android'
[2022.04.13-18.24.38:210][  0]LogTargetPlatformManager: Display: Loaded TargetPlatform 'Android_ASTC'
[2022.04.13-18.24.38:210][  0]LogTargetPlatformManager: Display: Loaded TargetPlatform 'Android_DXT'
[2022.04.13-18.24.38:210][  0]LogTargetPlatformManager: Display: Loaded TargetPlatform 'Android_ETC2'
[2022.04.13-18.24.38:210][  0]LogTargetPlatformManager: Display: Loaded TargetPlatform 'AndroidClient'
[2022.04.13-18.24.38:210][  0]LogTargetPlatformManager: Display: Loaded TargetPlatform 'Android_ASTCClient'
[2022.04.13-18.24.38:210][  0]LogTargetPlatformManager: Display: Loaded TargetPlatform 'Android_DXTClient'
[2022.04.13-18.24.38:210][  0]LogTargetPlatformManager: Display: Loaded TargetPlatform 'Android_ETC2Client'
[2022.04.13-18.24.38:210][  0]LogTargetPlatformManager: Display: Loaded TargetPlatform 'Android_Multi'
[2022.04.13-18.24.38:210][  0]LogTargetPlatformManager: Display: Loaded TargetPlatform 'Android_MultiClient'
[2022.04.13-18.24.38:235][  0]LogTargetPlatformManager: Display: Loaded TargetPlatform 'IOSClient'
[2022.04.13-18.24.38:235][  0]LogTargetPlatformManager: Display: Loaded TargetPlatform 'IOS'
[2022.04.13-18.24.38:246][  0]LogTargetPlatformManager: Display: Loaded TargetPlatform 'Linux'
[2022.04.13-18.24.38:251][  0]LogTargetPlatformManager: Display: Loaded TargetPlatform 'LinuxNoEditor'
[2022.04.13-18.24.38:258][  0]LogTargetPlatformManager: Display: Loaded TargetPlatform 'LinuxClient'
[2022.04.13-18.24.38:263][  0]LogTargetPlatformManager: Display: Loaded TargetPlatform 'LinuxServer'
[2022.04.13-18.24.38:273][  0]LogTargetPlatformManager: Display: Loaded TargetPlatform 'LinuxAArch64NoEditor'
[2022.04.13-18.24.38:281][  0]LogTargetPlatformManager: Display: Loaded TargetPlatform 'LinuxAArch64Client'
[2022.04.13-18.24.38:287][  0]LogTargetPlatformManager: Display: Loaded TargetPlatform 'LinuxAArch64Server'
[2022.04.13-18.24.38:309][  0]LogTargetPlatformManager: Display: Loaded TargetPlatform 'Lumin'
[2022.04.13-18.24.38:309][  0]LogTargetPlatformManager: Display: Loaded TargetPlatform 'LuminClient'
[2022.04.13-18.24.38:316][  0]LogTargetPlatformManager: Display: Loaded TargetPlatform 'MacNoEditor'
[2022.04.13-18.24.38:321][  0]LogTargetPlatformManager: Display: Loaded TargetPlatform 'Mac'
[2022.04.13-18.24.38:326][  0]LogTargetPlatformManager: Display: Loaded TargetPlatform 'MacClient'
[2022.04.13-18.24.38:330][  0]LogTargetPlatformManager: Display: Loaded TargetPlatform 'MacServer'
[2022.04.13-18.24.38:339][  0]LogTargetPlatformManager: Display: Loaded TargetPlatform 'TVOSClient'
[2022.04.13-18.24.38:339][  0]LogTargetPlatformManager: Display: Loaded TargetPlatform 'TVOS'
[2022.04.13-18.24.38:349][  0]LogTargetPlatformManager: Display: Loaded TargetPlatform 'WindowsNoEditor'
[2022.04.13-18.24.38:356][  0]LogTargetPlatformManager: Display: Loaded TargetPlatform 'Windows'
[2022.04.13-18.24.38:361][  0]LogTargetPlatformManager: Display: Loaded TargetPlatform 'WindowsClient'
[2022.04.13-18.24.38:365][  0]LogTargetPlatformManager: Display: Loaded TargetPlatform 'WindowsServer'
[2022.04.13-18.24.38:365][  0]LogTargetPlatformManager: Display: Building Assets For Windows
[2022.04.13-18.24.38:402][  0]LogAudioDebug: Display: Lib vorbis DLL was dynamically loaded.
[2022.04.13-18.24.38:470][  0]LogTextureFormatOodle: Display: Oodle Texture 2.9.0 init RDO Off
[2022.04.13-18.24.38:585][  0]LogRendererCore: Ray tracing is disabled. Reason: r.RayTracing=0.
[2022.04.13-18.24.38:586][  0]LogShaderCompilers: Guid format shader working directory is -6 characters bigger than the processId version (D:/Users/pangu/Documents/GitHub/IGME797/FinalProject/Intermediate/Shaders/WorkingDirectory/6624/).
[2022.04.13-18.24.38:586][  0]LogShaderCompilers: Cleaned the shader compiler working directory 'C:/Users/pangu/AppData/Local/Temp/UnrealShaderWorkingDir/5794A0BD47967BC87E67FAAD3145ABAE/'.
[2022.04.13-18.24.38:586][  0]LogXGEController: Cannot use XGE Controller as Incredibuild is not installed on this machine.
[2022.04.13-18.24.38:586][  0]LogShaderCompilers: Cannot use XGE Shader Compiler as Incredibuild is not installed on this machine.
[2022.04.13-18.24.38:586][  0]LogShaderCompilers: Display: Using Local Shader Compiler.
[2022.04.13-18.24.40:522][  0]LogDerivedDataCache: Display: Max Cache Size: 512 MB
[2022.04.13-18.24.40:551][  0]LogDerivedDataCache: Loaded boot cache 0.03s 15MB C:/Users/pangu/AppData/Local/UnrealEngine/4.27/DerivedDataCache/Boot.ddc.
[2022.04.13-18.24.40:551][  0]LogDerivedDataCache: Display: Loaded Boot cache: C:/Users/pangu/AppData/Local/UnrealEngine/4.27/DerivedDataCache/Boot.ddc
[2022.04.13-18.24.40:551][  0]LogDerivedDataCache: FDerivedDataBackendGraph:  Pak pak cache file D:/Users/pangu/Documents/GitHub/IGME797/FinalProject/DerivedDataCache/DDC.ddp not found, will not use a pak cache.
[2022.04.13-18.24.40:551][  0]LogDerivedDataCache: Unable to find inner node Pak for hierarchical cache Hierarchy.
[2022.04.13-18.24.40:551][  0]LogDerivedDataCache: FDerivedDataBackendGraph:  CompressedPak pak cache file D:/Users/pangu/Documents/GitHub/IGME797/FinalProject/DerivedDataCache/Compressed.ddp not found, will not use a pak cache.
[2022.04.13-18.24.40:551][  0]LogDerivedDataCache: Unable to find inner node CompressedPak for hierarchical cache Hierarchy.
[2022.04.13-18.24.40:584][  0]LogDerivedDataCache: Display: Pak cache opened for reading ../../../Engine/DerivedDataCache/Compressed.ddp.
[2022.04.13-18.24.40:584][  0]LogDerivedDataCache: FDerivedDataBackendGraph:  EnterprisePak pak cache file ../../../Enterprise/DerivedDataCache/Compressed.ddp not found, will not use a pak cache.
[2022.04.13-18.24.40:584][  0]LogDerivedDataCache: Unable to find inner node EnterprisePak for hierarchical cache Hierarchy.
[2022.04.13-18.24.40:608][  0]LogDerivedDataCache: Speed tests for C:/Users/pangu/AppData/Local/UnrealEngine/Common/DerivedDataCache took 0.02 seconds
[2022.04.13-18.24.40:608][  0]LogDerivedDataCache: Display: Performance to C:/Users/pangu/AppData/Local/UnrealEngine/Common/DerivedDataCache: Latency=0.29ms. RandomReadSpeed=72.46MBs, RandomWriteSpeed=126.92MBs. Assigned SpeedClass 'Local'
[2022.04.13-18.24.40:608][  0]LogDerivedDataCache: Using Local data cache path C:/Users/pangu/AppData/Local/UnrealEngine/Common/DerivedDataCache: Writable
[2022.04.13-18.24.40:608][  0]LogDerivedDataCache: Shared data cache path not found in *engine.ini, will not use an Shared cache.
[2022.04.13-18.24.40:608][  0]LogDerivedDataCache: Unable to find inner node Shared for hierarchical cache Hierarchy.
[2022.04.13-18.24.40:648][  0]LogSlate: Using FreeType 2.10.0
[2022.04.13-18.24.40:661][  0]LogSlate: SlateFontServices - WITH_FREETYPE: 1, WITH_HARFBUZZ: 1
[2022.04.13-18.24.40:700][  0]LogAssetRegistry: FAssetRegistry took 0.0072 seconds to start up
[2022.04.13-18.24.41:032][  0]LogInit: Selected Device Profile: [Windows]
[2022.04.13-18.24.41:032][  0]LogInit: Active device profile: [0000024BCF5E0900][0000024BCD39D500 49] Windows
[2022.04.13-18.24.41:032][  0]LogInit: Profiles: [0000024BCF5E0900][0000024BCD39D500 49] Windows, [0000024BCF597800][0000024BCE735680 49] WindowsNoEditor, [0000024BCF5E3500][0000024BCE739800 49] WindowsServer, [0000024BCF594E00][0000024BCE73D980 49] WindowsClient, [0000024BCF5E3800][0000024BCE741B00 49] IOS, [0000024BCF596800][0000024BCE744100 49] iPadAir, [0000024BCF5E2000][0000024BCE730240 49] iPadAir2, [0000024BCF550A00][0000024BCE74C480 49] IPadPro, [0000024BCF550B00][0000024BCE7484C0 49] iPadAir3, [0000024BCF595900][0000024BCE754640 49] iPadAir4, [0000024BCF553400][0000024BCE7587C0 49] iPadMini2, [0000024BCF596A00][0000024BCE75C940 49] iPadMini3, [0000024BCF551700][0000024BCE760AC0 49] iPadMini4, [0000024BCF5E1100][0000024BCE764C40 49] iPadMini5, [0000024BCF570300][0000024BCE76CF00 49] iPhone6, [0000024BCF570400][0000024BCE768F40 49] iPodTouch6, [0000024BCF537F00][0000024BCE775200 49] iPhone7, [0000024BCF537E00][0000024BCE771240 49] iPodTouch7, [0000024BCF596000][0000024BCE7793C0 49] iPhone5S, [0000024BCF535A00][0000024BCE77D540 49] iPhone6Plus, [0000024BCF570200][0000024BCE7816C0 49] iPhone6S, [0000024BCF534600][0000024BCE785840 49] iPhone6SPlus, [0000024BCF572900][0000024BCE7899C0 49] iPhone7Plus, [0000024BCF537100][0000024BCE78DB40 49] iPhoneSE, [0000024BCF572200][0000024BCE790140 49] iPhone8, [0000024BCF537B00][0000024BCE7942C0 49] iPhone8Plus, [0000024BCF570A00][0000024BCE750400 49] iPhoneX, [0000024BCF535400][0000024BCE798540 49] iPhoneXS, [0000024BCF573900][0000024BCE79C680 49] iPhoneXSMax, [0000024BCF534900][0000024BCE7A07C0 49] iPhoneXR, [0000024BCF572F00][0000024BCE7A8940 49] iPhone11, [0000024BCF535300][0000024BCE7ACAC0 49] iPhone11Pro, [0000024BCF571000][0000024BCF7C0C40 49] iPhone11ProMax, [0000024BCF536A00][0000024BCF7C4DC0 49] iPhoneSE2, [0000024BCF571400][0000024BCF7C8F40 49] iPhone12Mini, [0000024BCF536400][0000024BCF7CD0C0 49] iPhone12, [0000024BCF570D00][0000024BCF7D1240 49] iPhone12Pro, [0000024BCF536B00][0000024BCF7D53C0 49] iPhone12ProMax, [0000024BCF573000][0000024BCF7D9540 49] iPadPro105, [0000024BCF534700][0000024BCF7DD6C0 49] iPadPro129, [0000024BCF572800][0000024BCF7E1840 49] iPadPro97, [0000024BCF536600][0000024BCF7E59C0 49] iPadPro2_129, [0000024BCF573C00][0000024BCF7E9B40 49] iPad5, [0000024BCF536200][0000024BCF7EC140 49] iPad6, [0000024BCF570F00][0000024BCF7F02C0 49] iPad7, [0000024BCF536D00][0000024BCF7F4440 49] iPad8, [0000024BCF571100][0000024BCE7A4580 49] iPadPro11, [0000024BCF535600][0000024BCF7F86C0 49] iPadPro2_11, [0000024BCF573400][0000024BCF7FC800 49] iPadPro3_129, [0000024BCF536800][0000024BCF800940 49] iPadPro4_129, [0000024BCF573A00][0000024BCF808AC0 49] AppleTV, [0000024BCF536100][0000024BCF80CC40 49] AppleTV4K, [0000024BCF571F00][0000024BCF810DC0 49] TVOS, [0000024BCF537400][0000024BCF814F40 49] Mac, [0000024BCF573800][0000024BCF8190C0 49] MacClient, [0000024BCF535E00][0000024BCF81D240 49] MacNoEditor, [0000024BCF573F00][0000024BCF8213C0 49] MacServer, [0000024BCF537500][0000024BCF825540 49] Linux, [0000024BCF570C00][0000024BCF8296C0 49] LinuxAArch64, [0000024BCF536F00][0000024BCF82D840 49] LinuxNoEditor, [0000024BCF570B00][0000024BCF8319C0 49] LinuxAArch64NoEditor, [0000024BCF537700][0000024BCF835B40 49] LinuxClient, [0000024BCF571A00][0000024BCF838140 49] LinuxAArch64Client, [0000024BCF535000][0000024BCF83C2C0 49] LinuxServer, [0000024BCF572500][0000024BCF840440 49] LinuxAArch64Server, [0000024BCF535900][0000024BCF8445C0 49] Android, [0000024BCF571300][0000024BCF848740 49] Android_Low, [0000024BCF536700][0000024BCF804880 49] Android_Mid, [0000024BCF572B00][0000024BCF84C9C0 49] Android_High, [0000024BCF537800][0000024BCF850B00 49] Android_Default, [0000024BCF571600][0000024BCF858C80 49] Android_Adreno4xx, [0000024BCF535500][0000024BCF85CE00 49] Android_Adreno5xx_Low, [0000024BCF553600][0000024BCF860F80 49] Android_Adreno5xx, [0000024BCF595800][0000024BCF865100 49] Android_Adreno6xx, [0000024BCF551200][0000024BCF869280 49] Android_Adreno6xx_Vulkan, [0000024BCF597C00][0000024BCF86D400 49] Android_Mali_T6xx, [0000024BCF551100][0000024BCF871580 49] Android_Mali_T7xx, [0000024BCF595600][0000024BCF889700 49] Android_Mali_T8xx, [0000024BCF551E00][0000024BCF88D880 49] Android_Mali_G71, [0000024BCF594500][0000024BCF891A00 49] Android_Mali_G72, [0000024BCF550800][0000024BCF895B80 49] Android_Mali_G72_Vulkan, [0000024BCF595300][0000024BCF898180 49] Android_Mali_G76, [0000024BCF550100][0000024BCF89C300 49] Android_Mali_G76_Vulkan, [0000024BCF595F00][0000024BCF8A0480 49] Android_Mali_G77, [0000024BCF551000][0000024BCF8A4600 49] Android_Mali_G77_Vulkan, [0000024BCF594A00][0000024BCF8A8780 49] Android_Mali_G78, [0000024BCF552C00][0000024BCF8AC900 49] Android_Mali_G78_Vulkan, [0000024BCF597600][0000024BCF854A40 49] Android_Mali_G710, [0000024BCF552A00][0000024BCF8B0B80 49] Android_Mali_G710_Vulkan, [0000024BCF597F00][0000024BCF8B4CC0 49] Android_Vulkan_SM5, [0000024BCF553B00][0000024BCF8BCE40 49] Android_PowerVR_G6xxx, [0000024BCF597B00][0000024BCF8C0FC0 49] Android_PowerVR_GT7xxx, [0000024BCF553900][0000024BCF8C5140 49] Android_PowerVR_GE8xxx, [0000024BCF594C00][0000024BCF8C92C0 49] Android_PowerVR_GM9xxx, [0000024BCF552700][0000024BCF8CD440 49] Android_PowerVR_GM9xxx_Vulkan, [0000024BCF596700][0000024BCF8D15C0 49] Android_TegraK1, [0000024BCF550900][0000024BCF8D5740 49] Android_Unknown_Vulkan, [0000024BCF595D00][0000024BCF8D98C0 49] Lumin, [0000024BCF550500][0000024BCF8DDA40 49] Lumin_Desktop, [0000024BCF597300][0000024BCF8E1BC0 49] HoloLens, 
[2022.04.13-18.24.41:277][  0]LogMeshReduction: Using QuadricMeshReduction for automatic static mesh reduction
[2022.04.13-18.24.41:277][  0]LogMeshReduction: Using SimplygonMeshReduction for automatic skeletal mesh reduction
[2022.04.13-18.24.41:277][  0]LogMeshReduction: Using ProxyLODMeshReduction for automatic mesh merging
[2022.04.13-18.24.41:277][  0]LogMeshReduction: No distributed automatic mesh merging module available
[2022.04.13-18.24.41:277][  0]LogMeshMerging: No distributed automatic mesh merging module available
[2022.04.13-18.24.41:318][  0]LogNetVersion: FinalProject 1.0.0, NetCL: 17155196, EngineNetVer: 17, GameNetVer: 0 (Checksum: 2450765920)
[2022.04.13-18.24.42:018][  0]LogTexture: Default maximum texture size for cubemaps generated from long-lat sources has been changed from 512 to unlimited. In order to preserve old behaiour for '/Engine/MapTemplates/Sky/DaylightAmbientCubemap.DaylightAmbientCubemap', its maximum texture size has been explicitly set to 512.
[2022.04.13-18.24.42:193][  0]LogHMD: PokeAHoleMaterial loaded successfully
[2022.04.13-18.24.42:199][  0]LogUObjectArray: 17178 objects as part of root set at end of initial load.
[2022.04.13-18.24.42:199][  0]LogUObjectAllocator: 4302048 out of 0 bytes used by permanent object pool.
[2022.04.13-18.24.42:199][  0]LogUObjectArray: CloseDisregardForGC: 0/0 objects in disregard for GC pool
[2022.04.13-18.24.42:960][  0]LogNiagaraDebuggerClient: Niagara Debugger Client Initialized | Session: 6614DF26420B6985F1223487737D7E11 | Instance: 1435E45B442966AC580867B0018FA402 (KATS-DESKTOP-6624).
[2022.04.13-18.24.43:057][  0]LogTcpMessaging: Initializing TcpMessaging bridge
[2022.04.13-18.24.43:064][  0]LogUdpMessaging: Initializing bridge on interface 0.0.0.0:0 to multicast group 230.0.0.1:6666.
[2022.04.13-18.24.43:113][  0]LogPython: Using Python 3.7.7
[2022.04.13-18.24.43:749][  0]SourceControl: Source control is disabled
[2022.04.13-18.24.43:749][  0]SourceControl: Source control is disabled
[2022.04.13-18.24.43:867][  0]SourceControl: Source control is disabled
[2022.04.13-18.24.43:876][  0]SourceControl: Source control is disabled
[2022.04.13-18.24.43:881][  0]SourceControl: Source control is disabled
[2022.04.13-18.24.43:921][  0]LogUProjectInfo: Found projects:
[2022.04.13-18.24.44:267][  0]LogAndroidPermission: UAndroidPermissionCallbackProxy::GetInstance
[2022.04.13-18.24.44:311][  0]LogAudioCaptureCore: Display: No Audio Capture implementations found. Audio input will be silent.
[2022.04.13-18.24.44:311][  0]LogAudioCaptureCore: Display: No Audio Capture implementations found. Audio input will be silent.
[2022.04.13-18.24.44:341][  0]LogOpenImageDenoise: OIDN starting up
[2022.04.13-18.24.44:441][  0]LogCollectionManager: Loaded 0 collections in 0.001630 seconds
[2022.04.13-18.24.44:470][  0]LogFileCache: Scanning file cache for directory 'D:/Users/pangu/Documents/GitHub/IGME797/FinalProject/Saved/Collections/' took 0.00s
[2022.04.13-18.24.44:470][  0]LogFileCache: Scanning file cache for directory 'D:/Users/pangu/Documents/GitHub/IGME797/FinalProject/Content/Developers/pangu/Collections/' took 0.00s
[2022.04.13-18.24.44:470][  0]LogFileCache: Scanning file cache for directory 'D:/Users/pangu/Documents/GitHub/IGME797/FinalProject/Content/Collections/' took 0.00s
[2022.04.13-18.24.44:470][  0]LogOcInput: OculusInput pre-init called
[2022.04.13-18.24.44:695][  0]LogEngine: Initializing Engine...
[2022.04.13-18.24.44:732][  0]LogHMD: Failed to enumerate extensions. Please check that you have a valid OpenXR runtime installed.
[2022.04.13-18.24.44:732][  0]LogHMD: Failed to initialize OpenVR with code 110
[2022.04.13-18.24.44:732][  0]LogMagicLeap: Warning: VR disabled because ZI is not enabled.  To enable, in the editor, Edit -> Project Settings -> Plugins -> Magic Leap Plugin -> Enable Zero Iteration
[2022.04.13-18.24.44:735][  0]LogStats: UGameplayTagsManager::InitializeManager -  0.001 s
[2022.04.13-18.24.45:026][  0]LogInit: Initializing FReadOnlyCVARCache
[2022.04.13-18.24.45:056][  0]LogAIModule: Creating AISystem for world Untitled
[2022.04.13-18.24.45:060][  0]LogAudio: Display: Initializing Audio Device Manager...
[2022.04.13-18.24.45:066][  0]LogAudio: Display: Loading Default Audio Settings Objects...
[2022.04.13-18.24.45:066][  0]LogAudio: Display: No default SoundConcurrencyObject specified (or failed to load).
[2022.04.13-18.24.45:068][  0]LogAudio: Display: Audio Device Manager Initialized
[2022.04.13-18.24.45:068][  0]LogAudio: Display: Creating Audio Device:                 Id: 1, Scope: Shared, Realtime: True
[2022.04.13-18.24.45:069][  0]LogAudioMixer: Display: Audio Mixer Platform Settings:
[2022.04.13-18.24.45:069][  0]LogAudioMixer: Display: 	Sample Rate:						  48000
[2022.04.13-18.24.45:069][  0]LogAudioMixer: Display: 	Callback Buffer Frame Size Requested: 1024
[2022.04.13-18.24.45:069][  0]LogAudioMixer: Display: 	Callback Buffer Frame Size To Use:	  1024
[2022.04.13-18.24.45:069][  0]LogAudioMixer: Display: 	Number of buffers to queue:			  2
[2022.04.13-18.24.45:069][  0]LogAudioMixer: Display: 	Max Channels (voices):				  32
[2022.04.13-18.24.45:069][  0]LogAudioMixer: Display: 	Number of Async Source Workers:		  0
[2022.04.13-18.24.45:069][  0]LogAudio: Display: AudioDevice MaxSources: 32
[2022.04.13-18.24.45:070][  0]LogAudio: Display: Audio Spatialization Plugin: None (built-in).
[2022.04.13-18.24.45:070][  0]LogAudio: Display: Audio Reverb Plugin: None (built-in).
[2022.04.13-18.24.45:070][  0]LogAudio: Display: Audio Occlusion Plugin: None (built-in).
[2022.04.13-18.24.45:070][  0]LogAudioMixer: Display: Initializing audio mixer.
[2022.04.13-18.24.45:088][  0]LogAudioMixer: Display: 0: FrontLeft
[2022.04.13-18.24.45:088][  0]LogAudioMixer: Display: 1: FrontRight
[2022.04.13-18.24.45:115][  0]LogAudioMixer: Display: Using Audio Device LG ULTRAGEAR (NVIDIA High Definition Audio)
[2022.04.13-18.24.45:116][  0]LogAudioMixer: Display: Initializing Sound Submixes...
[2022.04.13-18.24.45:117][  0]LogAudioMixer: Display: Creating Master Submix 'MasterSubmixDefault'
[2022.04.13-18.24.45:118][  0]LogAudioMixer: Display: Creating Master Submix 'MasterReverbSubmixDefault'
[2022.04.13-18.24.45:119][  0]LogAudioMixer: Display: Creating Master Submix 'MasterEQSubmixDefault'
[2022.04.13-18.24.45:119][  0]LogAudioMixer: FMixerPlatformXAudio2::StartAudioStream() called
[2022.04.13-18.24.45:119][  0]LogAudioMixer: Display: Output buffers initialized: Frames=1024, Channels=2, Samples=2048
[2022.04.13-18.24.45:120][  0]LogAudioMixer: Display: Starting AudioMixerPlatformInterface::RunInternal()
[2022.04.13-18.24.45:120][  0]LogAudioMixer: Display: FMixerPlatformXAudio2::SubmitBuffer() called for the first time
[2022.04.13-18.24.45:120][  0]LogInit: FAudioDevice initialized.
[2022.04.13-18.24.45:120][  0]LogAudio: Display: Audio Device (ID: 1) registered with world 'Untitled'.
[2022.04.13-18.24.45:120][  0]LogNetVersion: Set ProjectVersion to 1.0.0.0. Version Checksum will be recalculated on next use.
[2022.04.13-18.24.45:156][  0]LogDerivedDataCache: Saved boot cache 0.04s 94MB C:/Users/pangu/AppData/Local/UnrealEngine/4.27/DerivedDataCache/Boot.ddc.
[2022.04.13-18.24.45:156][  0]LogInit: Texture streaming: Enabled
[2022.04.13-18.24.45:174][  0]LogAnalytics: Display: [UEEditor.Rocket.Release] APIServer = https://datarouter.ol.epicgames.com/. AppVersion = 4.27.2-18319896+++UE4+Release-4.27
[2022.04.13-18.24.45:178][  0]LogEngineSessionManager: EngineSessionManager initialized
[2022.04.13-18.24.45:178][  0]LogEditorSessionSummary: Verbose: Initializing EditorSessionSummaryWriter for editor session tracking
[2022.04.13-18.24.45:179][  0]LogEditorSessionSummary: EditorSessionSummaryWriter initialized
[2022.04.13-18.24.45:211][  0]LogInit: Transaction tracking system initialized
[2022.04.13-18.24.45:263][  0]BlueprintLog: New page: Editor Load
[2022.04.13-18.24.45:401][  0]LocalizationService: Localization service is disabled
[2022.04.13-18.24.45:468][  0]TimingProfiler: Initialize
[2022.04.13-18.24.45:470][  0]TimingProfiler: OnSessionChanged
[2022.04.13-18.24.45:470][  0]LoadingProfiler: Initialize
[2022.04.13-18.24.45:470][  0]LoadingProfiler: OnSessionChanged
[2022.04.13-18.24.45:470][  0]NetworkingProfiler: Initialize
[2022.04.13-18.24.45:471][  0]NetworkingProfiler: OnSessionChanged
[2022.04.13-18.24.45:471][  0]MemoryProfiler: Initialize
[2022.04.13-18.24.45:471][  0]MemoryProfiler: OnSessionChanged
[2022.04.13-18.24.45:639][  0]LogCook: Display: CookSettings for Memory: MemoryMaxUsedVirtual 0MiB, MemoryMaxUsedPhysical 16384MiB, MemoryMinFreeVirtual 0MiB, MemoryMinFreePhysical 1024MiB
[2022.04.13-18.24.45:639][  0]LogCook: Display: Mobile HDR setting 1
[2022.04.13-18.24.45:852][  0]LogFileCache: Scanning file cache for directory 'D:/Users/pangu/Documents/GitHub/IGME797/FinalProject/Content/' took 0.00s
[2022.04.13-18.24.46:050][  0]LogInit: Display: Engine is initialized. Leaving FEngineLoop::Init()
[2022.04.13-18.24.46:057][  0]SourceControl: Source control is disabled
[2022.04.13-18.24.46:057][  0]LogUnrealEdMisc: Loading editor; pre map load, took 13.930
[2022.04.13-18.24.46:059][  0]Cmd: MAP LOAD FILE="D:/Users/pangu/Documents/GitHub/IGME797/FinalProject/Content/ThirdPersonBP/Maps/ThirdPersonExampleMap.umap" TEMPLATE=0 SHOWPROGRESS=1 FEATURELEVEL=3
[2022.04.13-18.24.46:059][  0]LightingResults: New page: Lighting Build
[2022.04.13-18.24.46:065][  0]LogWorld: UWorld::CleanupWorld for Untitled, bSessionEnded=true, bCleanupResources=true
[2022.04.13-18.24.46:066][  0]LogSlate: InvalidateAllWidgets triggered.  All widgets were invalidated
[2022.04.13-18.24.46:067][  0]MapCheck: New page: Map Check
[2022.04.13-18.24.46:067][  0]LightingResults: New page: Lighting Build
[2022.04.13-18.24.46:082][  0]LogAudio: Display: Audio Device unregistered from world 'None'.
[2022.04.13-18.24.46:086][  0]LogUObjectHash: Compacting FUObjectHashTables data took   0.62ms
[2022.04.13-18.24.46:150][  0]LogLinker: Warning: [AssetLog] D:\Users\pangu\Documents\GitHub\IGME797\FinalProject\Content\ThirdPersonBP\Maps\ThirdPersonExampleMap.umap: Failed to load '/Game/ThirdPersonBP/Maps/ThirdPersonExampleMap_BuiltData': Can't find file.
[2022.04.13-18.24.46:150][  0]LogLinker: Warning: [AssetLog] D:\Users\pangu\Documents\GitHub\IGME797\FinalProject\Content\ThirdPersonBP\Maps\ThirdPersonExampleMap.umap: Failed to load '/Game/ThirdPersonBP/Maps/ThirdPersonExampleMap_BuiltData': Can't find file.
[2022.04.13-18.24.46:153][  0]LogLinker: Warning: [AssetLog] D:\Users\pangu\Documents\GitHub\IGME797\FinalProject\Content\ThirdPersonBP\Maps\ThirdPersonExampleMap.umap: Failed to load '/Game/ThirdPersonBP/Maps/ThirdPersonExampleMap_BuiltData': Can't find file.
[2022.04.13-18.24.46:154][  0]LogLinker: Warning: Failed to load '/Game/ThirdPersonBP/Maps/ThirdPersonExampleMap_BuiltData': Can't find file.
[2022.04.13-18.24.46:154][  0]LogLinker: Warning: Failed to load '/Game/ThirdPersonBP/Maps/ThirdPersonExampleMap_BuiltData': Can't find file.
[2022.04.13-18.24.46:188][  0]LogLinker: Warning: [AssetLog] D:\Users\pangu\Documents\GitHub\IGME797\FinalProject\Content\ThirdPersonBP\Maps\ThirdPersonExampleMap.umap: Failed to load '/Game/ThirdPersonBP/Maps/ThirdPersonExampleMap_BuiltData': Can't find file.
[2022.04.13-18.24.46:188][  0]LoadErrors: Failed to load /Game/ThirdPersonBP/Maps/ThirdPersonExampleMap_BuiltData.ThirdPersonExampleMap_BuiltData Referenced by PersistentLevel
[2022.04.13-18.24.46:275][  0]LogAudio: Display: Audio Device (ID: 1) registered with world 'ThirdPersonExampleMap'.
[2022.04.13-18.24.46:276][  0]LogAIModule: Creating AISystem for world ThirdPersonExampleMap
[2022.04.13-18.24.46:293][  0]LogEditorServer: Finished looking for orphan Actors (0.000 secs)
[2022.04.13-18.24.46:301][  0]LogUObjectHash: Compacting FUObjectHashTables data took   0.74ms
[2022.04.13-18.24.46:303][  0]Cmd: MAP CHECKDEP NOCLEARLOG
[2022.04.13-18.24.46:304][  0]MapCheck: Map check complete: 0 Error(s), 0 Warning(s), took 0.447ms to complete.
[2022.04.13-18.24.46:304][  0]LogFileHelpers: Loading map 'ThirdPersonExampleMap' took 0.245
[2022.04.13-18.24.46:332][  0]LogUnrealEdMisc: Total Editor Startup Time, took 14.204
[2022.04.13-18.24.46:471][  0]LogSlate: Updating window title bar state: overlay mode, drag disabled, window buttons hidden, title bar hidden
[2022.04.13-18.24.46:475][  0]LogSlate: Updating window title bar state: overlay mode, drag disabled, window buttons hidden, title bar hidden
[2022.04.13-18.24.46:479][  0]LogSlate: Updating window title bar state: overlay mode, drag disabled, window buttons hidden, title bar hidden
[2022.04.13-18.24.46:483][  0]LogSlate: Updating window title bar state: overlay mode, drag disabled, window buttons hidden, title bar hidden
[2022.04.13-18.24.46:511][  0]LogNativeClassHierarchy: Verbose: Native class hierarchy populated in 0.0074 seconds. Added 3822 classes and 928 folders.
[2022.04.13-18.24.46:518][  0]LogNativeClassHierarchy: Verbose: Native class hierarchy updated for 'WidgetCarousel' in 0.0002 seconds. Added 0 classes and 0 folders.
[2022.04.13-18.24.46:528][  0]LogPakFile: PakFile PrimaryIndexSize=187
[2022.04.13-18.24.46:528][  0]LogPakFile: PakFile PathHashIndexSize=101
[2022.04.13-18.24.46:528][  0]LogPakFile: PakFile FullDirectoryIndexSize=148
[2022.04.13-18.24.46:528][  0]LogShaderLibrary: Display: ShaderCodeLibraryPakFileMountedCallback: PakFile 'C:/Program Files/Epic Games/UE_4.27/FeaturePacks/FP_FirstPerson.upack' (chunk index -1, root 'root:/') mounted
[2022.04.13-18.24.46:528][  0]LogShaderLibrary: Display: ShaderCodeLibraryPakFileMountedCallback: pending pak file info (ChunkID:-1 Root:root:/ File:C:/Program Files/Epic Games/UE_4.27/FeaturePacks/FP_FirstPerson.upack)
[2022.04.13-18.24.46:528][  0]LogPakFile: OnPakFileMounted2Time == 0.000046
[2022.04.13-18.24.46:535][  0]LogPakFile: PakFile PrimaryIndexSize=189
[2022.04.13-18.24.46:535][  0]LogPakFile: PakFile PathHashIndexSize=101
[2022.04.13-18.24.46:535][  0]LogPakFile: PakFile FullDirectoryIndexSize=152
[2022.04.13-18.24.46:535][  0]LogShaderLibrary: Display: ShaderCodeLibraryPakFileMountedCallback: PakFile 'C:/Program Files/Epic Games/UE_4.27/FeaturePacks/FP_FirstPersonBP.upack' (chunk index -1, root 'root:/') mounted
[2022.04.13-18.24.46:535][  0]LogShaderLibrary: Display: ShaderCodeLibraryPakFileMountedCallback: pending pak file info (ChunkID:-1 Root:root:/ File:C:/Program Files/Epic Games/UE_4.27/FeaturePacks/FP_FirstPersonBP.upack)
[2022.04.13-18.24.46:535][  0]LogPakFile: OnPakFileMounted2Time == 0.000035
[2022.04.13-18.24.46:539][  0]LogPakFile: PakFile PrimaryIndexSize=191
[2022.04.13-18.24.46:539][  0]LogPakFile: PakFile PathHashIndexSize=101
[2022.04.13-18.24.46:539][  0]LogPakFile: PakFile FullDirectoryIndexSize=160
[2022.04.13-18.24.46:539][  0]LogShaderLibrary: Display: ShaderCodeLibraryPakFileMountedCallback: PakFile 'C:/Program Files/Epic Games/UE_4.27/FeaturePacks/MobileStarterContent.upack' (chunk index -1, root 'root:/') mounted
[2022.04.13-18.24.46:539][  0]LogShaderLibrary: Display: ShaderCodeLibraryPakFileMountedCallback: pending pak file info (ChunkID:-1 Root:root:/ File:C:/Program Files/Epic Games/UE_4.27/FeaturePacks/MobileStarterContent.upack)
[2022.04.13-18.24.46:539][  0]LogPakFile: OnPakFileMounted2Time == 0.000029
[2022.04.13-18.24.46:542][  0]LogPakFile: PakFile PrimaryIndexSize=185
[2022.04.13-18.24.46:542][  0]LogPakFile: PakFile PathHashIndexSize=101
[2022.04.13-18.24.46:542][  0]LogPakFile: PakFile FullDirectoryIndexSize=148
[2022.04.13-18.24.46:542][  0]LogShaderLibrary: Display: ShaderCodeLibraryPakFileMountedCallback: PakFile 'C:/Program Files/Epic Games/UE_4.27/FeaturePacks/StarterContent.upack' (chunk index -1, root 'root:/') mounted
[2022.04.13-18.24.46:542][  0]LogShaderLibrary: Display: ShaderCodeLibraryPakFileMountedCallback: pending pak file info (ChunkID:-1 Root:root:/ File:C:/Program Files/Epic Games/UE_4.27/FeaturePacks/StarterContent.upack)
[2022.04.13-18.24.46:542][  0]LogPakFile: OnPakFileMounted2Time == 0.000030
[2022.04.13-18.24.46:547][  0]LogPakFile: PakFile PrimaryIndexSize=190
[2022.04.13-18.24.46:547][  0]LogPakFile: PakFile PathHashIndexSize=101
[2022.04.13-18.24.46:547][  0]LogPakFile: PakFile FullDirectoryIndexSize=154
[2022.04.13-18.24.46:547][  0]LogShaderLibrary: Display: ShaderCodeLibraryPakFileMountedCallback: PakFile 'C:/Program Files/Epic Games/UE_4.27/FeaturePacks/TP_2DSideScroller.upack' (chunk index -1, root 'root:/') mounted
[2022.04.13-18.24.46:547][  0]LogShaderLibrary: Display: ShaderCodeLibraryPakFileMountedCallback: pending pak file info (ChunkID:-1 Root:root:/ File:C:/Program Files/Epic Games/UE_4.27/FeaturePacks/TP_2DSideScroller.upack)
[2022.04.13-18.24.46:547][  0]LogPakFile: OnPakFileMounted2Time == 0.000029
[2022.04.13-18.24.46:550][  0]LogPakFile: PakFile PrimaryIndexSize=192
[2022.04.13-18.24.46:550][  0]LogPakFile: PakFile PathHashIndexSize=101
[2022.04.13-18.24.46:550][  0]LogPakFile: PakFile FullDirectoryIndexSize=158
[2022.04.13-18.24.46:550][  0]LogShaderLibrary: Display: ShaderCodeLibraryPakFileMountedCallback: PakFile 'C:/Program Files/Epic Games/UE_4.27/FeaturePacks/TP_2DSideScrollerBP.upack' (chunk index -1, root 'root:/') mounted
[2022.04.13-18.24.46:550][  0]LogShaderLibrary: Display: ShaderCodeLibraryPakFileMountedCallback: pending pak file info (ChunkID:-1 Root:root:/ File:C:/Program Files/Epic Games/UE_4.27/FeaturePacks/TP_2DSideScrollerBP.upack)
[2022.04.13-18.24.46:550][  0]LogPakFile: OnPakFileMounted2Time == 0.000028
[2022.04.13-18.24.46:553][  0]LogPakFile: PakFile PrimaryIndexSize=182
[2022.04.13-18.24.46:553][  0]LogPakFile: PakFile PathHashIndexSize=101
[2022.04.13-18.24.46:553][  0]LogPakFile: PakFile FullDirectoryIndexSize=138
[2022.04.13-18.24.46:553][  0]LogShaderLibrary: Display: ShaderCodeLibraryPakFileMountedCallback: PakFile 'C:/Program Files/Epic Games/UE_4.27/FeaturePacks/TP_Flying.upack' (chunk index -1, root 'root:/') mounted
[2022.04.13-18.24.46:553][  0]LogShaderLibrary: Display: ShaderCodeLibraryPakFileMountedCallback: pending pak file info (ChunkID:-1 Root:root:/ File:C:/Program Files/Epic Games/UE_4.27/FeaturePacks/TP_Flying.upack)
[2022.04.13-18.24.46:553][  0]LogPakFile: OnPakFileMounted2Time == 0.000031
[2022.04.13-18.24.46:557][  0]LogPakFile: PakFile PrimaryIndexSize=184
[2022.04.13-18.24.46:557][  0]LogPakFile: PakFile PathHashIndexSize=101
[2022.04.13-18.24.46:557][  0]LogPakFile: PakFile FullDirectoryIndexSize=142
[2022.04.13-18.24.46:557][  0]LogShaderLibrary: Display: ShaderCodeLibraryPakFileMountedCallback: PakFile 'C:/Program Files/Epic Games/UE_4.27/FeaturePacks/TP_FlyingBP.upack' (chunk index -1, root 'root:/') mounted
[2022.04.13-18.24.46:557][  0]LogShaderLibrary: Display: ShaderCodeLibraryPakFileMountedCallback: pending pak file info (ChunkID:-1 Root:root:/ File:C:/Program Files/Epic Games/UE_4.27/FeaturePacks/TP_FlyingBP.upack)
[2022.04.13-18.24.46:557][  0]LogPakFile: OnPakFileMounted2Time == 0.000023
[2022.04.13-18.24.46:562][  0]LogPakFile: PakFile PrimaryIndexSize=188
[2022.04.13-18.24.46:562][  0]LogPakFile: PakFile PathHashIndexSize=101
[2022.04.13-18.24.46:562][  0]LogPakFile: PakFile FullDirectoryIndexSize=150
[2022.04.13-18.24.46:562][  0]LogShaderLibrary: Display: ShaderCodeLibraryPakFileMountedCallback: PakFile 'C:/Program Files/Epic Games/UE_4.27/FeaturePacks/TP_HandheldARBP.upack' (chunk index -1, root 'root:/') mounted
[2022.04.13-18.24.46:562][  0]LogShaderLibrary: Display: ShaderCodeLibraryPakFileMountedCallback: pending pak file info (ChunkID:-1 Root:root:/ File:C:/Program Files/Epic Games/UE_4.27/FeaturePacks/TP_HandheldARBP.upack)
[2022.04.13-18.24.46:562][  0]LogPakFile: OnPakFileMounted2Time == 0.000029
[2022.04.13-18.24.46:567][  0]LogPakFile: PakFile PrimaryIndexSize=182
[2022.04.13-18.24.46:567][  0]LogPakFile: PakFile PathHashIndexSize=101
[2022.04.13-18.24.46:567][  0]LogPakFile: PakFile FullDirectoryIndexSize=138
[2022.04.13-18.24.46:567][  0]LogShaderLibrary: Display: ShaderCodeLibraryPakFileMountedCallback: PakFile 'C:/Program Files/Epic Games/UE_4.27/FeaturePacks/TP_Puzzle.upack' (chunk index -1, root 'root:/') mounted
[2022.04.13-18.24.46:567][  0]LogShaderLibrary: Display: ShaderCodeLibraryPakFileMountedCallback: pending pak file info (ChunkID:-1 Root:root:/ File:C:/Program Files/Epic Games/UE_4.27/FeaturePacks/TP_Puzzle.upack)
[2022.04.13-18.24.46:567][  0]LogPakFile: OnPakFileMounted2Time == 0.000028
[2022.04.13-18.24.46:570][  0]LogPakFile: PakFile PrimaryIndexSize=184
[2022.04.13-18.24.46:570][  0]LogPakFile: PakFile PathHashIndexSize=101
[2022.04.13-18.24.46:570][  0]LogPakFile: PakFile FullDirectoryIndexSize=142
[2022.04.13-18.24.46:570][  0]LogShaderLibrary: Display: ShaderCodeLibraryPakFileMountedCallback: PakFile 'C:/Program Files/Epic Games/UE_4.27/FeaturePacks/TP_PuzzleBP.upack' (chunk index -1, root 'root:/') mounted
[2022.04.13-18.24.46:570][  0]LogShaderLibrary: Display: ShaderCodeLibraryPakFileMountedCallback: pending pak file info (ChunkID:-1 Root:root:/ File:C:/Program Files/Epic Games/UE_4.27/FeaturePacks/TP_PuzzleBP.upack)
[2022.04.13-18.24.46:570][  0]LogPakFile: OnPakFileMounted2Time == 0.000027
[2022.04.13-18.24.46:574][  0]LogPakFile: PakFile PrimaryIndexSize=183
[2022.04.13-18.24.46:574][  0]LogPakFile: PakFile PathHashIndexSize=101
[2022.04.13-18.24.46:574][  0]LogPakFile: PakFile FullDirectoryIndexSize=140
[2022.04.13-18.24.46:574][  0]LogShaderLibrary: Display: ShaderCodeLibraryPakFileMountedCallback: PakFile 'C:/Program Files/Epic Games/UE_4.27/FeaturePacks/TP_Rolling.upack' (chunk index -1, root 'root:/') mounted
[2022.04.13-18.24.46:574][  0]LogShaderLibrary: Display: ShaderCodeLibraryPakFileMountedCallback: pending pak file info (ChunkID:-1 Root:root:/ File:C:/Program Files/Epic Games/UE_4.27/FeaturePacks/TP_Rolling.upack)
[2022.04.13-18.24.46:574][  0]LogPakFile: OnPakFileMounted2Time == 0.000028
[2022.04.13-18.24.46:577][  0]LogPakFile: PakFile PrimaryIndexSize=185
[2022.04.13-18.24.46:577][  0]LogPakFile: PakFile PathHashIndexSize=101
[2022.04.13-18.24.46:577][  0]LogPakFile: PakFile FullDirectoryIndexSize=144
[2022.04.13-18.24.46:577][  0]LogShaderLibrary: Display: ShaderCodeLibraryPakFileMountedCallback: PakFile 'C:/Program Files/Epic Games/UE_4.27/FeaturePacks/TP_RollingBP.upack' (chunk index -1, root 'root:/') mounted
[2022.04.13-18.24.46:577][  0]LogShaderLibrary: Display: ShaderCodeLibraryPakFileMountedCallback: pending pak file info (ChunkID:-1 Root:root:/ File:C:/Program Files/Epic Games/UE_4.27/FeaturePacks/TP_RollingBP.upack)
[2022.04.13-18.24.46:577][  0]LogPakFile: OnPakFileMounted2Time == 0.000027
[2022.04.13-18.24.46:581][  0]LogPakFile: PakFile PrimaryIndexSize=188
[2022.04.13-18.24.46:581][  0]LogPakFile: PakFile PathHashIndexSize=101
[2022.04.13-18.24.46:581][  0]LogPakFile: PakFile FullDirectoryIndexSize=150
[2022.04.13-18.24.46:581][  0]LogShaderLibrary: Display: ShaderCodeLibraryPakFileMountedCallback: PakFile 'C:/Program Files/Epic Games/UE_4.27/FeaturePacks/TP_SideScroller.upack' (chunk index -1, root 'root:/') mounted
[2022.04.13-18.24.46:581][  0]LogShaderLibrary: Display: ShaderCodeLibraryPakFileMountedCallback: pending pak file info (ChunkID:-1 Root:root:/ File:C:/Program Files/Epic Games/UE_4.27/FeaturePacks/TP_SideScroller.upack)
[2022.04.13-18.24.46:581][  0]LogPakFile: OnPakFileMounted2Time == 0.000028
[2022.04.13-18.24.46:585][  0]LogPakFile: PakFile PrimaryIndexSize=190
[2022.04.13-18.24.46:585][  0]LogPakFile: PakFile PathHashIndexSize=101
[2022.04.13-18.24.46:585][  0]LogPakFile: PakFile FullDirectoryIndexSize=154
[2022.04.13-18.24.46:585][  0]LogShaderLibrary: Display: ShaderCodeLibraryPakFileMountedCallback: PakFile 'C:/Program Files/Epic Games/UE_4.27/FeaturePacks/TP_SideScrollerBP.upack' (chunk index -1, root 'root:/') mounted
[2022.04.13-18.24.46:585][  0]LogShaderLibrary: Display: ShaderCodeLibraryPakFileMountedCallback: pending pak file info (ChunkID:-1 Root:root:/ File:C:/Program Files/Epic Games/UE_4.27/FeaturePacks/TP_SideScrollerBP.upack)
[2022.04.13-18.24.46:585][  0]LogPakFile: OnPakFileMounted2Time == 0.000023
[2022.04.13-18.24.46:588][  0]LogPakFile: PakFile PrimaryIndexSize=187
[2022.04.13-18.24.46:588][  0]LogPakFile: PakFile PathHashIndexSize=101
[2022.04.13-18.24.46:588][  0]LogPakFile: PakFile FullDirectoryIndexSize=148
[2022.04.13-18.24.46:588][  0]LogShaderLibrary: Display: ShaderCodeLibraryPakFileMountedCallback: PakFile 'C:/Program Files/Epic Games/UE_4.27/FeaturePacks/TP_ThirdPerson.upack' (chunk index -1, root 'root:/') mounted
[2022.04.13-18.24.46:588][  0]LogShaderLibrary: Display: ShaderCodeLibraryPakFileMountedCallback: pending pak file info (ChunkID:-1 Root:root:/ File:C:/Program Files/Epic Games/UE_4.27/FeaturePacks/TP_ThirdPerson.upack)
[2022.04.13-18.24.46:588][  0]LogPakFile: OnPakFileMounted2Time == 0.000028
[2022.04.13-18.24.46:592][  0]LogPakFile: PakFile PrimaryIndexSize=189
[2022.04.13-18.24.46:592][  0]LogPakFile: PakFile PathHashIndexSize=101
[2022.04.13-18.24.46:592][  0]LogPakFile: PakFile FullDirectoryIndexSize=152
[2022.04.13-18.24.46:592][  0]LogShaderLibrary: Display: ShaderCodeLibraryPakFileMountedCallback: PakFile 'C:/Program Files/Epic Games/UE_4.27/FeaturePacks/TP_ThirdPersonBP.upack' (chunk index -1, root 'root:/') mounted
[2022.04.13-18.24.46:592][  0]LogShaderLibrary: Display: ShaderCodeLibraryPakFileMountedCallback: pending pak file info (ChunkID:-1 Root:root:/ File:C:/Program Files/Epic Games/UE_4.27/FeaturePacks/TP_ThirdPersonBP.upack)
[2022.04.13-18.24.46:592][  0]LogPakFile: OnPakFileMounted2Time == 0.000028
[2022.04.13-18.24.46:596][  0]LogPakFile: PakFile PrimaryIndexSize=183
[2022.04.13-18.24.46:596][  0]LogPakFile: PakFile PathHashIndexSize=101
[2022.04.13-18.24.46:596][  0]LogPakFile: PakFile FullDirectoryIndexSize=140
[2022.04.13-18.24.46:596][  0]LogShaderLibrary: Display: ShaderCodeLibraryPakFileMountedCallback: PakFile 'C:/Program Files/Epic Games/UE_4.27/FeaturePacks/TP_TopDown.upack' (chunk index -1, root 'root:/') mounted
[2022.04.13-18.24.46:596][  0]LogShaderLibrary: Display: ShaderCodeLibraryPakFileMountedCallback: pending pak file info (ChunkID:-1 Root:root:/ File:C:/Program Files/Epic Games/UE_4.27/FeaturePacks/TP_TopDown.upack)
[2022.04.13-18.24.46:596][  0]LogPakFile: OnPakFileMounted2Time == 0.000032
[2022.04.13-18.24.46:601][  0]LogPakFile: PakFile PrimaryIndexSize=185
[2022.04.13-18.24.46:601][  0]LogPakFile: PakFile PathHashIndexSize=101
[2022.04.13-18.24.46:601][  0]LogPakFile: PakFile FullDirectoryIndexSize=144
[2022.04.13-18.24.46:601][  0]LogShaderLibrary: Display: ShaderCodeLibraryPakFileMountedCallback: PakFile 'C:/Program Files/Epic Games/UE_4.27/FeaturePacks/TP_TopDownBP.upack' (chunk index -1, root 'root:/') mounted
[2022.04.13-18.24.46:601][  0]LogShaderLibrary: Display: ShaderCodeLibraryPakFileMountedCallback: pending pak file info (ChunkID:-1 Root:root:/ File:C:/Program Files/Epic Games/UE_4.27/FeaturePacks/TP_TopDownBP.upack)
[2022.04.13-18.24.46:601][  0]LogPakFile: OnPakFileMounted2Time == 0.000028
[2022.04.13-18.24.46:606][  0]LogPakFile: PakFile PrimaryIndexSize=185
[2022.04.13-18.24.46:606][  0]LogPakFile: PakFile PathHashIndexSize=101
[2022.04.13-18.24.46:606][  0]LogPakFile: PakFile FullDirectoryIndexSize=144
[2022.04.13-18.24.46:606][  0]LogShaderLibrary: Display: ShaderCodeLibraryPakFileMountedCallback: PakFile 'C:/Program Files/Epic Games/UE_4.27/FeaturePacks/TP_TwinStick.upack' (chunk index -1, root 'root:/') mounted
[2022.04.13-18.24.46:606][  0]LogShaderLibrary: Display: ShaderCodeLibraryPakFileMountedCallback: pending pak file info (ChunkID:-1 Root:root:/ File:C:/Program Files/Epic Games/UE_4.27/FeaturePacks/TP_TwinStick.upack)
[2022.04.13-18.24.46:607][  0]LogPakFile: OnPakFileMounted2Time == 0.000037
[2022.04.13-18.24.46:610][  0]LogPakFile: PakFile PrimaryIndexSize=187
[2022.04.13-18.24.46:610][  0]LogPakFile: PakFile PathHashIndexSize=101
[2022.04.13-18.24.46:610][  0]LogPakFile: PakFile FullDirectoryIndexSize=148
[2022.04.13-18.24.46:610][  0]LogShaderLibrary: Display: ShaderCodeLibraryPakFileMountedCallback: PakFile 'C:/Program Files/Epic Games/UE_4.27/FeaturePacks/TP_TwinStickBP.upack' (chunk index -1, root 'root:/') mounted
[2022.04.13-18.24.46:610][  0]LogShaderLibrary: Display: ShaderCodeLibraryPakFileMountedCallback: pending pak file info (ChunkID:-1 Root:root:/ File:C:/Program Files/Epic Games/UE_4.27/FeaturePacks/TP_TwinStickBP.upack)
[2022.04.13-18.24.46:610][  0]LogPakFile: OnPakFileMounted2Time == 0.000026
[2022.04.13-18.24.46:614][  0]LogPakFile: PakFile PrimaryIndexSize=183
[2022.04.13-18.24.46:614][  0]LogPakFile: PakFile PathHashIndexSize=101
[2022.04.13-18.24.46:614][  0]LogPakFile: PakFile FullDirectoryIndexSize=140
[2022.04.13-18.24.46:614][  0]LogShaderLibrary: Display: ShaderCodeLibraryPakFileMountedCallback: PakFile 'C:/Program Files/Epic Games/UE_4.27/FeaturePacks/TP_Vehicle.upack' (chunk index -1, root 'root:/') mounted
[2022.04.13-18.24.46:614][  0]LogShaderLibrary: Display: ShaderCodeLibraryPakFileMountedCallback: pending pak file info (ChunkID:-1 Root:root:/ File:C:/Program Files/Epic Games/UE_4.27/FeaturePacks/TP_Vehicle.upack)
[2022.04.13-18.24.46:614][  0]LogPakFile: OnPakFileMounted2Time == 0.000029
[2022.04.13-18.24.46:617][  0]LogPakFile: PakFile PrimaryIndexSize=186
[2022.04.13-18.24.46:617][  0]LogPakFile: PakFile PathHashIndexSize=101
[2022.04.13-18.24.46:617][  0]LogPakFile: PakFile FullDirectoryIndexSize=146
[2022.04.13-18.24.46:617][  0]LogShaderLibrary: Display: ShaderCodeLibraryPakFileMountedCallback: PakFile 'C:/Program Files/Epic Games/UE_4.27/FeaturePacks/TP_VehicleAdv.upack' (chunk index -1, root 'root:/') mounted
[2022.04.13-18.24.46:617][  0]LogShaderLibrary: Display: ShaderCodeLibraryPakFileMountedCallback: pending pak file info (ChunkID:-1 Root:root:/ File:C:/Program Files/Epic Games/UE_4.27/FeaturePacks/TP_VehicleAdv.upack)
[2022.04.13-18.24.46:617][  0]LogPakFile: OnPakFileMounted2Time == 0.000024
[2022.04.13-18.24.46:621][  0]LogPakFile: PakFile PrimaryIndexSize=188
[2022.04.13-18.24.46:621][  0]LogPakFile: PakFile PathHashIndexSize=101
[2022.04.13-18.24.46:621][  0]LogPakFile: PakFile FullDirectoryIndexSize=150
[2022.04.13-18.24.46:621][  0]LogShaderLibrary: Display: ShaderCodeLibraryPakFileMountedCallback: PakFile 'C:/Program Files/Epic Games/UE_4.27/FeaturePacks/TP_VehicleAdvBP.upack' (chunk index -1, root 'root:/') mounted
[2022.04.13-18.24.46:621][  0]LogShaderLibrary: Display: ShaderCodeLibraryPakFileMountedCallback: pending pak file info (ChunkID:-1 Root:root:/ File:C:/Program Files/Epic Games/UE_4.27/FeaturePacks/TP_VehicleAdvBP.upack)
[2022.04.13-18.24.46:621][  0]LogPakFile: OnPakFileMounted2Time == 0.000033
[2022.04.13-18.24.46:626][  0]LogPakFile: PakFile PrimaryIndexSize=185
[2022.04.13-18.24.46:626][  0]LogPakFile: PakFile PathHashIndexSize=101
[2022.04.13-18.24.46:626][  0]LogPakFile: PakFile FullDirectoryIndexSize=144
[2022.04.13-18.24.46:626][  0]LogShaderLibrary: Display: ShaderCodeLibraryPakFileMountedCallback: PakFile 'C:/Program Files/Epic Games/UE_4.27/FeaturePacks/TP_VehicleBP.upack' (chunk index -1, root 'root:/') mounted
[2022.04.13-18.24.46:626][  0]LogShaderLibrary: Display: ShaderCodeLibraryPakFileMountedCallback: pending pak file info (ChunkID:-1 Root:root:/ File:C:/Program Files/Epic Games/UE_4.27/FeaturePacks/TP_VehicleBP.upack)
[2022.04.13-18.24.46:626][  0]LogPakFile: OnPakFileMounted2Time == 0.000030
[2022.04.13-18.24.46:630][  0]LogPakFile: PakFile PrimaryIndexSize=192
[2022.04.13-18.24.46:630][  0]LogPakFile: PakFile PathHashIndexSize=101
[2022.04.13-18.24.46:630][  0]LogPakFile: PakFile FullDirectoryIndexSize=158
[2022.04.13-18.24.46:630][  0]LogShaderLibrary: Display: ShaderCodeLibraryPakFileMountedCallback: PakFile 'C:/Program Files/Epic Games/UE_4.27/FeaturePacks/TP_VirtualRealityBP.upack' (chunk index -1, root 'root:/') mounted
[2022.04.13-18.24.46:630][  0]LogShaderLibrary: Display: ShaderCodeLibraryPakFileMountedCallback: pending pak file info (ChunkID:-1 Root:root:/ File:C:/Program Files/Epic Games/UE_4.27/FeaturePacks/TP_VirtualRealityBP.upack)
[2022.04.13-18.24.46:630][  0]LogPakFile: OnPakFileMounted2Time == 0.000028
[2022.04.13-18.24.47:132][  0]LogNativeClassHierarchy: Verbose: Native class hierarchy updated for 'AddContentDialog' in 0.0003 seconds. Added 0 classes and 0 folders.
[2022.04.13-18.24.47:183][  0]LogSlate: Took 0.003441 seconds to synchronously load lazily loaded font '../../../Engine/Content/Slate/Fonts/Roboto-Regular.ttf' (155K)
[2022.04.13-18.24.47:188][  0]LogSlate: Took 0.002996 seconds to synchronously load lazily loaded font '../../../Engine/Content/Editor/Slate/Fonts/FontAwesome.ttf' (139K)
[2022.04.13-18.24.47:193][  0]LogSlate: Took 0.002764 seconds to synchronously load lazily loaded font '../../../Engine/Content/Slate/Fonts/Roboto-Bold.ttf' (160K)
[2022.04.13-18.24.47:199][  0]LogSlate: Took 0.004071 seconds to synchronously load lazily loaded font '../../../Engine/Content/Slate/Fonts/DroidSansMono.ttf' (77K)
[2022.04.13-18.24.47:300][  0]LogRenderer: Reallocating scene render targets to support 1208x656 Format 10 NumSamples 1 (Frame:1).
[2022.04.13-18.24.47:427][  0]LogNativeClassHierarchy: Verbose: Native class hierarchy updated for 'HierarchicalLODOutliner' in 0.0003 seconds. Added 0 classes and 0 folders.
[2022.04.13-18.24.47:427][  0]LogInput: Warning: Action Jump uses invalid key OculusGo_Left_Trigger_Click.
[2022.04.13-18.24.47:427][  0]LogInput: Warning: Action ResetVR uses invalid key OculusGo_Left_Trackpad_Click.
[2022.04.13-18.24.47:427][  0]LogInput: Warning: Use -RemoveInvalidKeys to remove instances of these keys from the action mapping.
[2022.04.13-18.24.47:428][  0]LogLoad: (Engine Initialization) Total time: 15.30 seconds
[2022.04.13-18.24.47:428][  0]LogLoad: (Engine Initialization) Total Blueprint compile time: 0.00 seconds
[2022.04.13-18.24.47:463][  0]LogAssetRegistry: Asset discovery search completed in 6.7631 seconds
[2022.04.13-18.24.47:468][  0]LogCollectionManager: Fixed up redirectors for 0 collections in 0.000003 seconds (updated 0 objects)
[2022.04.13-18.24.47:470][  0]LogContentStreaming: Texture pool size now 1000 MB
[2022.04.13-18.25.00:000][287]LogSlate: Window 'Message Log' being destroyed
[2022.04.13-18.25.00:005][287]LogSlate: Window 'Message Log' being destroyed
[2022.04.13-18.26.17:086][ 19]LogEditorViewport: Clicking on Actor (LMB): StaticMeshActor (Floor)
[2022.04.13-18.26.18:716][195]MapCheck: New page: Map Check
[2022.04.13-18.26.18:734][195]LightingResults: New page: Lighting Build - Apr 13, 2022, 10:26:18 AM
[2022.04.13-18.26.18:759][195]LogSwarmInterface: [OpenConnection] Registering TCP channel ...
[2022.04.13-18.26.18:804][195]LogSwarmInterface: [OpenConnection] Connecting to agent ...
[2022.04.13-18.26.18:814][195]LogSwarmInterface: [TryOpenConnection] Testing the Agent
[2022.04.13-18.26.19:346][195]LogSwarmInterface: [TryOpenConnection] Opening Connection to Agent
[2022.04.13-18.26.19:346][195]LogSwarmInterface: [TryOpenConnection] Local Process ID is 6624
[2022.04.13-18.26.24:670][195]LogStaticLightingSystem: Running Lightmass w/ ImmediateImport mode ENABLED
[2022.04.13-18.26.24:670][195]LogStaticLightingSystem: Running Lightmass w/ ImmediateProcess mode ENABLED
[2022.04.13-18.26.24:670][195]LogStaticLightingSystem: Running Lightmass w/ Sorting mode ENABLED
[2022.04.13-18.26.24:670][195]LogStaticLightingSystem: Running Lightmass w/ Mapping paddings ENABLED
[2022.04.13-18.26.24:670][195]LogStaticLightingSystem: Running Lightmass w/ Mapping debug paddings DISABLED
[2022.04.13-18.26.24:797][195]LogEditorBuildUtils: Build time 0:06
[2022.04.13-18.26.24:874][197]LogUObjectHash: Compacting FUObjectHashTables data took   0.60ms
[2022.04.13-18.26.26:972][316]Job is a success!
[2022.04.13-18.26.27:053][318]LogSlate: Took 0.008803 seconds to synchronously load lazily loaded font '../../../Engine/Content/Slate/Fonts/Roboto-Light.ttf' (167K)
[2022.04.13-18.26.27:101][318]LogVolumetricLightmapImport: Imported Volumetric Lightmap in 0.009s
[2022.04.13-18.26.27:101][318]LogVolumetricLightmapImport:      Indirection Texture 16x16x16 = 0.0Mb
[2022.04.13-18.26.27:101][318]LogVolumetricLightmapImport:      BrickData (all levels) 0.2Mb (trimmed 0.0Mb due to 0.010000 MinBrickError)
[2022.04.13-18.26.27:101][318]LogVolumetricLightmapImport:      Bricks at depth
[2022.04.13-18.26.27:101][318]LogVolumetricLightmapImport:          0: 2.3% covering 100.0% of volume
[2022.04.13-18.26.27:101][318]LogVolumetricLightmapImport:          1: 9.1% covering 6.2% of volume
[2022.04.13-18.26.27:101][318]LogVolumetricLightmapImport:          2: 88.6% covering 1.0% of volume
[2022.04.13-18.26.27:101][318]LogVolumetricLightmapImport:      Bricks in each level
[2022.04.13-18.26.27:101][318]LogVolumetricLightmapImport:          ThirdPersonExampleMap 			 44 bricks 	 100.0% (Persistent Level)
[2022.04.13-18.26.27:279][318]LogTexture: Display: Building textures: SkyOcclusion0_1 (OODLE_AutoDXT, 1024X512)
[2022.04.13-18.26.27:279][318]LogTexture: Display: Building textures: HQ_Lightmap0_1 (OODLE_AutoDXT, 1024X1024)
[2022.04.13-18.26.27:279][318]LogTexture: Display: Building textures: LQ_Lightmap_0_2 (OODLE_DXT1, 512X512)
[2022.04.13-18.26.27:279][318]LogTexture: Display: Building textures: SkyOcclusion0_2 (OODLE_AutoDXT, 512X256)
[2022.04.13-18.26.27:279][318]LogTexture: Display: Building textures: LQ_Lightmap_0_1 (OODLE_DXT1, 1024X1024)
[2022.04.13-18.26.27:279][318]LogTexture: Display: Building textures: SkyOcclusion0_3 (OODLE_AutoDXT, 64X32)
[2022.04.13-18.26.27:279][318]LogTexture: Display: Building textures: HQ_Lightmap0_2 (OODLE_AutoDXT, 512X512)
[2022.04.13-18.26.27:279][318]LogTexture: Display: Building textures: HQ_Lightmap0_3 (OODLE_AutoDXT, 64X64)
[2022.04.13-18.26.27:279][318]LogTexture: Display: Building textures: LQ_Lightmap_0_3 (OODLE_DXT1, 64X64)
[2022.04.13-18.26.27:279][318]LogTextureFormatOodle: Display: non-RDO encode 1024 x 512 x 1 to format OODLE_AutoDXT (Oodle OodleTex_BC3) lambda=0 effort=20 
[2022.04.13-18.26.27:279][318]LogTextureFormatOodle: Display: non-RDO encode 1024 x 1024 x 1 to format OODLE_AutoDXT (Oodle OodleTex_BC3) lambda=0 effort=20 
[2022.04.13-18.26.27:279][318]LogTextureFormatOodle: Display: non-RDO encode 1024 x 1024 x 1 to format OODLE_DXT1 (Oodle OodleTex_BC1_WithTransparency) lambda=0 effort=20 
[2022.04.13-18.26.27:279][318]LogTexture: Display: Building textures: ShadowMapTexture2D_1 (G8, 32X32)
[2022.04.13-18.26.27:358][318]LogTexture: Display: Building textures: ShadowMapTexture2D_0 (G8, 1024X1024)
[2022.04.13-18.26.27:358][318]Lightmass on KATS-DESKTOP: 1.71 sec total, 140 ms importing, 12 ms setup, 366 ms photons, 1.14 sec processing, 0 ms extra exporting [12/12 mappings]. Threads: 35.4 sec total, 1.97 sec processing.
[2022.04.13-18.26.27:358][318]LogStaticLightingSystem: ThirdPersonExampleMap_BuiltData storing lightmap data for 12 meshes in 3 LightmapResourceClusters (4.0 Meshes per cluster).
[2022.04.13-18.26.27:365][318]LogUObjectHash: Compacting FUObjectHashTables data took   0.58ms
[2022.04.13-18.26.27:396][318]LogStaticLightingSystem: Illumination: 8.61 sec (58 ms encoding lightmaps, 160 ms encoding shadowmaps)
[2022.04.13-18.26.27:397][318]LogStaticLightingSystem: Lightmap texture memory:  3.3 MB (3.3 MB streaming, 0.0 MB non-streaming), 6 textures
[2022.04.13-18.26.27:397][318]LogStaticLightingSystem: Shadowmap texture memory: 1.3 MB (1.3 MB streaming, 0.0 MB non-streaming), 2 textures
[2022.04.13-18.26.27:674][318]DumpUnbuiltLightIteractions
[2022.04.13-18.26.27:674][318]Lights with unbuilt interactions: 0
[2022.04.13-18.26.27:674][318]
[2022.04.13-18.26.27:674][318]Primitives with unbuilt interactions: 0
[2022.04.13-18.26.27:725][318]LogTexture: Display: Building textures: NewReflectionComponentTexture3884DE244CA9D1E5320A11B1C608A293 (BGRA8, 128X128)
[2022.04.13-18.26.27:751][319]Cmd: MAP CHECK NOTIFYRESULTS
[2022.04.13-18.26.27:751][319]MapCheck: New page: ThirdPersonExampleMap - Apr 13, 2022, 10:26:27 AM
[2022.04.13-18.26.27:752][319]MapCheck: Map check complete: 0 Error(s), 0 Warning(s), took 1.164ms to complete.
[2022.04.13-18.26.34:142][ 40]SourceControl: Source control is disabled
[2022.04.13-18.26.34:142][ 40]LogSlate: Window 'Source Control Login' being destroyed
[2022.04.13-18.26.35:281][172]LogUObjectHash: Compacting FUObjectHashTables data took   0.55ms
[2022.04.13-18.26.35:297][172]LogSavePackage: Moving 'D:/Users/pangu/Documents/GitHub/IGME797/FinalProject/Saved/ThirdPersonExampleMap41B689674ABC056BA4E36EB154FC271B.tmp' to 'D:/Users/pangu/Documents/GitHub/IGME797/FinalProject/Content/ThirdPersonBP/Maps/ThirdPersonExampleMap.umap'
[2022.04.13-18.26.35:328][172]LogSavePackage: Moving 'D:/Users/pangu/Documents/GitHub/IGME797/FinalProject/Saved/ThirdPersonExampleMap_BuiltDataFAF752CE41923CEBC6A33691FB1C704E.tmp' to 'D:/Users/pangu/Documents/GitHub/IGME797/FinalProject/Content/ThirdPersonBP/Maps/ThirdPersonExampleMap_BuiltData.uasset'
[2022.04.13-18.26.35:338][172]AssetCheck: New page: Asset Save: multiple assets
[2022.04.13-18.26.35:338][172]LogContentValidation: Display: Validating MapBuildDataRegistry /Game/ThirdPersonBP/Maps/ThirdPersonExampleMap_BuiltData.ThirdPersonExampleMap_BuiltData
[2022.04.13-18.26.35:338][172]LogContentValidation: Display: Validating World /Game/ThirdPersonBP/Maps/ThirdPersonExampleMap.ThirdPersonExampleMap
[2022.04.13-18.26.36:647][326]LogUObjectHash: Compacting FUObjectHashTables data took   0.24ms
