Log file open, 02/24/22 20:08:12
LogWindows: Failed to load 'aqProf.dll' (GetLastError=126)
LogWindows: File 'aqProf.dll' does not exist
LogWindows: Failed to load 'VtuneApi.dll' (GetLastError=126)
LogWindows: File 'VtuneApi.dll' does not exist
LogWindows: Failed to load 'VtuneApi32e.dll' (GetLastError=126)
LogWindows: File 'VtuneApi32e.dll' does not exist
LogConsoleResponse: Display: Failed to find resolution value strings in scalability ini. Falling back to default.
LogConsoleResponse: Display: Failed to find resolution value strings in scalability ini. Falling back to default.
LogInit: Display: Running engine for game: InClass20220210
LogPlatformFile: Not using cached read wrapper
LogTaskGraph: Started task graph with 5 named threads and 47 total threads with 3 sets of task threads.
LogStats: Stats thread started at 0.269462
LogICUInternationalization: ICU TimeZone Detection - Raw Offset: -5:00, Platform Override: ''
LogInit: Display: Loading text-based GConfig....
LogPluginManager: Mounting plugin MeshPainting
LogPluginManager: Mounting plugin XGEController
LogPluginManager: Mounting plugin LiveLink
LogPluginManager: Mounting plugin Paper2D
LogPluginManager: Mounting plugin AISupport
LogPluginManager: Mounting plugin EnvironmentQueryEditor
LogPluginManager: Mounting plugin AnimationSharing
LogPluginManager: Mounting plugin OodleData
LogPluginManager: Mounting plugin CodeLiteSourceCodeAccess
LogPluginManager: Mounting plugin OodleNetwork
LogPluginManager: Mounting plugin LightPropagationVolume
LogPluginManager: Mounting plugin CLionSourceCodeAccess
LogPluginManager: Mounting plugin GitSourceControl
LogPluginManager: Mounting plugin KDevelopSourceCodeAccess
LogPluginManager: Mounting plugin PerforceSourceControl
LogPluginManager: Mounting plugin NullSourceCodeAccess
LogPluginManager: Mounting plugin PixWinPlugin
LogPluginManager: Mounting plugin PlasticSourceControl
LogPluginManager: Mounting plugin PluginUtils
LogPluginManager: Mounting plugin PropertyAccessNode
LogPluginManager: Mounting plugin TextureFormatOodle
LogPluginManager: Mounting plugin RiderSourceCodeAccess
LogPluginManager: Mounting plugin SubversionSourceControl
LogPluginManager: Mounting plugin UObjectPlugin
LogPluginManager: Mounting plugin VisualStudioSourceCodeAccess
LogPluginManager: Mounting plugin VisualStudioCodeSourceCodeAccess
LogPluginManager: Mounting plugin XCodeSourceCodeAccess
LogPluginManager: Mounting plugin DatasmithContent
LogPluginManager: Mounting plugin VariantManagerContent
LogPluginManager: Mounting plugin AssetManagerEditor
LogPluginManager: Mounting plugin CurveEditorTools
LogPluginManager: Mounting plugin DataValidation
LogPluginManager: Mounting plugin CryptoKeys
LogPluginManager: Mounting plugin MacGraphicsSwitching
LogPluginManager: Mounting plugin GameplayTagsEditor
LogPluginManager: Mounting plugin FacialAnimation
LogPluginManager: Mounting plugin MaterialAnalyzer
LogPluginManager: Mounting plugin GeometryMode
LogPluginManager: Mounting plugin MobileLauncherProfileWizard
LogPluginManager: Mounting plugin PluginBrowser
LogPluginManager: Mounting plugin SpeedTreeImporter
LogPluginManager: Mounting plugin Niagara
LogPluginManager: Mounting plugin LuminPlatformFeatures
LogPluginManager: Mounting plugin MagicLeap
LogPluginManager: Mounting plugin MagicLeapLightEstimation
LogPluginManager: Mounting plugin MagicLeapMedia
LogPluginManager: Mounting plugin MagicLeapPassableWorld
LogPluginManager: Mounting plugin MLSDK
LogPluginManager: Mounting plugin AndroidMedia
LogPluginManager: Mounting plugin AlembicImporter
LogPluginManager: Mounting plugin AutomationUtils
LogPluginManager: Mounting plugin AvfMedia
LogPluginManager: Mounting plugin BackChannel
LogPluginManager: Mounting plugin ChaosCloth
LogPluginManager: Mounting plugin ChaosClothEditor
LogPluginManager: Mounting plugin ChaosEditor
LogPluginManager: Mounting plugin ImgMedia
LogPluginManager: Mounting plugin ChaosNiagara
LogPluginManager: Mounting plugin CharacterAI
LogPluginManager: Mounting plugin ChaosSolverPlugin
LogPluginManager: Mounting plugin MediaCompositing
LogPluginManager: Mounting plugin GeometryCache
LogPluginManager: Mounting plugin GeometryCollectionPlugin
LogPluginManager: Mounting plugin MediaPlayerEditor
LogPluginManager: Mounting plugin WebMMedia
LogPluginManager: Mounting plugin WmfMedia
LogPluginManager: Mounting plugin TcpMessaging
LogPluginManager: Mounting plugin UdpMessaging
LogPluginManager: Mounting plugin ActorSequence
LogPluginManager: Mounting plugin LevelSequenceEditor
LogPluginManager: Mounting plugin MatineeToLevelSequence
LogPluginManager: Mounting plugin TemplateSequence
LogPluginManager: Mounting plugin GeometryProcessing
LogPluginManager: Mounting plugin MotoSynth
LogPluginManager: Mounting plugin OpenImageDenoise
LogPluginManager: Mounting plugin PlanarCut
LogPluginManager: Mounting plugin PlatformCrypto
LogPluginManager: Mounting plugin ProxyLODPlugin
LogPluginManager: Mounting plugin PythonScriptPlugin
LogPluginManager: Mounting plugin SkeletalReduction
LogPluginManager: Mounting plugin OnlineSubsystem
LogPluginManager: Mounting plugin OnlineSubsystemNull
LogPluginManager: Mounting plugin OnlineSubsystemUtils
LogPluginManager: Mounting plugin LauncherChunkInstaller
LogPluginManager: Mounting plugin ScreenshotTools
LogPluginManager: Mounting plugin ActorLayerUtilities
LogPluginManager: Mounting plugin AndroidPermission
LogPluginManager: Mounting plugin AndroidMoviePlayer
LogPluginManager: Mounting plugin AndroidDeviceProfileSelector
LogPluginManager: Mounting plugin AppleImageUtils
LogPluginManager: Mounting plugin AppleMoviePlayer
LogPluginManager: Mounting plugin ArchVisCharacter
LogPluginManager: Mounting plugin AssetTags
LogPluginManager: Mounting plugin AudioCapture
LogPluginManager: Mounting plugin AudioSynesthesia
LogPluginManager: Mounting plugin CableComponent
LogPluginManager: Mounting plugin CustomMeshComponent
LogPluginManager: Mounting plugin ChunkDownloader
LogPluginManager: Mounting plugin ExampleDeviceProfileSelector
LogPluginManager: Mounting plugin EditableMesh
LogPluginManager: Mounting plugin GoogleCloudMessaging
LogPluginManager: Mounting plugin GooglePAD
LogPluginManager: Mounting plugin IOSDeviceProfileSelector
LogPluginManager: Mounting plugin Takes
LogPluginManager: Mounting plugin LinuxDeviceProfileSelector
LogPluginManager: Mounting plugin LocationServicesBPLibrary
LogPluginManager: Mounting plugin MobilePatchingUtils
LogPluginManager: Mounting plugin OpenXR
LogPluginManager: Mounting plugin OpenXREyeTracker
LogPluginManager: Mounting plugin OpenXRHandTracking
LogPluginManager: Mounting plugin PhysXVehicles
LogPluginManager: Mounting plugin PostSplashScreen
LogPluginManager: Mounting plugin ProceduralMeshComponent
LogPluginManager: Mounting plugin PropertyAccessEditor
LogPluginManager: Mounting plugin SignificanceManager
LogPluginManager: Mounting plugin RuntimePhysXCooking
LogPluginManager: Mounting plugin SoundFields
LogPluginManager: Mounting plugin Synthesis
LogPluginManager: Mounting plugin WebMMoviePlayer
LogPluginManager: Mounting plugin WindowsMoviePlayer
LogPluginManager: Mounting plugin GameplayCameras
LogPluginManager: Mounting plugin CameraShakePreviewer
LogPluginManager: Mounting plugin ContentBrowserAssetDataSource
LogPluginManager: Mounting plugin ContentBrowserClassDataSource
LogPluginManager: Mounting plugin ContentBrowserFileDataSource
LogPluginManager: Mounting plugin OnlineSubsystemGooglePlay
LogPluginManager: Mounting plugin OnlineSubsystemIOS
LogPluginManager: Mounting plugin OculusVR
LogPluginManager: Mounting plugin SteamVR
PixWinPlugin: PIX capture plugin failed to initialize! Check that the process is launched from PIX.
LogInit: Using libcurl 7.55.1-DEV
LogInit:  - built for x86_64-pc-win32
LogInit:  - supports SSL with OpenSSL/1.1.1
LogInit:  - supports HTTP deflate (compression) using libz 1.2.8
LogInit:  - other features:
LogInit:      CURL_VERSION_SSL
LogInit:      CURL_VERSION_LIBZ
LogInit:      CURL_VERSION_IPV6
LogInit:      CURL_VERSION_ASYNCHDNS
LogInit:      CURL_VERSION_LARGEFILE
LogInit:      CURL_VERSION_IDN
LogInit:  CurlRequestOptions (configurable via config and command line):
LogInit:  - bVerifyPeer = true  - Libcurl will verify peer certificate
LogInit:  - bUseHttpProxy = false  - Libcurl will NOT use HTTP proxy
LogInit:  - bDontReuseConnections = false  - Libcurl will reuse connections
LogInit:  - MaxHostConnections = 16  - Libcurl will limit the number of connections to a host
LogInit:  - LocalHostAddr = Default
LogInit:  - BufferSize = 65536
LogOnline: OSS: Creating online subsystem instance for: NULL
LogInit: WinSock: version 1.1 (2.2), MaxSocks=32767, MaxUdp=65467
LogOnline: OSS: TryLoadSubsystemAndSetDefault: Loaded subsystem for module [NULL]
LogOculusPluginWrapper: OculusPlugin initialized successfully
LogHMD: Failed initializing OVRPlugin 1.59.0
LogInit: Build: ++UE4+Release-4.27-CL-18319896
LogInit: Engine Version: 4.27.2-18319896+++UE4+Release-4.27
LogInit: Compatible Engine Version: 4.27.0-17155196+++UE4+Release-4.27
LogInit: Net CL: 17155196
LogInit: OS: Windows 10 (Release 2009) (), CPU: Intel(R) Xeon(R) W-2145 CPU @ 3.70GHz, GPU: NVIDIA GeForce GTX 1080
LogInit: Compiled (64-bit): Nov 30 2021 07:12:08
LogInit: Compiled with Visual C++: 19.24.28315.00
LogInit: Build Configuration: Development
LogInit: Branch Name: ++UE4+Release-4.27
LogInit: Command Line: 
LogInit: Base Directory: C:/Program Files/Epic Games/UE_4.27/Engine/Binaries/Win64/
LogInit: Allocator: TBB
LogInit: Installed Engine Build: 1
LogDevObjectVersion: Number of dev versions registered: 29
LogDevObjectVersion:   Dev-Blueprints (B0D832E4-1F89-4F0D-ACCF-7EB736FD4AA2): 10
LogDevObjectVersion:   Dev-Build (E1C64328-A22C-4D53-A36C-8E866417BD8C): 0
LogDevObjectVersion:   Dev-Core (375EC13C-06E4-48FB-B500-84F0262A717E): 4
LogDevObjectVersion:   Dev-Editor (E4B068ED-F494-42E9-A231-DA0B2E46BB41): 40
LogDevObjectVersion:   Dev-Framework (CFFC743F-43B0-4480-9391-14DF171D2073): 37
LogDevObjectVersion:   Dev-Mobile (B02B49B5-BB20-44E9-A304-32B752E40360): 3
LogDevObjectVersion:   Dev-Networking (A4E4105C-59A1-49B5-A7C5-40C4547EDFEE): 0
LogDevObjectVersion:   Dev-Online (39C831C9-5AE6-47DC-9A44-9C173E1C8E7C): 0
LogDevObjectVersion:   Dev-Physics (78F01B33-EBEA-4F98-B9B4-84EACCB95AA2): 14
LogDevObjectVersion:   Dev-Platform (6631380F-2D4D-43E0-8009-CF276956A95A): 0
LogDevObjectVersion:   Dev-Rendering (12F88B9F-8875-4AFC-A67C-D90C383ABD29): 45
LogDevObjectVersion:   Dev-Sequencer (7B5AE74C-D270-4C10-A958-57980B212A5A): 13
LogDevObjectVersion:   Dev-VR (D7296918-1DD6-4BDD-9DE2-64A83CC13884): 3
LogDevObjectVersion:   Dev-LoadTimes (C2A15278-BFE7-4AFE-6C17-90FF531DF755): 1
LogDevObjectVersion:   Private-Geometry (6EACA3D4-40EC-4CC1-B786-8BED09428FC5): 3
LogDevObjectVersion:   Dev-AnimPhys (29E575DD-E0A3-4627-9D10-D276232CDCEA): 17
LogDevObjectVersion:   Dev-Anim (AF43A65D-7FD3-4947-9873-3E8ED9C1BB05): 15
LogDevObjectVersion:   Dev-ReflectionCapture (6B266CEC-1EC7-4B8F-A30B-E4D90942FC07): 1
LogDevObjectVersion:   Dev-Automation (0DF73D61-A23F-47EA-B727-89E90C41499A): 1
LogDevObjectVersion:   FortniteMain (601D1886-AC64-4F84-AA16-D3DE0DEAC7D6): 47
LogDevObjectVersion:   FortniteRelease (E7086368-6B23-4C58-8439-1B7016265E91): 1
LogDevObjectVersion:   Dev-Enterprise (9DFFBCD6-494F-0158-E221-12823C92A888): 10
LogDevObjectVersion:   Dev-Niagara (F2AED0AC-9AFE-416F-8664-AA7FFA26D6FC): 1
LogDevObjectVersion:   Dev-Destruction (174F1F0B-B4C6-45A5-B13F-2EE8D0FB917D): 10
LogDevObjectVersion:   Dev-Physics-Ext (35F94A83-E258-406C-A318-09F59610247C): 41
LogDevObjectVersion:   Dev-PhysicsMaterial-Chaos (B68FC16E-8B1B-42E2-B453-215C058844FE): 1
LogDevObjectVersion:   Dev-CineCamera (B2E18506-4273-CFC2-A54E-F4BB758BBA07): 1
LogDevObjectVersion:   Dev-VirtualProduction (64F58936-FD1B-42BA-BA96-7289D5D0FA4E): 1
LogDevObjectVersion:   Dev-MediaFramework (6F0ED827-A609-4895-9C91-998D90180EA4): 2
LogInit: Presizing for max 25165824 objects, including 0 objects not considered by GC, pre-allocating 0 bytes for permanent pool.
LogConfig: Applying CVar settings from Section [/Script/Engine.StreamingSettings] File [Z:/IGMProfile/Documents/GitHub/IGME797/InClass20220210/Saved/Config/Windows/Engine.ini]
LogConfig: Setting CVar [[s.MinBulkDataSizeForAsyncLoading:131072]]
LogConfig: Setting CVar [[s.AsyncLoadingThreadEnabled:0]]
LogConfig: Setting CVar [[s.EventDrivenLoaderEnabled:1]]
LogConfig: Setting CVar [[s.WarnIfTimeLimitExceeded:0]]
LogConfig: Setting CVar [[s.TimeLimitExceededMultiplier:1.5]]
LogConfig: Setting CVar [[s.TimeLimitExceededMinTime:0.005]]
LogConfig: Setting CVar [[s.UseBackgroundLevelStreaming:1]]
LogConfig: Setting CVar [[s.PriorityAsyncLoadingExtraTime:15.0]]
LogConfig: Setting CVar [[s.LevelStreamingActorsUpdateTimeLimit:5.0]]
LogConfig: Setting CVar [[s.PriorityLevelStreamingActorsUpdateExtraTime:5.0]]
LogConfig: Setting CVar [[s.LevelStreamingComponentsRegistrationGranularity:10]]
LogConfig: Setting CVar [[s.UnregisterComponentsTimeLimit:1.0]]
LogConfig: Setting CVar [[s.LevelStreamingComponentsUnregistrationGranularity:5]]
LogConfig: Setting CVar [[s.FlushStreamingOnExit:1]]
LogInit: Object subsystem initialized
LogConfig: Setting CVar [[con.DebugEarlyDefault:1]]
LogConfig: Setting CVar [[r.setres:1280x720]]
[2022.02.25-01.08.14:751][  0]LogConfig: Setting CVar [[r.VSync:0]]
[2022.02.25-01.08.14:751][  0]LogConfig: Setting CVar [[r.RHICmdBypass:0]]
[2022.02.25-01.08.14:751][  0]LogConfig: Applying CVar settings from Section [/Script/Engine.RendererSettings] File [Z:/IGMProfile/Documents/GitHub/IGME797/InClass20220210/Saved/Config/Windows/Engine.ini]
[2022.02.25-01.08.14:751][  0]LogConfig: Setting CVar [[r.GPUCrashDebugging:0]]
[2022.02.25-01.08.14:751][  0]LogConfig: Applying CVar settings from Section [/Script/Engine.RendererOverrideSettings] File [Z:/IGMProfile/Documents/GitHub/IGME797/InClass20220210/Saved/Config/Windows/Engine.ini]
[2022.02.25-01.08.14:751][  0]LogConfig: Applying CVar settings from Section [/Script/Engine.StreamingSettings] File [Z:/IGMProfile/Documents/GitHub/IGME797/InClass20220210/Saved/Config/Windows/Engine.ini]
[2022.02.25-01.08.14:751][  0]LogConfig: Setting CVar [[s.MinBulkDataSizeForAsyncLoading:131072]]
[2022.02.25-01.08.14:751][  0]LogConfig: Setting CVar [[s.AsyncLoadingThreadEnabled:0]]
[2022.02.25-01.08.14:751][  0]LogConfig: Setting CVar [[s.EventDrivenLoaderEnabled:1]]
[2022.02.25-01.08.14:751][  0]LogConfig: Setting CVar [[s.WarnIfTimeLimitExceeded:0]]
[2022.02.25-01.08.14:751][  0]LogConfig: Setting CVar [[s.TimeLimitExceededMultiplier:1.5]]
[2022.02.25-01.08.14:751][  0]LogConfig: Setting CVar [[s.TimeLimitExceededMinTime:0.005]]
[2022.02.25-01.08.14:751][  0]LogConfig: Setting CVar [[s.UseBackgroundLevelStreaming:1]]
[2022.02.25-01.08.14:751][  0]LogConfig: Setting CVar [[s.PriorityAsyncLoadingExtraTime:15.0]]
[2022.02.25-01.08.14:751][  0]LogConfig: Setting CVar [[s.LevelStreamingActorsUpdateTimeLimit:5.0]]
[2022.02.25-01.08.14:751][  0]LogConfig: Setting CVar [[s.PriorityLevelStreamingActorsUpdateExtraTime:5.0]]
[2022.02.25-01.08.14:751][  0]LogConfig: Setting CVar [[s.LevelStreamingComponentsRegistrationGranularity:10]]
[2022.02.25-01.08.14:751][  0]LogConfig: Setting CVar [[s.UnregisterComponentsTimeLimit:1.0]]
[2022.02.25-01.08.14:751][  0]LogConfig: Setting CVar [[s.LevelStreamingComponentsUnregistrationGranularity:5]]
[2022.02.25-01.08.14:751][  0]LogConfig: Setting CVar [[s.FlushStreamingOnExit:1]]
[2022.02.25-01.08.14:751][  0]LogConfig: Applying CVar settings from Section [/Script/Engine.GarbageCollectionSettings] File [Z:/IGMProfile/Documents/GitHub/IGME797/InClass20220210/Saved/Config/Windows/Engine.ini]
[2022.02.25-01.08.14:751][  0]LogConfig: Setting CVar [[gc.MaxObjectsNotConsideredByGC:1]]
[2022.02.25-01.08.14:751][  0]LogConfig: Setting CVar [[gc.SizeOfPermanentObjectPool:0]]
[2022.02.25-01.08.14:751][  0]LogConfig: Setting CVar [[gc.FlushStreamingOnGC:0]]
[2022.02.25-01.08.14:751][  0]LogConfig: Setting CVar [[gc.NumRetriesBeforeForcingGC:10]]
[2022.02.25-01.08.14:751][  0]LogConfig: Setting CVar [[gc.AllowParallelGC:1]]
[2022.02.25-01.08.14:751][  0]LogConfig: Setting CVar [[gc.TimeBetweenPurgingPendingKillObjects:61.1]]
[2022.02.25-01.08.14:751][  0]LogConfig: Setting CVar [[gc.MaxObjectsInEditor:25165824]]
[2022.02.25-01.08.14:751][  0]LogConfig: Setting CVar [[gc.IncrementalBeginDestroyEnabled:1]]
[2022.02.25-01.08.14:751][  0]LogConfig: Setting CVar [[gc.CreateGCClusters:1]]
[2022.02.25-01.08.14:751][  0]LogConfig: Setting CVar [[gc.MinGCClusterSize:5]]
[2022.02.25-01.08.14:751][  0]LogConfig: Setting CVar [[gc.ActorClusteringEnabled:0]]
[2022.02.25-01.08.14:751][  0]LogConfig: Setting CVar [[gc.BlueprintClusteringEnabled:0]]
[2022.02.25-01.08.14:751][  0]LogConfig: Setting CVar [[gc.UseDisregardForGCOnDedicatedServers:0]]
[2022.02.25-01.08.14:751][  0]LogConfig: Setting CVar [[gc.MultithreadedDestructionEnabled:1]]
[2022.02.25-01.08.14:751][  0]LogConfig: Applying CVar settings from Section [/Script/Engine.NetworkSettings] File [Z:/IGMProfile/Documents/GitHub/IGME797/InClass20220210/Saved/Config/Windows/Engine.ini]
[2022.02.25-01.08.14:751][  0]LogConfig: Applying CVar settings from Section [/Script/UnrealEd.CookerSettings] File [Z:/IGMProfile/Documents/GitHub/IGME797/InClass20220210/Saved/Config/Windows/Engine.ini]
[2022.02.25-01.08.14:782][  0]LogConfig: Applying CVar settings from Section [ViewDistanceQuality@3] File [Z:/IGMProfile/Documents/GitHub/IGME797/InClass20220210/Saved/Config/Windows/Scalability.ini]
[2022.02.25-01.08.14:782][  0]LogConfig: Setting CVar [[r.SkeletalMeshLODBias:0]]
[2022.02.25-01.08.14:782][  0]LogConfig: Setting CVar [[r.ViewDistanceScale:1.0]]
[2022.02.25-01.08.14:782][  0]LogConfig: Applying CVar settings from Section [AntiAliasingQuality@3] File [Z:/IGMProfile/Documents/GitHub/IGME797/InClass20220210/Saved/Config/Windows/Scalability.ini]
[2022.02.25-01.08.14:782][  0]LogConfig: Setting CVar [[r.PostProcessAAQuality:4]]
[2022.02.25-01.08.14:782][  0]LogConfig: Applying CVar settings from Section [ShadowQuality@3] File [Z:/IGMProfile/Documents/GitHub/IGME797/InClass20220210/Saved/Config/Windows/Scalability.ini]
[2022.02.25-01.08.14:782][  0]LogConfig: Setting CVar [[r.LightFunctionQuality:1]]
[2022.02.25-01.08.14:782][  0]LogConfig: Setting CVar [[r.ShadowQuality:5]]
[2022.02.25-01.08.14:782][  0]LogConfig: Setting CVar [[r.Shadow.CSM.MaxCascades:10]]
[2022.02.25-01.08.14:782][  0]LogConfig: Setting CVar [[r.Shadow.MaxResolution:2048]]
[2022.02.25-01.08.14:782][  0]LogConfig: Setting CVar [[r.Shadow.MaxCSMResolution:2048]]
[2022.02.25-01.08.14:782][  0]LogConfig: Setting CVar [[r.Shadow.RadiusThreshold:0.01]]
[2022.02.25-01.08.14:782][  0]LogConfig: Setting CVar [[r.Shadow.DistanceScale:1.0]]
[2022.02.25-01.08.14:782][  0]LogConfig: Setting CVar [[r.Shadow.CSM.TransitionScale:1.0]]
[2022.02.25-01.08.14:782][  0]LogConfig: Setting CVar [[r.Shadow.PreShadowResolutionFactor:1.0]]
[2022.02.25-01.08.14:782][  0]LogConfig: Setting CVar [[r.DistanceFieldShadowing:1]]
[2022.02.25-01.08.14:782][  0]LogConfig: Setting CVar [[r.DistanceFieldAO:1]]
[2022.02.25-01.08.14:783][  0]LogConfig: Setting CVar [[r.AOQuality:2]]
[2022.02.25-01.08.14:783][  0]LogConfig: Setting CVar [[r.VolumetricFog:1]]
[2022.02.25-01.08.14:783][  0]LogConfig: Setting CVar [[r.VolumetricFog.GridPixelSize:8]]
[2022.02.25-01.08.14:783][  0]LogConfig: Setting CVar [[r.VolumetricFog.GridSizeZ:128]]
[2022.02.25-01.08.14:783][  0]LogConfig: Setting CVar [[r.VolumetricFog.HistoryMissSupersampleCount:4]]
[2022.02.25-01.08.14:783][  0]LogConfig: Setting CVar [[r.LightMaxDrawDistanceScale:1]]
[2022.02.25-01.08.14:783][  0]LogConfig: Setting CVar [[r.CapsuleShadows:1]]
[2022.02.25-01.08.14:783][  0]LogConfig: Applying CVar settings from Section [PostProcessQuality@3] File [Z:/IGMProfile/Documents/GitHub/IGME797/InClass20220210/Saved/Config/Windows/Scalability.ini]
[2022.02.25-01.08.14:783][  0]LogConfig: Setting CVar [[r.MotionBlurQuality:4]]
[2022.02.25-01.08.14:783][  0]LogConfig: Setting CVar [[r.AmbientOcclusionMipLevelFactor:0.4]]
[2022.02.25-01.08.14:783][  0]LogConfig: Setting CVar [[r.AmbientOcclusionMaxQuality:100]]
[2022.02.25-01.08.14:783][  0]LogConfig: Setting CVar [[r.AmbientOcclusionLevels:-1]]
[2022.02.25-01.08.14:783][  0]LogConfig: Setting CVar [[r.AmbientOcclusionRadiusScale:1.0]]
[2022.02.25-01.08.14:783][  0]LogConfig: Setting CVar [[r.DepthOfFieldQuality:2]]
[2022.02.25-01.08.14:783][  0]LogConfig: Setting CVar [[r.RenderTargetPoolMin:400]]
[2022.02.25-01.08.14:783][  0]LogConfig: Setting CVar [[r.LensFlareQuality:2]]
[2022.02.25-01.08.14:783][  0]LogConfig: Setting CVar [[r.SceneColorFringeQuality:1]]
[2022.02.25-01.08.14:783][  0]LogConfig: Setting CVar [[r.EyeAdaptationQuality:2]]
[2022.02.25-01.08.14:783][  0]LogConfig: Setting CVar [[r.BloomQuality:5]]
[2022.02.25-01.08.14:783][  0]LogConfig: Setting CVar [[r.FastBlurThreshold:100]]
[2022.02.25-01.08.14:783][  0]LogConfig: Setting CVar [[r.Upscale.Quality:3]]
[2022.02.25-01.08.14:783][  0]LogConfig: Setting CVar [[r.Tonemapper.GrainQuantization:1]]
[2022.02.25-01.08.14:783][  0]LogConfig: Setting CVar [[r.LightShaftQuality:1]]
[2022.02.25-01.08.14:783][  0]LogConfig: Setting CVar [[r.Filter.SizeScale:1]]
[2022.02.25-01.08.14:783][  0]LogConfig: Setting CVar [[r.Tonemapper.Quality:5]]
[2022.02.25-01.08.14:783][  0]LogConfig: Setting CVar [[r.DOF.Gather.AccumulatorQuality:1        ; higher gathering accumulator quality]]
[2022.02.25-01.08.14:783][  0]LogConfig: Setting CVar [[r.DOF.Gather.PostfilterMethod:1          ; Median3x3 postfilering method]]
[2022.02.25-01.08.14:783][  0]LogConfig: Setting CVar [[r.DOF.Gather.EnableBokehSettings:0       ; no bokeh simulation when gathering]]
[2022.02.25-01.08.14:783][  0]LogConfig: Setting CVar [[r.DOF.Gather.RingCount:4                 ; medium number of samples when gathering]]
[2022.02.25-01.08.14:783][  0]LogConfig: Setting CVar [[r.DOF.Scatter.ForegroundCompositing:1    ; additive foreground scattering]]
[2022.02.25-01.08.14:783][  0]LogConfig: Setting CVar [[r.DOF.Scatter.BackgroundCompositing:2    ; additive background scattering]]
[2022.02.25-01.08.14:783][  0]LogConfig: Setting CVar [[r.DOF.Scatter.EnableBokehSettings:1      ; bokeh simulation when scattering]]
[2022.02.25-01.08.14:783][  0]LogConfig: Setting CVar [[r.DOF.Scatter.MaxSpriteRatio:0.1         ; only a maximum of 10% of scattered bokeh]]
[2022.02.25-01.08.14:783][  0]LogConfig: Setting CVar [[r.DOF.Recombine.Quality:1                ; cheap slight out of focus]]
[2022.02.25-01.08.14:783][  0]LogConfig: Setting CVar [[r.DOF.Recombine.EnableBokehSettings:0    ; no bokeh simulation on slight out of focus]]
[2022.02.25-01.08.14:783][  0]LogConfig: Setting CVar [[r.DOF.TemporalAAQuality:1                ; more stable temporal accumulation]]
[2022.02.25-01.08.14:783][  0]LogConfig: Setting CVar [[r.DOF.Kernel.MaxForegroundRadius:0.025]]
[2022.02.25-01.08.14:783][  0]LogConfig: Setting CVar [[r.DOF.Kernel.MaxBackgroundRadius:0.025]]
[2022.02.25-01.08.14:783][  0]LogConfig: Applying CVar settings from Section [TextureQuality@3] File [Z:/IGMProfile/Documents/GitHub/IGME797/InClass20220210/Saved/Config/Windows/Scalability.ini]
[2022.02.25-01.08.14:783][  0]LogConfig: Setting CVar [[r.Streaming.MipBias:0]]
[2022.02.25-01.08.14:783][  0]LogConfig: Setting CVar [[r.Streaming.AmortizeCPUToGPUCopy:0]]
[2022.02.25-01.08.14:783][  0]LogConfig: Setting CVar [[r.Streaming.MaxNumTexturesToStreamPerFrame:0]]
[2022.02.25-01.08.14:783][  0]LogConfig: Setting CVar [[r.Streaming.Boost:1]]
[2022.02.25-01.08.14:783][  0]LogConfig: Setting CVar [[r.MaxAnisotropy:8]]
[2022.02.25-01.08.14:783][  0]LogConfig: Setting CVar [[r.VT.MaxAnisotropy:8]]
[2022.02.25-01.08.14:783][  0]LogConfig: Setting CVar [[r.Streaming.LimitPoolSizeToVRAM:0]]
[2022.02.25-01.08.14:783][  0]LogConfig: Setting CVar [[r.Streaming.PoolSize:1000]]
[2022.02.25-01.08.14:783][  0]LogConfig: Setting CVar [[r.Streaming.MaxEffectiveScreenSize:0]]
[2022.02.25-01.08.14:783][  0]LogConfig: Applying CVar settings from Section [EffectsQuality@3] File [Z:/IGMProfile/Documents/GitHub/IGME797/InClass20220210/Saved/Config/Windows/Scalability.ini]
[2022.02.25-01.08.14:783][  0]LogConfig: Setting CVar [[r.TranslucencyLightingVolumeDim:64]]
[2022.02.25-01.08.14:783][  0]LogConfig: Setting CVar [[r.RefractionQuality:2]]
[2022.02.25-01.08.14:783][  0]LogConfig: Setting CVar [[r.SSR.Quality:3]]
[2022.02.25-01.08.14:783][  0]LogConfig: Setting CVar [[r.SSR.HalfResSceneColor:0]]
[2022.02.25-01.08.14:783][  0]LogConfig: Setting CVar [[r.SceneColorFormat:4]]
[2022.02.25-01.08.14:783][  0]LogConfig: Setting CVar [[r.DetailMode:2]]
[2022.02.25-01.08.14:783][  0]LogConfig: Setting CVar [[r.TranslucencyVolumeBlur:1]]
[2022.02.25-01.08.14:783][  0]LogConfig: Setting CVar [[r.MaterialQualityLevel:1 ; High quality]]
[2022.02.25-01.08.14:783][  0]LogConfig: Setting CVar [[r.AnisotropicMaterials:1]]
[2022.02.25-01.08.14:783][  0]LogConfig: Setting CVar [[r.SSS.Scale:1]]
[2022.02.25-01.08.14:783][  0]LogConfig: Setting CVar [[r.SSS.SampleSet:2]]
[2022.02.25-01.08.14:783][  0]LogConfig: Setting CVar [[r.SSS.Quality:1]]
[2022.02.25-01.08.14:783][  0]LogConfig: Setting CVar [[r.SSS.HalfRes:0]]
[2022.02.25-01.08.14:783][  0]LogConfig: Setting CVar [[r.SSGI.Quality:3]]
[2022.02.25-01.08.14:783][  0]LogConfig: Setting CVar [[r.EmitterSpawnRateScale:1.0]]
[2022.02.25-01.08.14:783][  0]LogConfig: Setting CVar [[r.ParticleLightQuality:2]]
[2022.02.25-01.08.14:783][  0]LogConfig: Setting CVar [[r.SkyAtmosphere.AerialPerspectiveLUT.FastApplyOnOpaque:1 ; Always have FastSkyLUT 1 in this case to avoid wrong sky]]
[2022.02.25-01.08.14:783][  0]LogConfig: Setting CVar [[r.SkyAtmosphere.AerialPerspectiveLUT.SampleCountMaxPerSlice:4]]
[2022.02.25-01.08.14:783][  0]LogConfig: Setting CVar [[r.SkyAtmosphere.AerialPerspectiveLUT.DepthResolution:16.0]]
[2022.02.25-01.08.14:783][  0]LogConfig: Setting CVar [[r.SkyAtmosphere.FastSkyLUT:1]]
[2022.02.25-01.08.14:783][  0]LogConfig: Setting CVar [[r.SkyAtmosphere.FastSkyLUT.SampleCountMin:4.0]]
[2022.02.25-01.08.14:783][  0]LogConfig: Setting CVar [[r.SkyAtmosphere.FastSkyLUT.SampleCountMax:128.0]]
[2022.02.25-01.08.14:783][  0]LogConfig: Setting CVar [[r.SkyAtmosphere.SampleCountMin:4.0]]
[2022.02.25-01.08.14:783][  0]LogConfig: Setting CVar [[r.SkyAtmosphere.SampleCountMax:128.0]]
[2022.02.25-01.08.14:783][  0]LogConfig: Setting CVar [[r.SkyAtmosphere.TransmittanceLUT.UseSmallFormat:0]]
[2022.02.25-01.08.14:783][  0]LogConfig: Setting CVar [[r.SkyAtmosphere.TransmittanceLUT.SampleCount:10.0]]
[2022.02.25-01.08.14:783][  0]LogConfig: Setting CVar [[r.SkyAtmosphere.MultiScatteringLUT.SampleCount:15.0]]
[2022.02.25-01.08.14:783][  0]LogConfig: Setting CVar [[r.SkyLight.RealTimeReflectionCapture:1]]
[2022.02.25-01.08.14:783][  0]LogConfig: Applying CVar settings from Section [FoliageQuality@3] File [Z:/IGMProfile/Documents/GitHub/IGME797/InClass20220210/Saved/Config/Windows/Scalability.ini]
[2022.02.25-01.08.14:783][  0]LogConfig: Setting CVar [[foliage.DensityScale:1.0]]
[2022.02.25-01.08.14:783][  0]LogConfig: Setting CVar [[grass.DensityScale:1.0]]
[2022.02.25-01.08.14:783][  0]LogConfig: Applying CVar settings from Section [ShadingQuality@3] File [Z:/IGMProfile/Documents/GitHub/IGME797/InClass20220210/Saved/Config/Windows/Scalability.ini]
[2022.02.25-01.08.14:783][  0]LogConfig: Setting CVar [[r.HairStrands.SkyLighting.IntegrationType:2]]
[2022.02.25-01.08.14:783][  0]LogConfig: Setting CVar [[r.HairStrands.SkyAO.SampleCount:4]]
[2022.02.25-01.08.14:783][  0]LogConfig: Setting CVar [[r.HairStrands.Visibility.MSAA.SamplePerPixel:4]]
[2022.02.25-01.08.14:783][  0]LogInit: Selected Device Profile: [Windows]
[2022.02.25-01.08.14:783][  0]LogInit: Applying CVar settings loaded from the selected device profile: [Windows]
[2022.02.25-01.08.14:784][  0]LogHAL: Display: Platform has ~ 32 GB [34019000320 / 34359738368 / 32], which maps to Largest [LargestMinGB=32, LargerMinGB=12, DefaultMinGB=8, SmallerMinGB=6, SmallestMinGB=0)
[2022.02.25-01.08.14:784][  0]LogInit: Going up to parent DeviceProfile []
[2022.02.25-01.08.14:784][  0]LogConfig: Applying CVar settings from Section [ViewDistanceQuality@3] File [Z:/IGMProfile/Documents/GitHub/IGME797/InClass20220210/Saved/Config/Windows/Scalability.ini]
[2022.02.25-01.08.14:784][  0]LogConfig: Setting CVar [[r.SkeletalMeshLODBias:0]]
[2022.02.25-01.08.14:784][  0]LogConfig: Setting CVar [[r.ViewDistanceScale:1.0]]
[2022.02.25-01.08.14:784][  0]LogConfig: Applying CVar settings from Section [AntiAliasingQuality@3] File [Z:/IGMProfile/Documents/GitHub/IGME797/InClass20220210/Saved/Config/Windows/Scalability.ini]
[2022.02.25-01.08.14:784][  0]LogConfig: Setting CVar [[r.PostProcessAAQuality:4]]
[2022.02.25-01.08.14:784][  0]LogConfig: Applying CVar settings from Section [ShadowQuality@3] File [Z:/IGMProfile/Documents/GitHub/IGME797/InClass20220210/Saved/Config/Windows/Scalability.ini]
[2022.02.25-01.08.14:784][  0]LogConfig: Setting CVar [[r.LightFunctionQuality:1]]
[2022.02.25-01.08.14:784][  0]LogConfig: Setting CVar [[r.ShadowQuality:5]]
[2022.02.25-01.08.14:784][  0]LogConfig: Setting CVar [[r.Shadow.CSM.MaxCascades:10]]
[2022.02.25-01.08.14:784][  0]LogConfig: Setting CVar [[r.Shadow.MaxResolution:2048]]
[2022.02.25-01.08.14:784][  0]LogConfig: Setting CVar [[r.Shadow.MaxCSMResolution:2048]]
[2022.02.25-01.08.14:784][  0]LogConfig: Setting CVar [[r.Shadow.RadiusThreshold:0.01]]
[2022.02.25-01.08.14:784][  0]LogConfig: Setting CVar [[r.Shadow.DistanceScale:1.0]]
[2022.02.25-01.08.14:784][  0]LogConfig: Setting CVar [[r.Shadow.CSM.TransitionScale:1.0]]
[2022.02.25-01.08.14:784][  0]LogConfig: Setting CVar [[r.Shadow.PreShadowResolutionFactor:1.0]]
[2022.02.25-01.08.14:784][  0]LogConfig: Setting CVar [[r.DistanceFieldShadowing:1]]
[2022.02.25-01.08.14:784][  0]LogConfig: Setting CVar [[r.DistanceFieldAO:1]]
[2022.02.25-01.08.14:784][  0]LogConfig: Setting CVar [[r.AOQuality:2]]
[2022.02.25-01.08.14:784][  0]LogConfig: Setting CVar [[r.VolumetricFog:1]]
[2022.02.25-01.08.14:784][  0]LogConfig: Setting CVar [[r.VolumetricFog.GridPixelSize:8]]
[2022.02.25-01.08.14:784][  0]LogConfig: Setting CVar [[r.VolumetricFog.GridSizeZ:128]]
[2022.02.25-01.08.14:784][  0]LogConfig: Setting CVar [[r.VolumetricFog.HistoryMissSupersampleCount:4]]
[2022.02.25-01.08.14:784][  0]LogConfig: Setting CVar [[r.LightMaxDrawDistanceScale:1]]
[2022.02.25-01.08.14:784][  0]LogConfig: Setting CVar [[r.CapsuleShadows:1]]
[2022.02.25-01.08.14:784][  0]LogConfig: Applying CVar settings from Section [PostProcessQuality@3] File [Z:/IGMProfile/Documents/GitHub/IGME797/InClass20220210/Saved/Config/Windows/Scalability.ini]
[2022.02.25-01.08.14:784][  0]LogConfig: Setting CVar [[r.MotionBlurQuality:4]]
[2022.02.25-01.08.14:784][  0]LogConfig: Setting CVar [[r.AmbientOcclusionMipLevelFactor:0.4]]
[2022.02.25-01.08.14:784][  0]LogConfig: Setting CVar [[r.AmbientOcclusionMaxQuality:100]]
[2022.02.25-01.08.14:784][  0]LogConfig: Setting CVar [[r.AmbientOcclusionLevels:-1]]
[2022.02.25-01.08.14:784][  0]LogConfig: Setting CVar [[r.AmbientOcclusionRadiusScale:1.0]]
[2022.02.25-01.08.14:784][  0]LogConfig: Setting CVar [[r.DepthOfFieldQuality:2]]
[2022.02.25-01.08.14:784][  0]LogConfig: Setting CVar [[r.RenderTargetPoolMin:400]]
[2022.02.25-01.08.14:784][  0]LogConfig: Setting CVar [[r.LensFlareQuality:2]]
[2022.02.25-01.08.14:784][  0]LogConfig: Setting CVar [[r.SceneColorFringeQuality:1]]
[2022.02.25-01.08.14:784][  0]LogConfig: Setting CVar [[r.EyeAdaptationQuality:2]]
[2022.02.25-01.08.14:784][  0]LogConfig: Setting CVar [[r.BloomQuality:5]]
[2022.02.25-01.08.14:784][  0]LogConfig: Setting CVar [[r.FastBlurThreshold:100]]
[2022.02.25-01.08.14:784][  0]LogConfig: Setting CVar [[r.Upscale.Quality:3]]
[2022.02.25-01.08.14:784][  0]LogConfig: Setting CVar [[r.Tonemapper.GrainQuantization:1]]
[2022.02.25-01.08.14:784][  0]LogConfig: Setting CVar [[r.LightShaftQuality:1]]
[2022.02.25-01.08.14:784][  0]LogConfig: Setting CVar [[r.Filter.SizeScale:1]]
[2022.02.25-01.08.14:784][  0]LogConfig: Setting CVar [[r.Tonemapper.Quality:5]]
[2022.02.25-01.08.14:784][  0]LogConfig: Setting CVar [[r.DOF.Gather.AccumulatorQuality:1        ; higher gathering accumulator quality]]
[2022.02.25-01.08.14:784][  0]LogConfig: Setting CVar [[r.DOF.Gather.PostfilterMethod:1          ; Median3x3 postfilering method]]
[2022.02.25-01.08.14:784][  0]LogConfig: Setting CVar [[r.DOF.Gather.EnableBokehSettings:0       ; no bokeh simulation when gathering]]
[2022.02.25-01.08.14:784][  0]LogConfig: Setting CVar [[r.DOF.Gather.RingCount:4                 ; medium number of samples when gathering]]
[2022.02.25-01.08.14:784][  0]LogConfig: Setting CVar [[r.DOF.Scatter.ForegroundCompositing:1    ; additive foreground scattering]]
[2022.02.25-01.08.14:784][  0]LogConfig: Setting CVar [[r.DOF.Scatter.BackgroundCompositing:2    ; additive background scattering]]
[2022.02.25-01.08.14:784][  0]LogConfig: Setting CVar [[r.DOF.Scatter.EnableBokehSettings:1      ; bokeh simulation when scattering]]
[2022.02.25-01.08.14:784][  0]LogConfig: Setting CVar [[r.DOF.Scatter.MaxSpriteRatio:0.1         ; only a maximum of 10% of scattered bokeh]]
[2022.02.25-01.08.14:784][  0]LogConfig: Setting CVar [[r.DOF.Recombine.Quality:1                ; cheap slight out of focus]]
[2022.02.25-01.08.14:784][  0]LogConfig: Setting CVar [[r.DOF.Recombine.EnableBokehSettings:0    ; no bokeh simulation on slight out of focus]]
[2022.02.25-01.08.14:784][  0]LogConfig: Setting CVar [[r.DOF.TemporalAAQuality:1                ; more stable temporal accumulation]]
[2022.02.25-01.08.14:784][  0]LogConfig: Setting CVar [[r.DOF.Kernel.MaxForegroundRadius:0.025]]
[2022.02.25-01.08.14:784][  0]LogConfig: Setting CVar [[r.DOF.Kernel.MaxBackgroundRadius:0.025]]
[2022.02.25-01.08.14:784][  0]LogConfig: Applying CVar settings from Section [TextureQuality@3] File [Z:/IGMProfile/Documents/GitHub/IGME797/InClass20220210/Saved/Config/Windows/Scalability.ini]
[2022.02.25-01.08.14:784][  0]LogConfig: Setting CVar [[r.Streaming.MipBias:0]]
[2022.02.25-01.08.14:784][  0]LogConfig: Setting CVar [[r.Streaming.AmortizeCPUToGPUCopy:0]]
[2022.02.25-01.08.14:784][  0]LogConfig: Setting CVar [[r.Streaming.MaxNumTexturesToStreamPerFrame:0]]
[2022.02.25-01.08.14:784][  0]LogConfig: Setting CVar [[r.Streaming.Boost:1]]
[2022.02.25-01.08.14:784][  0]LogConfig: Setting CVar [[r.MaxAnisotropy:8]]
[2022.02.25-01.08.14:784][  0]LogConfig: Setting CVar [[r.VT.MaxAnisotropy:8]]
[2022.02.25-01.08.14:784][  0]LogConfig: Setting CVar [[r.Streaming.LimitPoolSizeToVRAM:0]]
[2022.02.25-01.08.14:784][  0]LogConfig: Setting CVar [[r.Streaming.PoolSize:1000]]
[2022.02.25-01.08.14:784][  0]LogConfig: Setting CVar [[r.Streaming.MaxEffectiveScreenSize:0]]
[2022.02.25-01.08.14:784][  0]LogConfig: Applying CVar settings from Section [EffectsQuality@3] File [Z:/IGMProfile/Documents/GitHub/IGME797/InClass20220210/Saved/Config/Windows/Scalability.ini]
[2022.02.25-01.08.14:784][  0]LogConfig: Setting CVar [[r.TranslucencyLightingVolumeDim:64]]
[2022.02.25-01.08.14:784][  0]LogConfig: Setting CVar [[r.RefractionQuality:2]]
[2022.02.25-01.08.14:784][  0]LogConfig: Setting CVar [[r.SSR.Quality:3]]
[2022.02.25-01.08.14:784][  0]LogConfig: Setting CVar [[r.SSR.HalfResSceneColor:0]]
[2022.02.25-01.08.14:784][  0]LogConfig: Setting CVar [[r.SceneColorFormat:4]]
[2022.02.25-01.08.14:784][  0]LogConfig: Setting CVar [[r.DetailMode:2]]
[2022.02.25-01.08.14:784][  0]LogConfig: Setting CVar [[r.TranslucencyVolumeBlur:1]]
[2022.02.25-01.08.14:784][  0]LogConfig: Setting CVar [[r.MaterialQualityLevel:1 ; High quality]]
[2022.02.25-01.08.14:784][  0]LogConfig: Setting CVar [[r.AnisotropicMaterials:1]]
[2022.02.25-01.08.14:784][  0]LogConfig: Setting CVar [[r.SSS.Scale:1]]
[2022.02.25-01.08.14:784][  0]LogConfig: Setting CVar [[r.SSS.SampleSet:2]]
[2022.02.25-01.08.14:784][  0]LogConfig: Setting CVar [[r.SSS.Quality:1]]
[2022.02.25-01.08.14:784][  0]LogConfig: Setting CVar [[r.SSS.HalfRes:0]]
[2022.02.25-01.08.14:784][  0]LogConfig: Setting CVar [[r.SSGI.Quality:3]]
[2022.02.25-01.08.14:784][  0]LogConfig: Setting CVar [[r.EmitterSpawnRateScale:1.0]]
[2022.02.25-01.08.14:784][  0]LogConfig: Setting CVar [[r.ParticleLightQuality:2]]
[2022.02.25-01.08.14:784][  0]LogConfig: Setting CVar [[r.SkyAtmosphere.AerialPerspectiveLUT.FastApplyOnOpaque:1 ; Always have FastSkyLUT 1 in this case to avoid wrong sky]]
[2022.02.25-01.08.14:784][  0]LogConfig: Setting CVar [[r.SkyAtmosphere.AerialPerspectiveLUT.SampleCountMaxPerSlice:4]]
[2022.02.25-01.08.14:784][  0]LogConfig: Setting CVar [[r.SkyAtmosphere.AerialPerspectiveLUT.DepthResolution:16.0]]
[2022.02.25-01.08.14:784][  0]LogConfig: Setting CVar [[r.SkyAtmosphere.FastSkyLUT:1]]
[2022.02.25-01.08.14:784][  0]LogConfig: Setting CVar [[r.SkyAtmosphere.FastSkyLUT.SampleCountMin:4.0]]
[2022.02.25-01.08.14:784][  0]LogConfig: Setting CVar [[r.SkyAtmosphere.FastSkyLUT.SampleCountMax:128.0]]
[2022.02.25-01.08.14:784][  0]LogConfig: Setting CVar [[r.SkyAtmosphere.SampleCountMin:4.0]]
[2022.02.25-01.08.14:784][  0]LogConfig: Setting CVar [[r.SkyAtmosphere.SampleCountMax:128.0]]
[2022.02.25-01.08.14:784][  0]LogConfig: Setting CVar [[r.SkyAtmosphere.TransmittanceLUT.UseSmallFormat:0]]
[2022.02.25-01.08.14:784][  0]LogConfig: Setting CVar [[r.SkyAtmosphere.TransmittanceLUT.SampleCount:10.0]]
[2022.02.25-01.08.14:785][  0]LogConfig: Setting CVar [[r.SkyAtmosphere.MultiScatteringLUT.SampleCount:15.0]]
[2022.02.25-01.08.14:785][  0]LogConfig: Setting CVar [[r.SkyLight.RealTimeReflectionCapture:1]]
[2022.02.25-01.08.14:785][  0]LogConfig: Applying CVar settings from Section [FoliageQuality@3] File [Z:/IGMProfile/Documents/GitHub/IGME797/InClass20220210/Saved/Config/Windows/Scalability.ini]
[2022.02.25-01.08.14:785][  0]LogConfig: Setting CVar [[foliage.DensityScale:1.0]]
[2022.02.25-01.08.14:785][  0]LogConfig: Setting CVar [[grass.DensityScale:1.0]]
[2022.02.25-01.08.14:785][  0]LogConfig: Applying CVar settings from Section [ShadingQuality@3] File [Z:/IGMProfile/Documents/GitHub/IGME797/InClass20220210/Saved/Config/Windows/Scalability.ini]
[2022.02.25-01.08.14:785][  0]LogConfig: Setting CVar [[r.HairStrands.SkyLighting.IntegrationType:2]]
[2022.02.25-01.08.14:785][  0]LogConfig: Setting CVar [[r.HairStrands.SkyAO.SampleCount:4]]
[2022.02.25-01.08.14:785][  0]LogConfig: Setting CVar [[r.HairStrands.Visibility.MSAA.SamplePerPixel:4]]
[2022.02.25-01.08.14:785][  0]LogConfig: Applying CVar settings from Section [Startup] File [../../../Engine/Config/ConsoleVariables.ini]
[2022.02.25-01.08.14:785][  0]LogConfig: Setting CVar [[net.UseAdaptiveNetUpdateFrequency:0]]
[2022.02.25-01.08.14:785][  0]LogConfig: Setting CVar [[p.chaos.AllowCreatePhysxBodies:1]]
[2022.02.25-01.08.14:785][  0]LogConfig: Setting CVar [[fx.SkipVectorVMBackendOptimizations:1]]
[2022.02.25-01.08.14:785][  0]LogConfig: Applying CVar settings from Section [ConsoleVariables] File [Z:/IGMProfile/Documents/GitHub/IGME797/InClass20220210/Saved/Config/Windows/Engine.ini]
[2022.02.25-01.08.14:785][  0]LogConfig: Applying CVar settings from Section [ConsoleVariables] File [Z:/IGMProfile/Documents/GitHub/IGME797/InClass20220210/Saved/Config/Windows/Editor.ini]
[2022.02.25-01.08.14:785][  0]LogInit: Computer: MSS3110-10
[2022.02.25-01.08.14:785][  0]LogInit: User: kft3635
[2022.02.25-01.08.14:785][  0]LogInit: CPU Page size=4096, Cores=8
[2022.02.25-01.08.14:785][  0]LogInit: High frequency timer resolution =10.000000 MHz
[2022.02.25-01.08.14:785][  0]LogMemory: Memory total: Physical=31.7GB (32GB approx)
[2022.02.25-01.08.14:785][  0]LogMemory: Platform Memory Stats for Windows
[2022.02.25-01.08.14:785][  0]LogMemory: Process Physical Memory: 148.46 MB used, 148.46 MB peak
[2022.02.25-01.08.14:785][  0]LogMemory: Process Virtual Memory: 123.33 MB used, 123.33 MB peak
[2022.02.25-01.08.14:785][  0]LogMemory: Physical Memory: 7801.26 MB used,  24641.79 MB free, 32443.05 MB total
[2022.02.25-01.08.14:785][  0]LogMemory: Virtual Memory: 134191344.00 MB used,  26382.78 MB free, 134217728.00 MB total
[2022.02.25-01.08.14:800][  0]LogWindows: WindowsPlatformFeatures enabled
[2022.02.25-01.08.14:833][  0]LogInit: Physics initialised using underlying interface: PhysX
[2022.02.25-01.08.14:835][  0]LogInit: Using OS detected language (en-US).
[2022.02.25-01.08.14:835][  0]LogInit: Using OS detected locale (en-US).
[2022.02.25-01.08.14:838][  0]LogTextLocalizationManager: No specific localization for 'en-US' exists, so the 'en' localization will be used.
[2022.02.25-01.08.15:024][  0]LogInit: Setting process to per monitor DPI aware
[2022.02.25-01.08.15:038][  0]LogWindowsTextInputMethodSystem: Display: IME system deactivated.
[2022.02.25-01.08.15:044][  0]LogDirectoryWatcher: Display: A directory notification failed for 'Z:/IGMProfile/Documents/GitHub/IGME797/InClass20220210/Content/' because it was empty or there was a buffer overflow. Attemping another request...
[2022.02.25-01.08.15:045][  0]LogDirectoryWatcher: Display: A directory notification failed for 'Z:/IGMProfile/Documents/GitHub/IGME797/InClass20220210/Content/' because it was empty or there was a buffer overflow. Attemping another request...
[2022.02.25-01.08.15:045][  0]LogDirectoryWatcher: Display: A directory notification failed, and we were unable to create a new request. GetLastError code [87] Handle [0000000000000930], Path [Z:/IGMProfile/Documents/GitHub/IGME797/InClass20220210/Content/] 
[2022.02.25-01.08.15:057][  0]LogSlate: New Slate User Created.  User Index 0, Is Virtual User: 0
[2022.02.25-01.08.15:057][  0]LogSlate: Slate User Registered.  User Index 0, Is Virtual User: 0
[2022.02.25-01.08.15:170][  0]LogD3D11RHI: Loaded GFSDK_Aftermath_Lib.x64.dll
[2022.02.25-01.08.15:172][  0]LogHMD: Failed to initialize OpenVR with code 110
[2022.02.25-01.08.15:172][  0]LogD3D11RHI: D3D11 min allowed feature level: 11_0
[2022.02.25-01.08.15:172][  0]LogD3D11RHI: D3D11 max allowed feature level: 11_0
[2022.02.25-01.08.15:172][  0]LogD3D11RHI: D3D11 adapters:
[2022.02.25-01.08.15:242][  0]LogD3D11RHI:    0. 'NVIDIA GeForce GTX 1080' (Feature Level 11_0)
[2022.02.25-01.08.15:242][  0]LogD3D11RHI:       8079/0/16221 MB DedicatedVideo/DedicatedSystem/SharedSystem, Outputs:2, VendorId:0x10de
[2022.02.25-01.08.15:244][  0]LogD3D11RHI:    1. 'Microsoft Basic Render Driver' (Feature Level 11_0)
[2022.02.25-01.08.15:244][  0]LogD3D11RHI:       0/0/16221 MB DedicatedVideo/DedicatedSystem/SharedSystem, Outputs:0, VendorId:0x1414
[2022.02.25-01.08.15:244][  0]LogD3D11RHI: Chosen D3D11 Adapter:
[2022.02.25-01.08.15:244][  0]LogD3D11RHI:     Description : NVIDIA GeForce GTX 1080
[2022.02.25-01.08.15:244][  0]LogD3D11RHI:     VendorId    : 10de
[2022.02.25-01.08.15:244][  0]LogD3D11RHI:     DeviceId    : 1b80
[2022.02.25-01.08.15:244][  0]LogD3D11RHI:     SubSysId    : 33661028
[2022.02.25-01.08.15:244][  0]LogD3D11RHI:     Revision    : 00a1
[2022.02.25-01.08.15:244][  0]LogD3D11RHI:     DedicatedVideoMemory : 8471445504 bytes
[2022.02.25-01.08.15:244][  0]LogD3D11RHI:     DedicatedSystemMemory : 0 bytes
[2022.02.25-01.08.15:244][  0]LogD3D11RHI:     SharedSystemMemory : 17009500160 bytes
[2022.02.25-01.08.15:244][  0]LogD3D11RHI:     AdapterLuid : 0 147911
[2022.02.25-01.08.15:250][  0]LogD3D11RHI: Creating new Direct3DDevice
[2022.02.25-01.08.15:250][  0]LogD3D11RHI:     GPU DeviceId: 0x1b80 (for the marketing name, search the web for "GPU Device Id")
[2022.02.25-01.08.15:250][  0]LogWindows: EnumDisplayDevices:
[2022.02.25-01.08.15:251][  0]LogWindows:    0. 'NVIDIA GeForce GTX 1080' (P:1 D:1)
[2022.02.25-01.08.15:252][  0]LogWindows:    1. 'NVIDIA GeForce GTX 1080' (P:0 D:1)
[2022.02.25-01.08.15:252][  0]LogWindows:    2. 'NVIDIA GeForce GTX 1080' (P:0 D:0)
[2022.02.25-01.08.15:253][  0]LogWindows:    3. 'NVIDIA GeForce GTX 1080' (P:0 D:0)
[2022.02.25-01.08.15:253][  0]LogWindows: DebugString: FoundDriverCount:4 
[2022.02.25-01.08.15:253][  0]LogD3D11RHI:     Adapter Name: NVIDIA GeForce GTX 1080
[2022.02.25-01.08.15:253][  0]LogD3D11RHI:   Driver Version: 457.51 (internal:27.21.14.5751, unified:457.51)
[2022.02.25-01.08.15:253][  0]LogD3D11RHI:      Driver Date: 11-22-2020
[2022.02.25-01.08.15:253][  0]LogRHI: Texture pool is 5655 MB (70% of 8079 MB)
[2022.02.25-01.08.15:253][  0]LogD3D11RHI: Creating D3DDevice using adapter:
[2022.02.25-01.08.15:253][  0]LogD3D11RHI:     Description : NVIDIA GeForce GTX 1080
[2022.02.25-01.08.15:253][  0]LogD3D11RHI:     VendorId    : 10de
[2022.02.25-01.08.15:253][  0]LogD3D11RHI:     DeviceId    : 1b80
[2022.02.25-01.08.15:253][  0]LogD3D11RHI:     SubSysId    : 33661028
[2022.02.25-01.08.15:253][  0]LogD3D11RHI:     Revision    : 00a1
[2022.02.25-01.08.15:253][  0]LogD3D11RHI:     DedicatedVideoMemory : 8471445504 bytes
[2022.02.25-01.08.15:253][  0]LogD3D11RHI:     DedicatedSystemMemory : 0 bytes
[2022.02.25-01.08.15:253][  0]LogD3D11RHI:     SharedSystemMemory : 17009500160 bytes
[2022.02.25-01.08.15:253][  0]LogD3D11RHI:     AdapterLuid : 0 147911
[2022.02.25-01.08.15:300][  0]LogD3D11RHI: RHI has support for 64 bit atomics
[2022.02.25-01.08.15:300][  0]LogD3D11RHI: Async texture creation enabled
[2022.02.25-01.08.15:300][  0]LogD3D11RHI: Array index from any shader is supported
[2022.02.25-01.08.15:315][  0]LogD3D11RHI: GPU Timing Frequency: 1000.000000 (Debug: 2 1)
[2022.02.25-01.08.15:349][  0]LogRHI: GeForceNow SDK initialized: 1
[2022.02.25-01.08.15:601][  0]LogTargetPlatformManager: Display: Loaded TargetPlatform 'AllDesktop'
[2022.02.25-01.08.15:635][  0]LogTargetPlatformManager: Display: Loaded TargetPlatform 'Android'
[2022.02.25-01.08.15:635][  0]LogTargetPlatformManager: Display: Loaded TargetPlatform 'Android_ASTC'
[2022.02.25-01.08.15:635][  0]LogTargetPlatformManager: Display: Loaded TargetPlatform 'Android_DXT'
[2022.02.25-01.08.15:635][  0]LogTargetPlatformManager: Display: Loaded TargetPlatform 'Android_ETC2'
[2022.02.25-01.08.15:635][  0]LogTargetPlatformManager: Display: Loaded TargetPlatform 'AndroidClient'
[2022.02.25-01.08.15:635][  0]LogTargetPlatformManager: Display: Loaded TargetPlatform 'Android_ASTCClient'
[2022.02.25-01.08.15:635][  0]LogTargetPlatformManager: Display: Loaded TargetPlatform 'Android_DXTClient'
[2022.02.25-01.08.15:635][  0]LogTargetPlatformManager: Display: Loaded TargetPlatform 'Android_ETC2Client'
[2022.02.25-01.08.15:635][  0]LogTargetPlatformManager: Display: Loaded TargetPlatform 'Android_Multi'
[2022.02.25-01.08.15:635][  0]LogTargetPlatformManager: Display: Loaded TargetPlatform 'Android_MultiClient'
[2022.02.25-01.08.15:655][  0]LogTargetPlatformManager: Display: Loaded TargetPlatform 'IOSClient'
[2022.02.25-01.08.15:655][  0]LogTargetPlatformManager: Display: Loaded TargetPlatform 'IOS'
[2022.02.25-01.08.15:675][  0]LogTargetPlatformManager: Display: Loaded TargetPlatform 'Linux'
[2022.02.25-01.08.15:679][  0]LogTargetPlatformManager: Display: Loaded TargetPlatform 'LinuxNoEditor'
[2022.02.25-01.08.15:682][  0]LogTargetPlatformManager: Display: Loaded TargetPlatform 'LinuxClient'
[2022.02.25-01.08.15:686][  0]LogTargetPlatformManager: Display: Loaded TargetPlatform 'LinuxServer'
[2022.02.25-01.08.15:705][  0]LogTargetPlatformManager: Display: Loaded TargetPlatform 'LinuxAArch64NoEditor'
[2022.02.25-01.08.15:709][  0]LogTargetPlatformManager: Display: Loaded TargetPlatform 'LinuxAArch64Client'
[2022.02.25-01.08.15:712][  0]LogTargetPlatformManager: Display: Loaded TargetPlatform 'LinuxAArch64Server'
[2022.02.25-01.08.15:743][  0]LogTargetPlatformManager: Display: Loaded TargetPlatform 'Lumin'
[2022.02.25-01.08.15:743][  0]LogTargetPlatformManager: Display: Loaded TargetPlatform 'LuminClient'
[2022.02.25-01.08.15:777][  0]LogTargetPlatformManager: Display: Loaded TargetPlatform 'MacNoEditor'
[2022.02.25-01.08.15:781][  0]LogTargetPlatformManager: Display: Loaded TargetPlatform 'Mac'
[2022.02.25-01.08.15:784][  0]LogTargetPlatformManager: Display: Loaded TargetPlatform 'MacClient'
[2022.02.25-01.08.15:788][  0]LogTargetPlatformManager: Display: Loaded TargetPlatform 'MacServer'
[2022.02.25-01.08.15:796][  0]LogTargetPlatformManager: Display: Loaded TargetPlatform 'TVOSClient'
[2022.02.25-01.08.15:796][  0]LogTargetPlatformManager: Display: Loaded TargetPlatform 'TVOS'
[2022.02.25-01.08.15:811][  0]LogTargetPlatformManager: Display: Loaded TargetPlatform 'WindowsNoEditor'
[2022.02.25-01.08.15:815][  0]LogTargetPlatformManager: Display: Loaded TargetPlatform 'Windows'
[2022.02.25-01.08.15:819][  0]LogTargetPlatformManager: Display: Loaded TargetPlatform 'WindowsClient'
[2022.02.25-01.08.15:822][  0]LogTargetPlatformManager: Display: Loaded TargetPlatform 'WindowsServer'
[2022.02.25-01.08.15:822][  0]LogTargetPlatformManager: Display: Building Assets For Windows
[2022.02.25-01.08.15:827][  0]LogAudioDebug: Display: Lib vorbis DLL was dynamically loaded.
[2022.02.25-01.08.15:849][  0]LogTextureFormatOodle: Display: Oodle Texture 2.9.0 init RDO Off
[2022.02.25-01.08.15:871][  0]LogRendererCore: Ray tracing is disabled. Reason: r.RayTracing=0.
[2022.02.25-01.08.15:871][  0]LogShaderCompilers: Guid format shader working directory is -3 characters bigger than the processId version (Z:/IGMProfile/Documents/GitHub/IGME797/InClass20220210/Intermediate/Shaders/WorkingDirectory/9152/).
[2022.02.25-01.08.15:871][  0]LogShaderCompilers: Cleaned the shader compiler working directory 'D:/Profiles/kft3635/AppData/Local/Temp/UnrealShaderWorkingDir/F0DFF88A4507543F95B73B941103E332/'.
[2022.02.25-01.08.15:871][  0]LogXGEController: Cannot use XGE Controller as Incredibuild is not installed on this machine.
[2022.02.25-01.08.15:871][  0]LogShaderCompilers: Cannot use XGE Shader Compiler as Incredibuild is not installed on this machine.
[2022.02.25-01.08.15:871][  0]LogShaderCompilers: Display: Using Local Shader Compiler.
[2022.02.25-01.08.16:550][  0]LogDerivedDataCache: Display: Max Cache Size: 512 MB
[2022.02.25-01.08.16:616][  0]LogDerivedDataCache: Loaded boot cache 0.07s 94MB D:/Profiles/kft3635/AppData/Local/UnrealEngine/4.27/DerivedDataCache/Boot.ddc.
[2022.02.25-01.08.16:617][  0]LogDerivedDataCache: Display: Loaded Boot cache: D:/Profiles/kft3635/AppData/Local/UnrealEngine/4.27/DerivedDataCache/Boot.ddc
[2022.02.25-01.08.16:618][  0]LogDerivedDataCache: FDerivedDataBackendGraph:  Pak pak cache file Z:/IGMProfile/Documents/GitHub/IGME797/InClass20220210/DerivedDataCache/DDC.ddp not found, will not use a pak cache.
[2022.02.25-01.08.16:618][  0]LogDerivedDataCache: Unable to find inner node Pak for hierarchical cache Hierarchy.
[2022.02.25-01.08.16:619][  0]LogDerivedDataCache: FDerivedDataBackendGraph:  CompressedPak pak cache file Z:/IGMProfile/Documents/GitHub/IGME797/InClass20220210/DerivedDataCache/Compressed.ddp not found, will not use a pak cache.
[2022.02.25-01.08.16:619][  0]LogDerivedDataCache: Unable to find inner node CompressedPak for hierarchical cache Hierarchy.
[2022.02.25-01.08.16:634][  0]LogDerivedDataCache: Display: Pak cache opened for reading ../../../Engine/DerivedDataCache/Compressed.ddp.
[2022.02.25-01.08.16:634][  0]LogDerivedDataCache: FDerivedDataBackendGraph:  EnterprisePak pak cache file ../../../Enterprise/DerivedDataCache/Compressed.ddp not found, will not use a pak cache.
[2022.02.25-01.08.16:634][  0]LogDerivedDataCache: Unable to find inner node EnterprisePak for hierarchical cache Hierarchy.
[2022.02.25-01.08.16:638][  0]LogDerivedDataCache: Speed tests for D:/Profiles/kft3635/AppData/Local/UnrealEngine/Common/DerivedDataCache took 0.00 seconds
[2022.02.25-01.08.16:638][  0]LogDerivedDataCache: Display: Performance to D:/Profiles/kft3635/AppData/Local/UnrealEngine/Common/DerivedDataCache: Latency=0.01ms. RandomReadSpeed=1197.43MBs, RandomWriteSpeed=342.29MBs. Assigned SpeedClass 'Local'
[2022.02.25-01.08.16:638][  0]LogDerivedDataCache: Using Local data cache path D:/Profiles/kft3635/AppData/Local/UnrealEngine/Common/DerivedDataCache: Writable
[2022.02.25-01.08.16:638][  0]LogDerivedDataCache: Shared data cache path not found in *engine.ini, will not use an Shared cache.
[2022.02.25-01.08.16:638][  0]LogDerivedDataCache: Unable to find inner node Shared for hierarchical cache Hierarchy.
[2022.02.25-01.08.16:679][  0]LogSlate: Using FreeType 2.10.0
[2022.02.25-01.08.16:680][  0]LogSlate: SlateFontServices - WITH_FREETYPE: 1, WITH_HARFBUZZ: 1
[2022.02.25-01.08.16:701][  0]LogAssetRegistry: FAssetRegistry took 0.0030 seconds to start up
[2022.02.25-01.08.16:963][  0]LogInit: Selected Device Profile: [Windows]
[2022.02.25-01.08.16:964][  0]LogInit: Active device profile: [000001BC3569C900][000001BC2932C740 49] Windows
[2022.02.25-01.08.16:964][  0]LogInit: Profiles: [000001BC3569C900][000001BC2932C740 49] Windows, [000001BC35667800][000001BC276F0880 49] WindowsNoEditor, [000001BC3569F500][000001BC276F49C0 49] WindowsServer, [000001BC35664E00][000001BC2CAF4B40 49] WindowsClient, [000001BC3569F800][000001BC2CAF8CC0 49] IOS, [000001BC35666800][000001BC2CAFCE40 49] iPadAir, [000001BC3569E000][000001BC2CB00FC0 49] iPadAir2, [000001BC35618A00][000001BC2CB09280 49] IPadPro, [000001BC35618B00][000001BC2CB052C0 49] iPadAir3, [000001BC35665900][000001BC2CB0D440 49] iPadAir4, [000001BC3561B400][000001BC2CB115C0 49] iPadMini2, [000001BC35666A00][000001BC2CB15740 49] iPadMini3, [000001BC35619700][000001BC2CB198C0 49] iPadMini4, [000001BC3569D100][000001BC2CB1DA40 49] iPadMini5, [000001BC35620300][000001BC2CB24180 49] iPhone6, [000001BC35620400][000001BC2CB201C0 49] iPodTouch6, [000001BC35603F00][000001BC2CB2C480 49] iPhone7, [000001BC35603E00][000001BC2CB284C0 49] iPodTouch7, [000001BC35666000][000001BC36474640 49] iPhone5S, [000001BC35601A00][000001BC276F8780 49] iPhone6Plus, [000001BC35620200][000001BC364788C0 49] iPhone6S, [000001BC35600600][000001BC3647CA00 49] iPhone6SPlus, [000001BC35622900][000001BC36480B40 49] iPhone7Plus, [000001BC35603100][000001BC36488CC0 49] iPhoneSE, [000001BC35622200][000001BC3648CE40 49] iPhone8, [000001BC35603B00][000001BC36490FC0 49] iPhone8Plus, [000001BC35620A00][000001BC36495140 49] iPhoneX, [000001BC35601400][000001BC364992C0 49] iPhoneXS, [000001BC35623900][000001BC3649D440 49] iPhoneXSMax, [000001BC35600900][000001BC364A15C0 49] iPhoneXR, [000001BC35622F00][000001BC364A5740 49] iPhone11, [000001BC35601300][000001BC364A98C0 49] iPhone11Pro, [000001BC35621000][000001BC364ADA40 49] iPhone11ProMax, [000001BC35602A00][000001BC364B1BC0 49] iPhoneSE2, [000001BC35621400][000001BC364B41C0 49] iPhone12Mini, [000001BC35602400][000001BC364B8340 49] iPhone12, [000001BC35620D00][000001BC364BC4C0 49] iPhone12Pro, [000001BC35602B00][000001BC364C0640 49] iPhone12ProMax, [000001BC35623000][000001BC364C87C0 49] iPadPro105, [000001BC35600700][000001BC364CC940 49] iPadPro129, [000001BC35622800][000001BC36484A80 49] iPadPro97, [000001BC35602600][000001BC364D0BC0 49] iPadPro2_129, [000001BC35623C00][000001BC364D4D00 49] iPad5, [000001BC35602200][000001BC364DCE80 49] iPad6, [000001BC35620F00][000001BC364E1000 49] iPad7, [000001BC35602D00][000001BC364E5180 49] iPad8, [000001BC35621100][000001BC364E9300 49] iPadPro11, [000001BC35601600][000001BC364F1480 49] iPadPro2_11, [000001BC35623400][000001BC364F5600 49] iPadPro3_129, [000001BC35602800][000001BC36501780 49] iPadPro4_129, [000001BC35623A00][000001BC3650D900 49] AppleTV, [000001BC35602100][000001BC36511A80 49] AppleTV4K, [000001BC35621F00][000001BC36515C00 49] TVOS, [000001BC35603400][000001BC36518200 49] Mac, [000001BC35623800][000001BC36524380 49] MacClient, [000001BC35601E00][000001BC36528500 49] MacNoEditor, [000001BC35623F00][000001BC36534680 49] MacServer, [000001BC35603500][000001BC36538800 49] Linux, [000001BC35620C00][000001BC3756C980 49] LinuxAArch64, [000001BC35602F00][000001BC375A4B00 49] LinuxNoEditor, [000001BC35620B00][000001BC364D8C40 49] LinuxAArch64NoEditor, [000001BC35603700][000001BC375A8D80 49] LinuxClient, [000001BC35621A00][000001BC375ACEC0 49] LinuxAArch64Client, [000001BC35601000][000001BC375B5040 49] LinuxServer, [000001BC35622500][000001BC375BD1C0 49] LinuxAArch64Server, [000001BC35601900][000001BC375C1340 49] Android, [000001BC35621300][000001BC375CD4C0 49] Android_Low, [000001BC35602700][000001BC37611640 49] Android_Mid, [000001BC35622B00][000001BC377E57C0 49] Android_High, [000001BC35603800][000001BC378E5940 49] Android_Default, [000001BC35621600][000001BC37949AC0 49] Android_Adreno4xx, [000001BC35601500][000001BC384340C0 49] Android_Adreno5xx_Low, [000001BC3561B600][000001BC38438240 49] Android_Adreno5xx, [000001BC35665800][000001BC3843C3C0 49] Android_Adreno6xx, [000001BC35619200][000001BC38440540 49] Android_Adreno6xx_Vulkan, [000001BC35667C00][000001BC384446C0 49] Android_Mali_T6xx, [000001BC35619100][000001BC38468840 49] Android_Mali_T7xx, [000001BC35665600][000001BC384949C0 49] Android_Mali_T8xx, [000001BC35619E00][000001BC38498B40 49] Android_Mali_G71, [000001BC35664500][000001BC3849CCC0 49] Android_Mali_G72, [000001BC35618800][000001BC375B0E00 49] Android_Mali_G72_Vulkan, [000001BC35665300][000001BC384A0F40 49] Android_Mali_G76, [000001BC35618100][000001BC384A5080 49] Android_Mali_G76_Vulkan, [000001BC35665F00][000001BC384A91C0 49] Android_Mali_G77, [000001BC35619000][000001BC38509340 49] Android_Mali_G77_Vulkan, [000001BC35664A00][000001BC3850D4C0 49] Android_Mali_G78, [000001BC3561AC00][000001BC38515640 49] Android_Mali_G78_Vulkan, [000001BC35667600][000001BC385797C0 49] Android_Mali_G710, [000001BC3561AA00][000001BC3473F940 49] Android_Mali_G710_Vulkan, [000001BC35667F00][000001BC34777AC0 49] Android_Vulkan_SM5, [000001BC3561BB00][000001BC347840C0 49] Android_PowerVR_G6xxx, [000001BC35667B00][000001BC34788240 49] Android_PowerVR_GT7xxx, [000001BC3561B900][000001BC3463C3C0 49] Android_PowerVR_GE8xxx, [000001BC35664C00][000001BC34934540 49] Android_PowerVR_GM9xxx, [000001BC3561A700][000001BC349506C0 49] Android_PowerVR_GM9xxx_Vulkan, [000001BC35666700][000001BC34954840 49] Android_TegraK1, [000001BC35618900][000001BC346409C0 49] Android_Unknown_Vulkan, [000001BC35665D00][000001BC34644B40 49] Lumin, [000001BC35618500][000001BC34648CC0 49] Lumin_Desktop, [000001BC35667300][000001BC3464CE40 49] HoloLens, 
[2022.02.25-01.08.17:080][  0]LogMeshReduction: Using QuadricMeshReduction for automatic static mesh reduction
[2022.02.25-01.08.17:080][  0]LogMeshReduction: Using SimplygonMeshReduction for automatic skeletal mesh reduction
[2022.02.25-01.08.17:080][  0]LogMeshReduction: Using ProxyLODMeshReduction for automatic mesh merging
[2022.02.25-01.08.17:080][  0]LogMeshReduction: No distributed automatic mesh merging module available
[2022.02.25-01.08.17:080][  0]LogMeshMerging: No distributed automatic mesh merging module available
[2022.02.25-01.08.17:095][  0]LogNetVersion: InClass20220210 1.0.0, NetCL: 17155196, EngineNetVer: 17, GameNetVer: 0 (Checksum: 3259955276)
[2022.02.25-01.08.17:467][  0]LogTexture: Default maximum texture size for cubemaps generated from long-lat sources has been changed from 512 to unlimited. In order to preserve old behaiour for '/Engine/MapTemplates/Sky/DaylightAmbientCubemap.DaylightAmbientCubemap', its maximum texture size has been explicitly set to 512.
[2022.02.25-01.08.17:526][  0]LogHMD: PokeAHoleMaterial loaded successfully
[2022.02.25-01.08.17:532][  0]LogUObjectArray: 17178 objects as part of root set at end of initial load.
[2022.02.25-01.08.17:532][  0]LogUObjectAllocator: 4302048 out of 0 bytes used by permanent object pool.
[2022.02.25-01.08.17:532][  0]LogUObjectArray: CloseDisregardForGC: 0/0 objects in disregard for GC pool
[2022.02.25-01.08.17:837][  0]LogNiagaraDebuggerClient: Niagara Debugger Client Initialized | Session: F6FA5A3C42791F028E4FE8ADA2934695 | Instance: 3BB97B1146099AF227E10EAF8ADCD45E (MSS3110-10-9152).
[2022.02.25-01.08.17:929][  0]LogTcpMessaging: Initializing TcpMessaging bridge
[2022.02.25-01.08.17:932][  0]LogUdpMessaging: Initializing bridge on interface 0.0.0.0:0 to multicast group 230.0.0.1:6666.
[2022.02.25-01.08.17:932][  0]LogDirectoryWatcher: Display: A directory notification failed for 'Z:/IGMProfile/Documents/GitHub/IGME797/InClass20220210/Content/' because it was empty or there was a buffer overflow. Attemping another request...
[2022.02.25-01.08.17:944][  0]LogPython: Using Python 3.7.7
[2022.02.25-01.08.18:538][  0]SourceControl: Source control is disabled
[2022.02.25-01.08.18:930][  0]LogUProjectInfo: Found projects:
[2022.02.25-01.08.19:139][  0]LogOpenImageDenoise: OIDN starting up
[2022.02.25-01.08.19:148][  0]LogAndroidPermission: UAndroidPermissionCallbackProxy::GetInstance
[2022.02.25-01.08.19:164][  0]LogAudioCaptureCore: Display: No Audio Capture implementations found. Audio input will be silent.
[2022.02.25-01.08.19:164][  0]LogAudioCaptureCore: Display: No Audio Capture implementations found. Audio input will be silent.
[2022.02.25-01.08.19:266][  0]LogCollectionManager: Loaded 0 collections in 0.002630 seconds
[2022.02.25-01.08.19:292][  0]LogFileCache: Scanning file cache for directory 'Z:/IGMProfile/Documents/GitHub/IGME797/InClass20220210/Saved/Collections/' took 0.00s
[2022.02.25-01.08.19:292][  0]LogFileCache: Scanning file cache for directory 'Z:/IGMProfile/Documents/GitHub/IGME797/InClass20220210/Content/Developers/kft3635/Collections/' took 0.00s
[2022.02.25-01.08.19:292][  0]LogFileCache: Scanning file cache for directory 'Z:/IGMProfile/Documents/GitHub/IGME797/InClass20220210/Content/Collections/' took 0.00s
[2022.02.25-01.08.19:292][  0]LogOcInput: OculusInput pre-init called
[2022.02.25-01.08.19:483][  0]LogEngine: Initializing Engine...
[2022.02.25-01.08.19:485][  0]LogHMD: Failed to enumerate extensions. Please check that you have a valid OpenXR runtime installed.
[2022.02.25-01.08.19:485][  0]LogHMD: Failed to initialize OpenVR with code 110
[2022.02.25-01.08.19:485][  0]LogMagicLeap: Warning: VR disabled because ZI is not enabled.  To enable, in the editor, Edit -> Project Settings -> Plugins -> Magic Leap Plugin -> Enable Zero Iteration
[2022.02.25-01.08.19:488][  0]LogStats: UGameplayTagsManager::InitializeManager -  0.002 s
[2022.02.25-01.08.19:600][  0]LogInit: Initializing FReadOnlyCVARCache
[2022.02.25-01.08.19:606][  0]LogAIModule: Creating AISystem for world Untitled
[2022.02.25-01.08.19:624][  0]LogAudio: Display: Initializing Audio Device Manager...
[2022.02.25-01.08.19:626][  0]LogAudio: Display: Loading Default Audio Settings Objects...
[2022.02.25-01.08.19:627][  0]LogAudio: Display: No default SoundConcurrencyObject specified (or failed to load).
[2022.02.25-01.08.19:627][  0]LogAudio: Display: Audio Device Manager Initialized
[2022.02.25-01.08.19:627][  0]LogAudio: Display: Creating Audio Device:                 Id: 1, Scope: Shared, Realtime: True
[2022.02.25-01.08.19:627][  0]LogAudioMixer: Display: Audio Mixer Platform Settings:
[2022.02.25-01.08.19:627][  0]LogAudioMixer: Display: 	Sample Rate:						  48000
[2022.02.25-01.08.19:627][  0]LogAudioMixer: Display: 	Callback Buffer Frame Size Requested: 1024
[2022.02.25-01.08.19:627][  0]LogAudioMixer: Display: 	Callback Buffer Frame Size To Use:	  1024
[2022.02.25-01.08.19:627][  0]LogAudioMixer: Display: 	Number of buffers to queue:			  2
[2022.02.25-01.08.19:627][  0]LogAudioMixer: Display: 	Max Channels (voices):				  32
[2022.02.25-01.08.19:627][  0]LogAudioMixer: Display: 	Number of Async Source Workers:		  0
[2022.02.25-01.08.19:627][  0]LogAudio: Display: AudioDevice MaxSources: 32
[2022.02.25-01.08.19:628][  0]LogAudio: Display: Audio Spatialization Plugin: None (built-in).
[2022.02.25-01.08.19:628][  0]LogAudio: Display: Audio Reverb Plugin: None (built-in).
[2022.02.25-01.08.19:628][  0]LogAudio: Display: Audio Occlusion Plugin: None (built-in).
[2022.02.25-01.08.19:628][  0]LogAudioMixer: Display: Initializing audio mixer.
[2022.02.25-01.08.19:657][  0]LogAudioMixer: Display: 0: FrontLeft
[2022.02.25-01.08.19:657][  0]LogAudioMixer: Display: 1: FrontRight
[2022.02.25-01.08.19:677][  0]LogAudioMixer: Display: Using Audio Device DELL U2720Q (2- NVIDIA High Definition Audio)
[2022.02.25-01.08.19:682][  0]LogAudioMixer: Display: Initializing Sound Submixes...
[2022.02.25-01.08.19:684][  0]LogAudioMixer: Display: Creating Master Submix 'MasterSubmixDefault'
[2022.02.25-01.08.19:684][  0]LogAudioMixer: Display: Creating Master Submix 'MasterReverbSubmixDefault'
[2022.02.25-01.08.19:685][  0]LogAudioMixer: Display: Creating Master Submix 'MasterEQSubmixDefault'
[2022.02.25-01.08.19:685][  0]LogAudioMixer: FMixerPlatformXAudio2::StartAudioStream() called
[2022.02.25-01.08.19:685][  0]LogAudioMixer: Display: Output buffers initialized: Frames=1024, Channels=2, Samples=2048
[2022.02.25-01.08.19:686][  0]LogAudioMixer: Display: Starting AudioMixerPlatformInterface::RunInternal()
[2022.02.25-01.08.19:686][  0]LogAudioMixer: Display: FMixerPlatformXAudio2::SubmitBuffer() called for the first time
[2022.02.25-01.08.19:686][  0]LogInit: FAudioDevice initialized.
[2022.02.25-01.08.19:687][  0]LogAudio: Display: Audio Device (ID: 1) registered with world 'Untitled'.
[2022.02.25-01.08.19:687][  0]LogNetVersion: Set ProjectVersion to 1.0.0.0. Version Checksum will be recalculated on next use.
[2022.02.25-01.08.19:733][  0]LogDerivedDataCache: Saved boot cache 0.05s 94MB D:/Profiles/kft3635/AppData/Local/UnrealEngine/4.27/DerivedDataCache/Boot.ddc.
[2022.02.25-01.08.19:733][  0]LogInit: Texture streaming: Enabled
[2022.02.25-01.08.19:741][  0]LogAnalytics: Display: [UEEditor.Rocket.Release] APIServer = https://datarouter.ol.epicgames.com/. AppVersion = 4.27.2-18319896+++UE4+Release-4.27
[2022.02.25-01.08.19:744][  0]LogEngineSessionManager: EngineSessionManager initialized
[2022.02.25-01.08.19:744][  0]LogEditorSessionSummary: Verbose: Initializing EditorSessionSummaryWriter for editor session tracking
[2022.02.25-01.08.19:745][  0]LogEditorSessionSummary: EditorSessionSummaryWriter initialized
[2022.02.25-01.08.19:837][  0]LogInit: Transaction tracking system initialized
[2022.02.25-01.08.19:850][  0]BlueprintLog: New page: Editor Load
[2022.02.25-01.08.19:909][  0]LocalizationService: Localization service is disabled
[2022.02.25-01.08.19:971][  0]TimingProfiler: Initialize
[2022.02.25-01.08.19:971][  0]TimingProfiler: OnSessionChanged
[2022.02.25-01.08.19:971][  0]LoadingProfiler: Initialize
[2022.02.25-01.08.19:971][  0]LoadingProfiler: OnSessionChanged
[2022.02.25-01.08.19:971][  0]NetworkingProfiler: Initialize
[2022.02.25-01.08.19:971][  0]NetworkingProfiler: OnSessionChanged
[2022.02.25-01.08.19:971][  0]MemoryProfiler: Initialize
[2022.02.25-01.08.19:971][  0]MemoryProfiler: OnSessionChanged
[2022.02.25-01.08.20:139][  0]LogCook: Display: CookSettings for Memory: MemoryMaxUsedVirtual 0MiB, MemoryMaxUsedPhysical 16384MiB, MemoryMinFreeVirtual 0MiB, MemoryMinFreePhysical 1024MiB
[2022.02.25-01.08.20:139][  0]LogCook: Display: Mobile HDR setting 1
[2022.02.25-01.08.20:275][  0]LogFileCache: Scanning file cache for directory 'Z:/IGMProfile/Documents/GitHub/IGME797/InClass20220210/Content/' took 0.15s
[2022.02.25-01.08.20:413][  0]LogInit: Display: Engine is initialized. Leaving FEngineLoop::Init()
[2022.02.25-01.08.20:416][  0]LogUnrealEdMisc: Loading editor; pre map load, took 8.626
[2022.02.25-01.08.20:416][  0]Cmd: MAP LOAD FILE="Z:/IGMProfile/Documents/GitHub/IGME797/InClass20220210/Content/ThirdPersonBP/Maps/ThirdPersonExampleMap.umap" TEMPLATE=0 SHOWPROGRESS=1 FEATURELEVEL=3
[2022.02.25-01.08.20:417][  0]LightingResults: New page: Lighting Build
[2022.02.25-01.08.20:418][  0]LogWorld: UWorld::CleanupWorld for Untitled, bSessionEnded=true, bCleanupResources=true
[2022.02.25-01.08.20:418][  0]LogSlate: InvalidateAllWidgets triggered.  All widgets were invalidated
[2022.02.25-01.08.20:418][  0]MapCheck: New page: Map Check
[2022.02.25-01.08.20:418][  0]LightingResults: New page: Lighting Build
[2022.02.25-01.08.20:422][  0]LogAudio: Display: Audio Device unregistered from world 'None'.
[2022.02.25-01.08.20:424][  0]LogUObjectHash: Compacting FUObjectHashTables data took   0.69ms
[2022.02.25-01.08.24:104][  0]LogAudio: Display: Audio Device (ID: 1) registered with world 'ThirdPersonExampleMap'.
[2022.02.25-01.08.24:105][  0]LogAIModule: Creating AISystem for world ThirdPersonExampleMap
[2022.02.25-01.08.24:113][  0]LogEditorServer: Finished looking for orphan Actors (0.000 secs)
[2022.02.25-01.08.24:122][  0]LogUObjectHash: Compacting FUObjectHashTables data took   0.81ms
[2022.02.25-01.08.24:123][  0]Cmd: MAP CHECKDEP NOCLEARLOG
[2022.02.25-01.08.24:123][  0]MapCheck: Map check complete: 0 Error(s), 0 Warning(s), took 0.355ms to complete.
[2022.02.25-01.08.24:123][  0]LogFileHelpers: Loading map 'ThirdPersonExampleMap' took 3.708
[2022.02.25-01.08.24:128][  0]LogUnrealEdMisc: Total Editor Startup Time, took 12.337
[2022.02.25-01.08.24:282][  0]LogSlate: Updating window title bar state: overlay mode, drag disabled, window buttons hidden, title bar hidden
[2022.02.25-01.08.24:288][  0]LogSlate: Updating window title bar state: overlay mode, drag disabled, window buttons hidden, title bar hidden
[2022.02.25-01.08.24:293][  0]LogSlate: Updating window title bar state: overlay mode, drag disabled, window buttons hidden, title bar hidden
[2022.02.25-01.08.24:298][  0]LogSlate: Updating window title bar state: overlay mode, drag disabled, window buttons hidden, title bar hidden
[2022.02.25-01.08.24:311][  0]LogNativeClassHierarchy: Verbose: Native class hierarchy populated in 0.0086 seconds. Added 3822 classes and 928 folders.
[2022.02.25-01.08.24:313][  0]LogNativeClassHierarchy: Verbose: Native class hierarchy updated for 'WidgetCarousel' in 0.0003 seconds. Added 0 classes and 0 folders.
[2022.02.25-01.08.24:316][  0]LogPakFile: PakFile PrimaryIndexSize=187
[2022.02.25-01.08.24:316][  0]LogPakFile: PakFile PathHashIndexSize=101
[2022.02.25-01.08.24:316][  0]LogPakFile: PakFile FullDirectoryIndexSize=148
[2022.02.25-01.08.24:316][  0]LogShaderLibrary: Display: ShaderCodeLibraryPakFileMountedCallback: PakFile 'C:/Program Files/Epic Games/UE_4.27/FeaturePacks/FP_FirstPerson.upack' (chunk index -1, root 'root:/') mounted
[2022.02.25-01.08.24:316][  0]LogShaderLibrary: Display: ShaderCodeLibraryPakFileMountedCallback: pending pak file info (ChunkID:-1 Root:root:/ File:C:/Program Files/Epic Games/UE_4.27/FeaturePacks/FP_FirstPerson.upack)
[2022.02.25-01.08.24:316][  0]LogPakFile: OnPakFileMounted2Time == 0.000052
[2022.02.25-01.08.24:316][  0]LogPakFile: PakFile PrimaryIndexSize=189
[2022.02.25-01.08.24:316][  0]LogPakFile: PakFile PathHashIndexSize=101
[2022.02.25-01.08.24:316][  0]LogPakFile: PakFile FullDirectoryIndexSize=152
[2022.02.25-01.08.24:316][  0]LogShaderLibrary: Display: ShaderCodeLibraryPakFileMountedCallback: PakFile 'C:/Program Files/Epic Games/UE_4.27/FeaturePacks/FP_FirstPersonBP.upack' (chunk index -1, root 'root:/') mounted
[2022.02.25-01.08.24:316][  0]LogShaderLibrary: Display: ShaderCodeLibraryPakFileMountedCallback: pending pak file info (ChunkID:-1 Root:root:/ File:C:/Program Files/Epic Games/UE_4.27/FeaturePacks/FP_FirstPersonBP.upack)
[2022.02.25-01.08.24:316][  0]LogPakFile: OnPakFileMounted2Time == 0.000037
[2022.02.25-01.08.24:316][  0]LogPakFile: PakFile PrimaryIndexSize=191
[2022.02.25-01.08.24:316][  0]LogPakFile: PakFile PathHashIndexSize=101
[2022.02.25-01.08.24:316][  0]LogPakFile: PakFile FullDirectoryIndexSize=160
[2022.02.25-01.08.24:316][  0]LogShaderLibrary: Display: ShaderCodeLibraryPakFileMountedCallback: PakFile 'C:/Program Files/Epic Games/UE_4.27/FeaturePacks/MobileStarterContent.upack' (chunk index -1, root 'root:/') mounted
[2022.02.25-01.08.24:316][  0]LogShaderLibrary: Display: ShaderCodeLibraryPakFileMountedCallback: pending pak file info (ChunkID:-1 Root:root:/ File:C:/Program Files/Epic Games/UE_4.27/FeaturePacks/MobileStarterContent.upack)
[2022.02.25-01.08.24:316][  0]LogPakFile: OnPakFileMounted2Time == 0.000031
[2022.02.25-01.08.24:317][  0]LogPakFile: PakFile PrimaryIndexSize=185
[2022.02.25-01.08.24:317][  0]LogPakFile: PakFile PathHashIndexSize=101
[2022.02.25-01.08.24:317][  0]LogPakFile: PakFile FullDirectoryIndexSize=148
[2022.02.25-01.08.24:317][  0]LogShaderLibrary: Display: ShaderCodeLibraryPakFileMountedCallback: PakFile 'C:/Program Files/Epic Games/UE_4.27/FeaturePacks/StarterContent.upack' (chunk index -1, root 'root:/') mounted
[2022.02.25-01.08.24:317][  0]LogShaderLibrary: Display: ShaderCodeLibraryPakFileMountedCallback: pending pak file info (ChunkID:-1 Root:root:/ File:C:/Program Files/Epic Games/UE_4.27/FeaturePacks/StarterContent.upack)
[2022.02.25-01.08.24:317][  0]LogPakFile: OnPakFileMounted2Time == 0.000032
[2022.02.25-01.08.24:317][  0]LogPakFile: PakFile PrimaryIndexSize=190
[2022.02.25-01.08.24:317][  0]LogPakFile: PakFile PathHashIndexSize=101
[2022.02.25-01.08.24:317][  0]LogPakFile: PakFile FullDirectoryIndexSize=154
[2022.02.25-01.08.24:317][  0]LogShaderLibrary: Display: ShaderCodeLibraryPakFileMountedCallback: PakFile 'C:/Program Files/Epic Games/UE_4.27/FeaturePacks/TP_2DSideScroller.upack' (chunk index -1, root 'root:/') mounted
[2022.02.25-01.08.24:317][  0]LogShaderLibrary: Display: ShaderCodeLibraryPakFileMountedCallback: pending pak file info (ChunkID:-1 Root:root:/ File:C:/Program Files/Epic Games/UE_4.27/FeaturePacks/TP_2DSideScroller.upack)
[2022.02.25-01.08.24:317][  0]LogPakFile: OnPakFileMounted2Time == 0.000032
[2022.02.25-01.08.24:318][  0]LogPakFile: PakFile PrimaryIndexSize=192
[2022.02.25-01.08.24:318][  0]LogPakFile: PakFile PathHashIndexSize=101
[2022.02.25-01.08.24:318][  0]LogPakFile: PakFile FullDirectoryIndexSize=158
[2022.02.25-01.08.24:318][  0]LogShaderLibrary: Display: ShaderCodeLibraryPakFileMountedCallback: PakFile 'C:/Program Files/Epic Games/UE_4.27/FeaturePacks/TP_2DSideScrollerBP.upack' (chunk index -1, root 'root:/') mounted
[2022.02.25-01.08.24:318][  0]LogShaderLibrary: Display: ShaderCodeLibraryPakFileMountedCallback: pending pak file info (ChunkID:-1 Root:root:/ File:C:/Program Files/Epic Games/UE_4.27/FeaturePacks/TP_2DSideScrollerBP.upack)
[2022.02.25-01.08.24:318][  0]LogPakFile: OnPakFileMounted2Time == 0.000032
[2022.02.25-01.08.24:318][  0]LogPakFile: PakFile PrimaryIndexSize=182
[2022.02.25-01.08.24:318][  0]LogPakFile: PakFile PathHashIndexSize=101
[2022.02.25-01.08.24:318][  0]LogPakFile: PakFile FullDirectoryIndexSize=138
[2022.02.25-01.08.24:318][  0]LogShaderLibrary: Display: ShaderCodeLibraryPakFileMountedCallback: PakFile 'C:/Program Files/Epic Games/UE_4.27/FeaturePacks/TP_Flying.upack' (chunk index -1, root 'root:/') mounted
[2022.02.25-01.08.24:318][  0]LogShaderLibrary: Display: ShaderCodeLibraryPakFileMountedCallback: pending pak file info (ChunkID:-1 Root:root:/ File:C:/Program Files/Epic Games/UE_4.27/FeaturePacks/TP_Flying.upack)
[2022.02.25-01.08.24:318][  0]LogPakFile: OnPakFileMounted2Time == 0.000031
[2022.02.25-01.08.24:319][  0]LogPakFile: PakFile PrimaryIndexSize=184
[2022.02.25-01.08.24:319][  0]LogPakFile: PakFile PathHashIndexSize=101
[2022.02.25-01.08.24:319][  0]LogPakFile: PakFile FullDirectoryIndexSize=142
[2022.02.25-01.08.24:319][  0]LogShaderLibrary: Display: ShaderCodeLibraryPakFileMountedCallback: PakFile 'C:/Program Files/Epic Games/UE_4.27/FeaturePacks/TP_FlyingBP.upack' (chunk index -1, root 'root:/') mounted
[2022.02.25-01.08.24:319][  0]LogShaderLibrary: Display: ShaderCodeLibraryPakFileMountedCallback: pending pak file info (ChunkID:-1 Root:root:/ File:C:/Program Files/Epic Games/UE_4.27/FeaturePacks/TP_FlyingBP.upack)
[2022.02.25-01.08.24:319][  0]LogPakFile: OnPakFileMounted2Time == 0.000031
[2022.02.25-01.08.24:319][  0]LogPakFile: PakFile PrimaryIndexSize=188
[2022.02.25-01.08.24:319][  0]LogPakFile: PakFile PathHashIndexSize=101
[2022.02.25-01.08.24:319][  0]LogPakFile: PakFile FullDirectoryIndexSize=150
[2022.02.25-01.08.24:319][  0]LogShaderLibrary: Display: ShaderCodeLibraryPakFileMountedCallback: PakFile 'C:/Program Files/Epic Games/UE_4.27/FeaturePacks/TP_HandheldARBP.upack' (chunk index -1, root 'root:/') mounted
[2022.02.25-01.08.24:319][  0]LogShaderLibrary: Display: ShaderCodeLibraryPakFileMountedCallback: pending pak file info (ChunkID:-1 Root:root:/ File:C:/Program Files/Epic Games/UE_4.27/FeaturePacks/TP_HandheldARBP.upack)
[2022.02.25-01.08.24:319][  0]LogPakFile: OnPakFileMounted2Time == 0.000031
[2022.02.25-01.08.24:320][  0]LogPakFile: PakFile PrimaryIndexSize=182
[2022.02.25-01.08.24:320][  0]LogPakFile: PakFile PathHashIndexSize=101
[2022.02.25-01.08.24:320][  0]LogPakFile: PakFile FullDirectoryIndexSize=138
[2022.02.25-01.08.24:320][  0]LogShaderLibrary: Display: ShaderCodeLibraryPakFileMountedCallback: PakFile 'C:/Program Files/Epic Games/UE_4.27/FeaturePacks/TP_Puzzle.upack' (chunk index -1, root 'root:/') mounted
[2022.02.25-01.08.24:320][  0]LogShaderLibrary: Display: ShaderCodeLibraryPakFileMountedCallback: pending pak file info (ChunkID:-1 Root:root:/ File:C:/Program Files/Epic Games/UE_4.27/FeaturePacks/TP_Puzzle.upack)
[2022.02.25-01.08.24:320][  0]LogPakFile: OnPakFileMounted2Time == 0.000031
[2022.02.25-01.08.24:321][  0]LogPakFile: PakFile PrimaryIndexSize=184
[2022.02.25-01.08.24:321][  0]LogPakFile: PakFile PathHashIndexSize=101
[2022.02.25-01.08.24:321][  0]LogPakFile: PakFile FullDirectoryIndexSize=142
[2022.02.25-01.08.24:321][  0]LogShaderLibrary: Display: ShaderCodeLibraryPakFileMountedCallback: PakFile 'C:/Program Files/Epic Games/UE_4.27/FeaturePacks/TP_PuzzleBP.upack' (chunk index -1, root 'root:/') mounted
[2022.02.25-01.08.24:321][  0]LogShaderLibrary: Display: ShaderCodeLibraryPakFileMountedCallback: pending pak file info (ChunkID:-1 Root:root:/ File:C:/Program Files/Epic Games/UE_4.27/FeaturePacks/TP_PuzzleBP.upack)
[2022.02.25-01.08.24:321][  0]LogPakFile: OnPakFileMounted2Time == 0.000032
[2022.02.25-01.08.24:321][  0]LogPakFile: PakFile PrimaryIndexSize=183
[2022.02.25-01.08.24:321][  0]LogPakFile: PakFile PathHashIndexSize=101
[2022.02.25-01.08.24:321][  0]LogPakFile: PakFile FullDirectoryIndexSize=140
[2022.02.25-01.08.24:321][  0]LogShaderLibrary: Display: ShaderCodeLibraryPakFileMountedCallback: PakFile 'C:/Program Files/Epic Games/UE_4.27/FeaturePacks/TP_Rolling.upack' (chunk index -1, root 'root:/') mounted
[2022.02.25-01.08.24:321][  0]LogShaderLibrary: Display: ShaderCodeLibraryPakFileMountedCallback: pending pak file info (ChunkID:-1 Root:root:/ File:C:/Program Files/Epic Games/UE_4.27/FeaturePacks/TP_Rolling.upack)
[2022.02.25-01.08.24:321][  0]LogPakFile: OnPakFileMounted2Time == 0.000032
[2022.02.25-01.08.24:322][  0]LogPakFile: PakFile PrimaryIndexSize=185
[2022.02.25-01.08.24:322][  0]LogPakFile: PakFile PathHashIndexSize=101
[2022.02.25-01.08.24:322][  0]LogPakFile: PakFile FullDirectoryIndexSize=144
[2022.02.25-01.08.24:322][  0]LogShaderLibrary: Display: ShaderCodeLibraryPakFileMountedCallback: PakFile 'C:/Program Files/Epic Games/UE_4.27/FeaturePacks/TP_RollingBP.upack' (chunk index -1, root 'root:/') mounted
[2022.02.25-01.08.24:322][  0]LogShaderLibrary: Display: ShaderCodeLibraryPakFileMountedCallback: pending pak file info (ChunkID:-1 Root:root:/ File:C:/Program Files/Epic Games/UE_4.27/FeaturePacks/TP_RollingBP.upack)
[2022.02.25-01.08.24:322][  0]LogPakFile: OnPakFileMounted2Time == 0.000031
[2022.02.25-01.08.24:322][  0]LogPakFile: PakFile PrimaryIndexSize=188
[2022.02.25-01.08.24:322][  0]LogPakFile: PakFile PathHashIndexSize=101
[2022.02.25-01.08.24:322][  0]LogPakFile: PakFile FullDirectoryIndexSize=150
[2022.02.25-01.08.24:322][  0]LogShaderLibrary: Display: ShaderCodeLibraryPakFileMountedCallback: PakFile 'C:/Program Files/Epic Games/UE_4.27/FeaturePacks/TP_SideScroller.upack' (chunk index -1, root 'root:/') mounted
[2022.02.25-01.08.24:322][  0]LogShaderLibrary: Display: ShaderCodeLibraryPakFileMountedCallback: pending pak file info (ChunkID:-1 Root:root:/ File:C:/Program Files/Epic Games/UE_4.27/FeaturePacks/TP_SideScroller.upack)
[2022.02.25-01.08.24:322][  0]LogPakFile: OnPakFileMounted2Time == 0.000031
[2022.02.25-01.08.24:323][  0]LogPakFile: PakFile PrimaryIndexSize=190
[2022.02.25-01.08.24:323][  0]LogPakFile: PakFile PathHashIndexSize=101
[2022.02.25-01.08.24:323][  0]LogPakFile: PakFile FullDirectoryIndexSize=154
[2022.02.25-01.08.24:323][  0]LogShaderLibrary: Display: ShaderCodeLibraryPakFileMountedCallback: PakFile 'C:/Program Files/Epic Games/UE_4.27/FeaturePacks/TP_SideScrollerBP.upack' (chunk index -1, root 'root:/') mounted
[2022.02.25-01.08.24:323][  0]LogShaderLibrary: Display: ShaderCodeLibraryPakFileMountedCallback: pending pak file info (ChunkID:-1 Root:root:/ File:C:/Program Files/Epic Games/UE_4.27/FeaturePacks/TP_SideScrollerBP.upack)
[2022.02.25-01.08.24:323][  0]LogPakFile: OnPakFileMounted2Time == 0.000031
[2022.02.25-01.08.24:323][  0]LogPakFile: PakFile PrimaryIndexSize=187
[2022.02.25-01.08.24:323][  0]LogPakFile: PakFile PathHashIndexSize=101
[2022.02.25-01.08.24:323][  0]LogPakFile: PakFile FullDirectoryIndexSize=148
[2022.02.25-01.08.24:323][  0]LogShaderLibrary: Display: ShaderCodeLibraryPakFileMountedCallback: PakFile 'C:/Program Files/Epic Games/UE_4.27/FeaturePacks/TP_ThirdPerson.upack' (chunk index -1, root 'root:/') mounted
[2022.02.25-01.08.24:323][  0]LogShaderLibrary: Display: ShaderCodeLibraryPakFileMountedCallback: pending pak file info (ChunkID:-1 Root:root:/ File:C:/Program Files/Epic Games/UE_4.27/FeaturePacks/TP_ThirdPerson.upack)
[2022.02.25-01.08.24:323][  0]LogPakFile: OnPakFileMounted2Time == 0.000035
[2022.02.25-01.08.24:324][  0]LogPakFile: PakFile PrimaryIndexSize=189
[2022.02.25-01.08.24:324][  0]LogPakFile: PakFile PathHashIndexSize=101
[2022.02.25-01.08.24:324][  0]LogPakFile: PakFile FullDirectoryIndexSize=152
[2022.02.25-01.08.24:324][  0]LogShaderLibrary: Display: ShaderCodeLibraryPakFileMountedCallback: PakFile 'C:/Program Files/Epic Games/UE_4.27/FeaturePacks/TP_ThirdPersonBP.upack' (chunk index -1, root 'root:/') mounted
[2022.02.25-01.08.24:324][  0]LogShaderLibrary: Display: ShaderCodeLibraryPakFileMountedCallback: pending pak file info (ChunkID:-1 Root:root:/ File:C:/Program Files/Epic Games/UE_4.27/FeaturePacks/TP_ThirdPersonBP.upack)
[2022.02.25-01.08.24:324][  0]LogPakFile: OnPakFileMounted2Time == 0.000031
[2022.02.25-01.08.24:324][  0]LogPakFile: PakFile PrimaryIndexSize=183
[2022.02.25-01.08.24:324][  0]LogPakFile: PakFile PathHashIndexSize=101
[2022.02.25-01.08.24:324][  0]LogPakFile: PakFile FullDirectoryIndexSize=140
[2022.02.25-01.08.24:324][  0]LogShaderLibrary: Display: ShaderCodeLibraryPakFileMountedCallback: PakFile 'C:/Program Files/Epic Games/UE_4.27/FeaturePacks/TP_TopDown.upack' (chunk index -1, root 'root:/') mounted
[2022.02.25-01.08.24:324][  0]LogShaderLibrary: Display: ShaderCodeLibraryPakFileMountedCallback: pending pak file info (ChunkID:-1 Root:root:/ File:C:/Program Files/Epic Games/UE_4.27/FeaturePacks/TP_TopDown.upack)
[2022.02.25-01.08.24:324][  0]LogPakFile: OnPakFileMounted2Time == 0.000037
[2022.02.25-01.08.24:325][  0]LogPakFile: PakFile PrimaryIndexSize=185
[2022.02.25-01.08.24:325][  0]LogPakFile: PakFile PathHashIndexSize=101
[2022.02.25-01.08.24:325][  0]LogPakFile: PakFile FullDirectoryIndexSize=144
[2022.02.25-01.08.24:325][  0]LogShaderLibrary: Display: ShaderCodeLibraryPakFileMountedCallback: PakFile 'C:/Program Files/Epic Games/UE_4.27/FeaturePacks/TP_TopDownBP.upack' (chunk index -1, root 'root:/') mounted
[2022.02.25-01.08.24:325][  0]LogShaderLibrary: Display: ShaderCodeLibraryPakFileMountedCallback: pending pak file info (ChunkID:-1 Root:root:/ File:C:/Program Files/Epic Games/UE_4.27/FeaturePacks/TP_TopDownBP.upack)
[2022.02.25-01.08.24:325][  0]LogPakFile: OnPakFileMounted2Time == 0.000031
[2022.02.25-01.08.24:325][  0]LogPakFile: PakFile PrimaryIndexSize=185
[2022.02.25-01.08.24:325][  0]LogPakFile: PakFile PathHashIndexSize=101
[2022.02.25-01.08.24:325][  0]LogPakFile: PakFile FullDirectoryIndexSize=144
[2022.02.25-01.08.24:325][  0]LogShaderLibrary: Display: ShaderCodeLibraryPakFileMountedCallback: PakFile 'C:/Program Files/Epic Games/UE_4.27/FeaturePacks/TP_TwinStick.upack' (chunk index -1, root 'root:/') mounted
[2022.02.25-01.08.24:325][  0]LogShaderLibrary: Display: ShaderCodeLibraryPakFileMountedCallback: pending pak file info (ChunkID:-1 Root:root:/ File:C:/Program Files/Epic Games/UE_4.27/FeaturePacks/TP_TwinStick.upack)
[2022.02.25-01.08.24:325][  0]LogPakFile: OnPakFileMounted2Time == 0.000030
[2022.02.25-01.08.24:326][  0]LogPakFile: PakFile PrimaryIndexSize=187
[2022.02.25-01.08.24:326][  0]LogPakFile: PakFile PathHashIndexSize=101
[2022.02.25-01.08.24:326][  0]LogPakFile: PakFile FullDirectoryIndexSize=148
[2022.02.25-01.08.24:326][  0]LogShaderLibrary: Display: ShaderCodeLibraryPakFileMountedCallback: PakFile 'C:/Program Files/Epic Games/UE_4.27/FeaturePacks/TP_TwinStickBP.upack' (chunk index -1, root 'root:/') mounted
[2022.02.25-01.08.24:326][  0]LogShaderLibrary: Display: ShaderCodeLibraryPakFileMountedCallback: pending pak file info (ChunkID:-1 Root:root:/ File:C:/Program Files/Epic Games/UE_4.27/FeaturePacks/TP_TwinStickBP.upack)
[2022.02.25-01.08.24:326][  0]LogPakFile: OnPakFileMounted2Time == 0.000031
[2022.02.25-01.08.24:326][  0]LogPakFile: PakFile PrimaryIndexSize=183
[2022.02.25-01.08.24:326][  0]LogPakFile: PakFile PathHashIndexSize=101
[2022.02.25-01.08.24:326][  0]LogPakFile: PakFile FullDirectoryIndexSize=140
[2022.02.25-01.08.24:326][  0]LogShaderLibrary: Display: ShaderCodeLibraryPakFileMountedCallback: PakFile 'C:/Program Files/Epic Games/UE_4.27/FeaturePacks/TP_Vehicle.upack' (chunk index -1, root 'root:/') mounted
[2022.02.25-01.08.24:326][  0]LogShaderLibrary: Display: ShaderCodeLibraryPakFileMountedCallback: pending pak file info (ChunkID:-1 Root:root:/ File:C:/Program Files/Epic Games/UE_4.27/FeaturePacks/TP_Vehicle.upack)
[2022.02.25-01.08.24:326][  0]LogPakFile: OnPakFileMounted2Time == 0.000030
[2022.02.25-01.08.24:327][  0]LogPakFile: PakFile PrimaryIndexSize=186
[2022.02.25-01.08.24:327][  0]LogPakFile: PakFile PathHashIndexSize=101
[2022.02.25-01.08.24:327][  0]LogPakFile: PakFile FullDirectoryIndexSize=146
[2022.02.25-01.08.24:327][  0]LogShaderLibrary: Display: ShaderCodeLibraryPakFileMountedCallback: PakFile 'C:/Program Files/Epic Games/UE_4.27/FeaturePacks/TP_VehicleAdv.upack' (chunk index -1, root 'root:/') mounted
[2022.02.25-01.08.24:327][  0]LogShaderLibrary: Display: ShaderCodeLibraryPakFileMountedCallback: pending pak file info (ChunkID:-1 Root:root:/ File:C:/Program Files/Epic Games/UE_4.27/FeaturePacks/TP_VehicleAdv.upack)
[2022.02.25-01.08.24:327][  0]LogPakFile: OnPakFileMounted2Time == 0.000032
[2022.02.25-01.08.24:327][  0]LogPakFile: PakFile PrimaryIndexSize=188
[2022.02.25-01.08.24:327][  0]LogPakFile: PakFile PathHashIndexSize=101
[2022.02.25-01.08.24:327][  0]LogPakFile: PakFile FullDirectoryIndexSize=150
[2022.02.25-01.08.24:327][  0]LogShaderLibrary: Display: ShaderCodeLibraryPakFileMountedCallback: PakFile 'C:/Program Files/Epic Games/UE_4.27/FeaturePacks/TP_VehicleAdvBP.upack' (chunk index -1, root 'root:/') mounted
[2022.02.25-01.08.24:327][  0]LogShaderLibrary: Display: ShaderCodeLibraryPakFileMountedCallback: pending pak file info (ChunkID:-1 Root:root:/ File:C:/Program Files/Epic Games/UE_4.27/FeaturePacks/TP_VehicleAdvBP.upack)
[2022.02.25-01.08.24:327][  0]LogPakFile: OnPakFileMounted2Time == 0.000034
[2022.02.25-01.08.24:328][  0]LogPakFile: PakFile PrimaryIndexSize=185
[2022.02.25-01.08.24:328][  0]LogPakFile: PakFile PathHashIndexSize=101
[2022.02.25-01.08.24:328][  0]LogPakFile: PakFile FullDirectoryIndexSize=144
[2022.02.25-01.08.24:328][  0]LogShaderLibrary: Display: ShaderCodeLibraryPakFileMountedCallback: PakFile 'C:/Program Files/Epic Games/UE_4.27/FeaturePacks/TP_VehicleBP.upack' (chunk index -1, root 'root:/') mounted
[2022.02.25-01.08.24:328][  0]LogShaderLibrary: Display: ShaderCodeLibraryPakFileMountedCallback: pending pak file info (ChunkID:-1 Root:root:/ File:C:/Program Files/Epic Games/UE_4.27/FeaturePacks/TP_VehicleBP.upack)
[2022.02.25-01.08.24:328][  0]LogPakFile: OnPakFileMounted2Time == 0.000034
[2022.02.25-01.08.24:328][  0]LogPakFile: PakFile PrimaryIndexSize=192
[2022.02.25-01.08.24:328][  0]LogPakFile: PakFile PathHashIndexSize=101
[2022.02.25-01.08.24:328][  0]LogPakFile: PakFile FullDirectoryIndexSize=158
[2022.02.25-01.08.24:328][  0]LogShaderLibrary: Display: ShaderCodeLibraryPakFileMountedCallback: PakFile 'C:/Program Files/Epic Games/UE_4.27/FeaturePacks/TP_VirtualRealityBP.upack' (chunk index -1, root 'root:/') mounted
[2022.02.25-01.08.24:328][  0]LogShaderLibrary: Display: ShaderCodeLibraryPakFileMountedCallback: pending pak file info (ChunkID:-1 Root:root:/ File:C:/Program Files/Epic Games/UE_4.27/FeaturePacks/TP_VirtualRealityBP.upack)
[2022.02.25-01.08.24:328][  0]LogPakFile: OnPakFileMounted2Time == 0.000031
[2022.02.25-01.08.24:388][  0]LogNativeClassHierarchy: Verbose: Native class hierarchy updated for 'AddContentDialog' in 0.0003 seconds. Added 0 classes and 0 folders.
[2022.02.25-01.08.24:431][  0]LogSlate: Took 0.000185 seconds to synchronously load lazily loaded font '../../../Engine/Content/Slate/Fonts/Roboto-Regular.ttf' (155K)
[2022.02.25-01.08.24:432][  0]LogSlate: Took 0.000142 seconds to synchronously load lazily loaded font '../../../Engine/Content/Editor/Slate/Fonts/FontAwesome.ttf' (139K)
[2022.02.25-01.08.24:434][  0]LogSlate: Took 0.000138 seconds to synchronously load lazily loaded font '../../../Engine/Content/Slate/Fonts/Roboto-Bold.ttf' (160K)
[2022.02.25-01.08.24:512][  0]LogRenderer: Reallocating scene render targets to support 1288x620 Format 10 NumSamples 1 (Frame:1).
[2022.02.25-01.08.24:646][  0]LogNativeClassHierarchy: Verbose: Native class hierarchy updated for 'HierarchicalLODOutliner' in 0.0003 seconds. Added 0 classes and 0 folders.
[2022.02.25-01.08.24:646][  0]LogInput: Warning: Action Jump uses invalid key OculusGo_Left_Trigger_Click.
[2022.02.25-01.08.24:646][  0]LogInput: Warning: Action ResetVR uses invalid key OculusGo_Left_Trackpad_Click.
[2022.02.25-01.08.24:646][  0]LogInput: Warning: Use -RemoveInvalidKeys to remove instances of these keys from the action mapping.
[2022.02.25-01.08.24:646][  0]LogLoad: (Engine Initialization) Total time: 12.86 seconds
[2022.02.25-01.08.24:646][  0]LogLoad: (Engine Initialization) Total Blueprint compile time: 0.00 seconds
[2022.02.25-01.08.24:693][  0]LogAssetRegistry: Asset discovery search completed in 7.9922 seconds
[2022.02.25-01.08.24:698][  0]LogCollectionManager: Fixed up redirectors for 0 collections in 0.000004 seconds (updated 0 objects)
[2022.02.25-01.08.24:698][  0]LogDirectoryWatcher: Display: A directory notification failed for 'Z:/IGMProfile/Documents/GitHub/IGME797/InClass20220210/Content/' because it was empty or there was a buffer overflow. Attemping another request...
[2022.02.25-01.08.24:698][  0]LogDirectoryWatcher: Display: A directory notification failed, and we were unable to create a new request. GetLastError code [87] Handle [000000000000106C], Path [Z:/IGMProfile/Documents/GitHub/IGME797/InClass20220210/Content/] 
[2022.02.25-01.08.24:699][  0]LogDirectoryWatcher: Display: A directory notification failed for 'Z:/IGMProfile/Documents/GitHub/IGME797/InClass20220210/Saved/Collections/' because it was empty or there was a buffer overflow. Attemping another request...
[2022.02.25-01.08.24:699][  0]LogDirectoryWatcher: Display: A directory notification failed for 'Z:/IGMProfile/Documents/GitHub/IGME797/InClass20220210/Content/Developers/kft3635/Collections/' because it was empty or there was a buffer overflow. Attemping another request...
[2022.02.25-01.08.24:699][  0]LogDirectoryWatcher: Display: A directory notification failed for 'Z:/IGMProfile/Documents/GitHub/IGME797/InClass20220210/Content/Collections/' because it was empty or there was a buffer overflow. Attemping another request...
[2022.02.25-01.08.24:699][  0]LogDirectoryWatcher: Display: A directory notification failed for 'Z:/IGMProfile/Documents/GitHub/IGME797/InClass20220210/Saved/Collections/' because it was empty or there was a buffer overflow. Attemping another request...
[2022.02.25-01.08.24:699][  0]LogDirectoryWatcher: Display: A directory notification failed, and we were unable to create a new request. GetLastError code [87] Handle [000000000000164C], Path [Z:/IGMProfile/Documents/GitHub/IGME797/InClass20220210/Saved/Collections/] 
[2022.02.25-01.08.24:700][  0]LogDirectoryWatcher: Display: A directory notification failed for 'Z:/IGMProfile/Documents/GitHub/IGME797/InClass20220210/Content/Developers/kft3635/Collections/' because it was empty or there was a buffer overflow. Attemping another request...
[2022.02.25-01.08.24:700][  0]LogDirectoryWatcher: Display: A directory notification failed, and we were unable to create a new request. GetLastError code [87] Handle [0000000000001654], Path [Z:/IGMProfile/Documents/GitHub/IGME797/InClass20220210/Content/Developers/kft3635/Collections/] 
[2022.02.25-01.08.24:700][  0]LogDirectoryWatcher: Display: A directory notification failed for 'Z:/IGMProfile/Documents/GitHub/IGME797/InClass20220210/Content/Collections/' because it was empty or there was a buffer overflow. Attemping another request...
[2022.02.25-01.08.24:700][  0]LogDirectoryWatcher: Display: A directory notification failed, and we were unable to create a new request. GetLastError code [87] Handle [000000000000165C], Path [Z:/IGMProfile/Documents/GitHub/IGME797/InClass20220210/Content/Collections/] 
[2022.02.25-01.08.24:702][  0]LogContentStreaming: Texture pool size now 1000 MB
